#
# There is insufficient memory for the Java Runtime Environment to continue.
# Native memory allocation (malloc) failed to allocate 647536 bytes for Chunk::new
# Possible reasons:
#   The system is out of physical RAM or swap space
#   In 32 bit mode, the process size limit was hit
# Possible solutions:
#   Reduce memory load on the system
#   Increase physical memory or swap space
#   Check if swap backing store is full
#   Use 64 bit Java on a 64 bit OS
#   Decrease Java heap size (-Xmx/-Xms)
#   Decrease number of Java threads
#   Decrease Java thread stack sizes (-Xss)
#   Set larger code cache with -XX:ReservedCodeCacheSize=
# This output file may be truncated or incomplete.
#
#  Out of Memory Error (allocation.cpp:390), pid=5940, tid=0x000000000000294c
#
# JRE version: Java(TM) SE Runtime Environment (8.0_92-b14) (build 1.8.0_92-b14)
# Java VM: Java HotSpot(TM) 64-Bit Server VM (25.92-b14 mixed mode windows-amd64 compressed oops)
# Failed to write core dump. Minidumps are not enabled by default on client versions of Windows
#

---------------  T H R E A D  ---------------

Current thread (0x0000000014899000):  JavaThread "C2 CompilerThread1" daemon [_thread_in_native, id=10572, stack(0x0000000016000000,0x0000000016100000)]

Stack: [0x0000000016000000,0x0000000016100000]
[error occurred during error reporting (printing stack bounds), id 0xc0000005]

Native frames: (J=compiled Java code, j=interpreted, Vv=VM code, C=native code)


Current CompileTask:
C2:   4680 1485       4       com.android.dx.ssa.LocalVariableExtractor::processBlock (383 bytes)


---------------  P R O C E S S  ---------------

Java Threads: ( => current thread )
  0x000000001641b000 JavaThread "pool-2-thread-4" [_thread_in_Java, id=6052, stack(0x0000000016c00000,0x0000000016d00000)]
  0x000000001640e800 JavaThread "pool-2-thread-3" [_thread_blocked, id=7824, stack(0x0000000016b00000,0x0000000016c00000)]
  0x0000000016470000 JavaThread "pool-2-thread-2" [_thread_blocked, id=6896, stack(0x0000000016a00000,0x0000000016b00000)]
  0x00000000163a9000 JavaThread "pool-3-thread-1" [_thread_blocked, id=6928, stack(0x0000000016900000,0x0000000016a00000)]
  0x00000000163a8000 JavaThread "pool-2-thread-1" [_thread_in_Java, id=6284, stack(0x0000000016800000,0x0000000016900000)]
  0x0000000016107000 JavaThread "Service Thread" daemon [_thread_blocked, id=5628, stack(0x0000000016600000,0x0000000016700000)]
  0x00000000148ec800 JavaThread "C1 CompilerThread2" daemon [_thread_in_native, id=9440, stack(0x0000000016500000,0x0000000016600000)]
=>0x0000000014899000 JavaThread "C2 CompilerThread1" daemon [_thread_in_native, id=10572, stack(0x0000000016000000,0x0000000016100000)]
  0x000000001488d800 JavaThread "C2 CompilerThread0" daemon [_thread_in_native, id=5712, stack(0x0000000015f00000,0x0000000016000000)]
  0x000000001488b800 JavaThread "Attach Listener" daemon [_thread_blocked, id=8364, stack(0x0000000015e00000,0x0000000015f00000)]
  0x000000001488a000 JavaThread "Signal Dispatcher" daemon [_thread_blocked, id=4076, stack(0x0000000015d00000,0x0000000015e00000)]
  0x000000001487a800 JavaThread "Finalizer" daemon [_thread_blocked, id=6508, stack(0x0000000015af0000,0x0000000015bf0000)]
  0x0000000014859000 JavaThread "Reference Handler" daemon [_thread_blocked, id=10036, stack(0x00000000159f0000,0x0000000015af0000)]
  0x00000000007ed800 JavaThread "main" [_thread_in_vm, id=7376, stack(0x0000000001fc0000,0x00000000020c0000)]

Other Threads:
  0x0000000014857800 VMThread [stack: 0x00000000158f0000,0x00000000159f0000] [id=5076]
  0x000000001611b000 WatcherThread [stack: 0x0000000016700000,0x0000000016800000] [id=2380]

VM state:not at safepoint (normal execution)

VM Mutex/Monitor currently owned by a thread: None

Heap:
 PSYoungGen      total 38400K, used 23287K [0x00000000eab00000, 0x00000000ef600000, 0x0000000100000000)
  eden space 33280K, 54% used [0x00000000eab00000,0x00000000ebcc5a00,0x00000000ecb80000)
  from space 5120K, 99% used [0x00000000ecb80000,0x00000000ed0783f8,0x00000000ed080000)
  to   space 5120K, 0% used [0x00000000ef100000,0x00000000ef100000,0x00000000ef600000)
 ParOldGen       total 87552K, used 985K [0x00000000c0000000, 0x00000000c5580000, 0x00000000eab00000)
  object space 87552K, 1% used [0x00000000c0000000,0x00000000c00f67b0,0x00000000c5580000)
 Metaspace       used 6074K, capacity 7088K, committed 7296K, reserved 1056768K
  class space    used 591K, capacity 616K, committed 640K, reserved 1048576K

Card table byte_map: [0x0000000011580000,0x0000000011790000] byte_map_base: 0x0000000010f80000

Marking Bits: (ParMarkBitMap*) 0x000000006a2f64f0
 Begin Bits: [0x0000000011cf0000, 0x0000000012cf0000)
 End Bits:   [0x0000000012cf0000, 0x0000000013cf0000)

Polling page: 0x00000000007d0000

CodeCache: size=245760Kb used=6171Kb max_used=6171Kb free=239588Kb
 bounds [0x00000000021c0000, 0x00000000027d0000, 0x00000000111c0000]
 total_blobs=1760 nmethods=1497 adapters=176
 compilation: enabled

Compilation events (10 events):
Event: 4.677 Thread 0x00000000148ec800 1498       1       com.android.dx.cf.attrib.AttConstantValue::byteLength (3 bytes)
Event: 4.677 Thread 0x00000000148ec800 nmethod 1498 0x00000000027b8550 code [0x00000000027b86a0, 0x00000000027b87b0]
Event: 4.677 Thread 0x00000000148ec800 1499       3       com.android.dx.cf.direct.FieldListParser::set (30 bytes)
Event: 4.677 Thread 0x00000000148ec800 nmethod 1499 0x00000000027bef10 code [0x00000000027bf100, 0x00000000027bfb98]
Event: 4.678 Thread 0x00000000148ec800 1501       1       com.android.dx.cf.attrib.AttConstantValue::getConstantValue (5 bytes)
Event: 4.678 Thread 0x00000000148ec800 nmethod 1501 0x00000000027b8290 code [0x00000000027b83e0, 0x00000000027b84f0]
Event: 4.678 Thread 0x00000000148ec800 1502       3       com.android.dx.rop.cst.CstFieldRef::<init> (7 bytes)
Event: 4.678 Thread 0x00000000148ec800 nmethod 1502 0x00000000027b5650 code [0x00000000027b57c0, 0x00000000027b5948]
Event: 4.678 Thread 0x00000000148ec800 1503       3       com.android.dx.cf.iface.StdFieldList::get (9 bytes)
Event: 4.678 Thread 0x00000000148ec800 nmethod 1503 0x00000000027b5110 code [0x00000000027b5280, 0x00000000027b5588]

GC Heap History (2 events):
Event: 3.922 GC heap before
{Heap before GC invocations=1 (full 0):
 PSYoungGen      total 38400K, used 33280K [0x00000000eab00000, 0x00000000ed580000, 0x0000000100000000)
  eden space 33280K, 100% used [0x00000000eab00000,0x00000000ecb80000,0x00000000ecb80000)
  from space 5120K, 0% used [0x00000000ed080000,0x00000000ed080000,0x00000000ed580000)
  to   space 5120K, 0% used [0x00000000ecb80000,0x00000000ecb80000,0x00000000ed080000)
 ParOldGen       total 87552K, used 780K [0x00000000c0000000, 0x00000000c5580000, 0x00000000eab00000)
  object space 87552K, 0% used [0x00000000c0000000,0x00000000c00c3268,0x00000000c5580000)
 Metaspace       used 5961K, capacity 6960K, committed 7040K, reserved 1056768K
  class space    used 591K, capacity 616K, committed 640K, reserved 1048576K
Event: 4.039 GC heap after
Heap after GC invocations=1 (full 0):
 PSYoungGen      total 38400K, used 5088K [0x00000000eab00000, 0x00000000ef600000, 0x0000000100000000)
  eden space 33280K, 0% used [0x00000000eab00000,0x00000000eab00000,0x00000000ecb80000)
  from space 5120K, 99% used [0x00000000ecb80000,0x00000000ed0783f8,0x00000000ed080000)
  to   space 5120K, 0% used [0x00000000ef100000,0x00000000ef100000,0x00000000ef600000)
 ParOldGen       total 87552K, used 985K [0x00000000c0000000, 0x00000000c5580000, 0x00000000eab00000)
  object space 87552K, 1% used [0x00000000c0000000,0x00000000c00f67b0,0x00000000c5580000)
 Metaspace       used 5961K, capacity 6960K, committed 7040K, reserved 1056768K
  class space    used 591K, capacity 616K, committed 640K, reserved 1048576K
}

Deoptimization events (10 events):
Event: 3.461 Thread 0x0000000016470000 Uncommon trap: reason=unstable_if action=reinterpret pc=0x000000000266bb20 method=com.android.dx.rop.code.RegisterSpecSet.put(Lcom/android/dx/rop/code/RegisterSpec;)V @ 77
Event: 3.600 Thread 0x000000001640e800 Uncommon trap: reason=class_check action=maybe_recompile pc=0x00000000025e36f8 method=com.android.dx.rop.type.Type.equals(Ljava/lang/Object;)Z @ 8
Event: 3.600 Thread 0x000000001640e800 Uncommon trap: reason=unstable_if action=reinterpret pc=0x000000000258fbf4 method=com.android.dx.rop.code.RegisterSpec.equals(ILcom/android/dx/rop/type/TypeBearer;Lcom/android/dx/rop/code/LocalItem;)Z @ 16
Event: 3.600 Thread 0x000000001640e800 Uncommon trap: reason=class_check action=maybe_recompile pc=0x00000000025e36f8 method=com.android.dx.rop.type.Type.equals(Ljava/lang/Object;)Z @ 8
Event: 3.600 Thread 0x000000001640e800 Uncommon trap: reason=class_check action=maybe_recompile pc=0x00000000025e36f8 method=com.android.dx.rop.type.Type.equals(Ljava/lang/Object;)Z @ 8
Event: 3.600 Thread 0x000000001640e800 Uncommon trap: reason=class_check action=maybe_recompile pc=0x00000000025e36f8 method=com.android.dx.rop.type.Type.equals(Ljava/lang/Object;)Z @ 8
Event: 3.634 Thread 0x000000001641b000 Uncommon trap: reason=unstable_if action=reinterpret pc=0x0000000002659c30 method=java.util.HashMap.getNode(ILjava/lang/Object;)Ljava/util/HashMap$Node; @ 129
Event: 3.635 Thread 0x000000001641b000 Uncommon trap: reason=unstable_if action=reinterpret pc=0x000000000254afdc method=com.android.dx.rop.cst.Constant.compareTo(Lcom/android/dx/rop/cst/Constant;)I @ 12
Event: 3.662 Thread 0x00000000163a8000 Uncommon trap: reason=unstable_if action=reinterpret pc=0x000000000265ac9c method=com.android.dx.ssa.SsaMethod.updateOneDefinition(Lcom/android/dx/ssa/SsaInsn;Lcom/android/dx/rop/code/RegisterSpec;)V @ 4
Event: 4.678 Thread 0x000000001641b000 Uncommon trap: reason=unstable_if action=reinterpret pc=0x0000000002760164 method=com.android.dx.cf.code.BytecodeArray.parseInstruction(ILcom/android/dx/cf/code/BytecodeArray$Visitor;)I @ 1198

Internal exceptions (2 events):
Event: 0.629 Thread 0x00000000007ed800 Exception <a 'java/lang/NoSuchMethodError': Method sun.misc.Unsafe.defineClass(Ljava/lang/String;[BII)Ljava/lang/Class; name or signature does not match> (0x00000000eab07cc0) thrown at [D:\re\workspace\8-2-build-windows-amd64-cygwin\jdk8u92\6642\hotspot\sr'eb·¿!‰?
Event: 0.629 Thread 0x00000000007ed800 Exception <a 'java/lang/NoSuchMethodError': Method sun.misc.Unsafe.prefetchRead(Ljava/lang/Object;J)V name or signature does not match> (0x00000000eab07fa8) thrown at [D:\re\workspace\8-2-build-windows-amd64-cygwin\jdk8u92\6642\hotspot\src\share\vm\prims\j

Events (10 events):
Event: 3.709 loading class java/util/TreeMap$EntryIterator done
Event: 3.709 Executing VM operation: Deoptimize
Event: 3.710 Executing VM operation: Deoptimize done
Event: 3.710 Executing VM operation: ParallelGCFailedAllocation
Event: 3.710 Executing VM operation: ParallelGCFailedAllocation done
Event: 3.789 Executing VM operation: ParallelGCSystemGC
Event: 4.039 Executing VM operation: ParallelGCSystemGC done
Event: 4.678 Thread 0x000000001641b000 Uncommon trap: trap_request=0xffffff65 fr.pc=0x0000000002760164
Event: 4.678 Thread 0x000000001641b000 DEOPT PACKING pc=0x0000000002760164 sp=0x0000000016cfe8a0
Event: 4.678 Thread 0x000000001641b000 DEOPT UNPACKING pc=0x000000000220582a sp=0x0000000016cfe838 mode 2


Dynamic libraries:
0x00007ff684d40000 - 0x00007ff684d77000 	C:\Program Files\Java\jdk1.8.0_92\bin\java.exe
0x00007ffcdb7e0000 - 0x00007ffcdb98d000 	C:\Windows\SYSTEM32\ntdll.dll
0x00007ffcdb4d0000 - 0x00007ffcdb60e000 	C:\Windows\system32\KERNEL32.DLL
0x00007ffcd8b60000 - 0x00007ffcd8c75000 	C:\Windows\system32\KERNELBASE.dll
0x00007ffcd74c0000 - 0x00007ffcd754e000 	C:\Windows\system32\apphelp.dll
0x00007ffca76d0000 - 0x00007ffca7723000 	C:\Windows\AppPatch\AppPatch64\AcGenral.DLL
0x00007ffcdb730000 - 0x00007ffcdb7da000 	C:\Windows\system32\msvcrt.dll
0x00007ffcd8b30000 - 0x00007ffcd8b5e000 	C:\Windows\system32\SspiCli.dll
0x00007ffcdb6d0000 - 0x00007ffcdb724000 	C:\Windows\system32\SHLWAPI.dll
0x00007ffcd9570000 - 0x00007ffcd96e7000 	C:\Windows\system32\USER32.dll
0x00007ffcd9750000 - 0x00007ffcd98e4000 	C:\Windows\system32\ole32.dll
0x00007ffcd9a10000 - 0x00007ffcdaf38000 	C:\Windows\system32\SHELL32.dll
0x00007ffcd7ec0000 - 0x00007ffcd7ee1000 	C:\Windows\SYSTEM32\USERENV.dll
0x00007ffcd98f0000 - 0x00007ffcd999a000 	C:\Windows\system32\ADVAPI32.dll
0x00007ffcd5b90000 - 0x00007ffcd5bae000 	C:\Windows\SYSTEM32\MPR.dll
0x00007ffcdb390000 - 0x00007ffcdb4d0000 	C:\Windows\system32\RPCRT4.dll
0x00007ffcd96f0000 - 0x00007ffcd9749000 	C:\Windows\SYSTEM32\sechost.dll
0x00007ffcdb150000 - 0x00007ffcdb362000 	C:\Windows\SYSTEM32\combase.dll
0x00007ffcdb000000 - 0x00007ffcdb14f000 	C:\Windows\system32\GDI32.dll
0x00007ffcd8900000 - 0x00007ffcd8915000 	C:\Windows\SYSTEM32\profapi.dll
0x00007ffcd6cd0000 - 0x00007ffcd6d82000 	C:\Windows\SYSTEM32\SHCORE.dll
0x00007ffcd9180000 - 0x00007ffcd91b6000 	C:\Windows\system32\IMM32.DLL
0x00007ffcd8e60000 - 0x00007ffcd8fb2000 	C:\Windows\system32\MSCTF.dll
0x00007ffcd6610000 - 0x00007ffcd688b000 	C:\Windows\WinSxS\amd64_microsoft.windows.common-controls_6595b64144ccf1df_6.0.9600.18006_none_623f33d3ecbe86e8\COMCTL32.dll
0x000000006a380000 - 0x000000006a452000 	C:\Program Files\Java\jdk1.8.0_92\jre\bin\msvcr100.dll
0x0000000069ae0000 - 0x000000006a376000 	C:\Program Files\Java\jdk1.8.0_92\jre\bin\server\jvm.dll
0x00007ffcce8c0000 - 0x00007ffcce8c9000 	C:\Windows\SYSTEM32\WSOCK32.dll
0x00007ffcd05b0000 - 0x00007ffcd05d2000 	C:\Windows\SYSTEM32\WINMM.dll
0x00007ffccf0f0000 - 0x00007ffccf0fa000 	C:\Windows\SYSTEM32\VERSION.dll
0x00007ffcd92a0000 - 0x00007ffcd92a7000 	C:\Windows\system32\PSAPI.DLL
0x00007ffcd9230000 - 0x00007ffcd928a000 	C:\Windows\system32\WS2_32.dll
0x00007ffcd0580000 - 0x00007ffcd05aa000 	C:\Windows\SYSTEM32\WINMMBASE.dll
0x00007ffcd9560000 - 0x00007ffcd9569000 	C:\Windows\system32\NSI.dll
0x00007ffcd8a80000 - 0x00007ffcd8acf000 	C:\Windows\SYSTEM32\cfgmgr32.dll
0x00007ffcd7720000 - 0x00007ffcd7748000 	C:\Windows\SYSTEM32\DEVOBJ.dll
0x0000000069ad0000 - 0x0000000069adf000 	C:\Program Files\Java\jdk1.8.0_92\jre\bin\verify.dll
0x0000000069aa0000 - 0x0000000069ac9000 	C:\Program Files\Java\jdk1.8.0_92\jre\bin\java.dll
0x0000000069a80000 - 0x0000000069a96000 	C:\Program Files\Java\jdk1.8.0_92\jre\bin\zip.dll

VM Arguments:
jvm_args: -Djava.awt.headless=true -Xmx1024M -Dfile.encoding=windows-1252 -Duser.country=DE -Duser.language=de -Duser.variant 
java_command: com.android.dx.command.Main --dex --force-jumbo --num-threads=4 --multi-dex --output D:\Projects\Me4d\app_repo\Data4All-1.3\app\build\intermediates\transforms\dex\debug\folders\1000\10\com.android.support-support-compat-26.0.0-alpha1_08bcc6a1b7a46fcd7db5a780878da24c7179e6b5 D:\Projects\Me4d\app_repo\Data4All-1.3\app\build\intermediates\exploded-aar\com.android.support\support-compat\26.0.0-alpha1\jars\classes.jar
java_class_path (initial): E:\android\sdk\build-tools\23.0.3\lib\dx.jar
Launcher Type: SUN_STANDARD

Environment Variables:
JAVA_HOME=C:\Program Files\Java\jdk1.8.0_92\
PATH=C:\Program Files (x86)\NVIDIA Corporation\PhysX\Common;C:\ProgramData\Oracle\Java\javapath;C:\Windows\system32;C:\Windows;C:\Windows\System32\Wbem;C:\Windows\System32\WindowsPowerShell\v1.0\;C:\Program Files (x86)\ATI Technologies\ATI.ACE\Core-Static;C:\Program Files\Intel\WiFi\bin\;C:\Program Files\Common Files\Intel\WirelessCommon\;C:\Program Files (x86)\nodejs\;C:\Program Files (x86)\GtkSharp\2.12\bin;C:\Program Files\Java\jdk1.8.0_92\bin;C:\Program Files (x86)\Java\jre7\bin;C:\Users\len\AppData\Local\Programs\Git\cmd;C:\Users\len\AppData\Roaming\npm;C:\adb;C:\Program Files\Git\cmd;E:\android\sdk\tools;E:\android\sdk\platform-tools\;C:\Program Files\Microsoft SQL Server\120\Tools\Binn\;C:\Program Files\Microsoft SQL Server\130\Tools\Binn\;%OPENCV_DIR%\bin;C:\Program Files\MiKTeX 2.9\miktex\bin\x64\;C:\Program Files (x86)\Skype\Phone\;C:\Program Files\TortoiseGit\bin;C:\Program Files\Java\jdk1.8.0_92\apache-maven-3.5.0\bin;C:\Program Files\Intel\WiFi\bin\;C:\Program Files\Common Files\Intel\WirelessCommon\;C:\Program Files (x86)\Java\jre7\bin;C:\Users\len\AppData\Local\Programs\Git\cmd;C:\Users\len\AppData\Roaming\npm;C:\Program Files\Java\jdk1.8.0_92\apache-maven-3.5.0\bin
USERNAME=len
OS=Windows_NT
PROCESSOR_IDENTIFIER=Intel64 Family 6 Model 61 Stepping 4, GenuineIntel



---------------  S Y S T E M  ---------------

OS: Windows 8.1 , 64 bit Build 9600 (6.3.9600.17415)

CPU:total 4 (2 cores per cpu, 2 threads per core) family 6 model 61 stepping 4, cmov, cx8, fxsr, mmx, sse, sse2, sse3, ssse3, sse4.1, sse4.2, popcnt, avx, avx2, aes, clmul, erms, 3dnowpref, lzcnt, ht, tsc, tscinvbit, bmi1, bmi2, adx

Memory: 4k page, physical 8306224k(779284k free), swap 11451952k(5344k free)

vm_info: Java HotSpot(TM) 64-Bit Server VM (25.92-b14) for windows-amd64 JRE (1.8.0_92-b14), built on Mar 31 2016 21:03:04 by "java_re" with MS VC++ 10.0 (VS2010)

time: Wed May 17 13:09:16 2017
elapsed time: 4 seconds (0d 0h 0m 4s)

