#
# There is insufficient memory for the Java Runtime Environment to continue.
# Native memory allocation (malloc) failed to allocate 707696 bytes for Chunk::new
# Possible reasons:
#   The system is out of physical RAM or swap space
#   In 32 bit mode, the process size limit was hit
# Possible solutions:
#   Reduce memory load on the system
#   Increase physical memory or swap space
#   Check if swap backing store is full
#   Use 64 bit Java on a 64 bit OS
#   Decrease Java heap size (-Xmx/-Xms)
#   Decrease number of Java threads
#   Decrease Java thread stack sizes (-Xss)
#   Set larger code cache with -XX:ReservedCodeCacheSize=
# This output file may be truncated or incomplete.
#
#  Out of Memory Error (allocation.cpp:390), pid=9108, tid=0x0000000000000ca0
#
# JRE version: Java(TM) SE Runtime Environment (8.0_92-b14) (build 1.8.0_92-b14)
# Java VM: Java HotSpot(TM) 64-Bit Server VM (25.92-b14 mixed mode windows-amd64 compressed oops)
# Failed to write core dump. Minidumps are not enabled by default on client versions of Windows
#

---------------  T H R E A D  ---------------

Current thread (0x0000000014d9d000):  JavaThread "C2 CompilerThread0" daemon [_thread_in_native, id=3232, stack(0x0000000016400000,0x0000000016500000)]

Stack: [0x0000000016400000,0x0000000016500000]
[error occurred during error reporting (printing stack bounds), id 0xc0000005]

Native frames: (J=compiled Java code, j=interpreted, Vv=VM code, C=native code)


Current CompileTask:
C2:   5173 1505       4       com.android.dx.rop.code.Rops::ropFor (771 bytes)


---------------  P R O C E S S  ---------------

Java Threads: ( => current thread )
  0x00000000169c1000 JavaThread "pool-2-thread-4" [_thread_blocked, id=8112, stack(0x0000000017100000,0x0000000017200000)]
  0x00000000169c0000 JavaThread "pool-2-thread-3" [_thread_blocked, id=10456, stack(0x0000000017000000,0x0000000017100000)]
  0x00000000169bf000 JavaThread "pool-2-thread-2" [_thread_blocked, id=10816, stack(0x0000000016f00000,0x0000000017000000)]
  0x00000000169bc000 JavaThread "pool-3-thread-1" [_thread_blocked, id=9668, stack(0x0000000016e00000,0x0000000016f00000)]
  0x0000000016985800 JavaThread "pool-2-thread-1" [_thread_in_vm, id=7024, stack(0x0000000016d00000,0x0000000016e00000)]
  0x0000000016706000 JavaThread "Service Thread" daemon [_thread_blocked, id=6456, stack(0x0000000016b00000,0x0000000016c00000)]
  0x0000000014df9800 JavaThread "C1 CompilerThread2" daemon [_thread_in_native, id=10132, stack(0x0000000016600000,0x0000000016700000)]
  0x0000000014df6800 JavaThread "C2 CompilerThread1" daemon [_thread_in_native, id=9120, stack(0x0000000016500000,0x0000000016600000)]
=>0x0000000014d9d000 JavaThread "C2 CompilerThread0" daemon [_thread_in_native, id=3232, stack(0x0000000016400000,0x0000000016500000)]
  0x0000000014d9b800 JavaThread "Attach Listener" daemon [_thread_blocked, id=6508, stack(0x0000000016300000,0x0000000016400000)]
  0x0000000014d9a000 JavaThread "Signal Dispatcher" daemon [_thread_blocked, id=2092, stack(0x0000000016200000,0x0000000016300000)]
  0x00000000026ca800 JavaThread "Finalizer" daemon [_thread_blocked, id=7028, stack(0x0000000015ff0000,0x00000000160f0000)]
  0x0000000014d69000 JavaThread "Reference Handler" daemon [_thread_blocked, id=9440, stack(0x0000000015ef0000,0x0000000015ff0000)]
  0x0000000000d3d800 JavaThread "main" [_thread_blocked, id=10124, stack(0x00000000024d0000,0x00000000025d0000)]

Other Threads:
  0x0000000014d67800 VMThread [stack: 0x0000000015df0000,0x0000000015ef0000] [id=10564]
  0x000000001670a000 WatcherThread [stack: 0x0000000016c00000,0x0000000016d00000] [id=7196]

VM state:not at safepoint (normal execution)

VM Mutex/Monitor currently owned by a thread: None

Heap:
 PSYoungGen      total 71680K, used 6112K [0x00000000eab00000, 0x00000000ef600000, 0x0000000100000000)
  eden space 66560K, 1% used [0x00000000eab00000,0x00000000eabf8920,0x00000000eec00000)
  from space 5120K, 99% used [0x00000000ef100000,0x00000000ef5ff8c8,0x00000000ef600000)
  to   space 5120K, 0% used [0x00000000eec00000,0x00000000eec00000,0x00000000ef100000)
 ParOldGen       total 87552K, used 5955K [0x00000000c0000000, 0x00000000c5580000, 0x00000000eab00000)
  object space 87552K, 6% used [0x00000000c0000000,0x00000000c05d0c30,0x00000000c5580000)
 Metaspace       used 6117K, capacity 7026K, committed 7296K, reserved 1056768K
  class space    used 593K, capacity 618K, committed 640K, reserved 1048576K

Card table byte_map: [0x0000000011a90000,0x0000000011ca0000] byte_map_base: 0x0000000011490000

Marking Bits: (ParMarkBitMap*) 0x000000006a2f64f0
 Begin Bits: [0x0000000012200000, 0x0000000013200000)
 End Bits:   [0x0000000013200000, 0x0000000014200000)

Polling page: 0x0000000000c50000

CodeCache: size=245760Kb used=6119Kb max_used=6119Kb free=239640Kb
 bounds [0x00000000026d0000, 0x0000000002ce0000, 0x00000000116d0000]
 total_blobs=1778 nmethods=1510 adapters=181
 compilation: enabled

Compilation events (10 events):
Event: 4.869 Thread 0x0000000014df9800 1516       1       com.android.dx.cf.direct.DirectClassFile$DcfTypeList::isMutable (2 bytes)
Event: 4.870 Thread 0x0000000014df9800 nmethod 1516 0x0000000002cc3650 code [0x0000000002cc37a0, 0x0000000002cc38b0]
Event: 4.870 Thread 0x0000000014df9800 1517       3       com.android.dx.command.dexer.Main::access$1400 (4 bytes)
Event: 4.870 Thread 0x0000000014df9800 nmethod 1517 0x0000000002cc6dd0 code [0x0000000002cc6f20, 0x0000000002cc7070]
Event: 4.870 Thread 0x0000000014df9800 1518       3       com.android.dx.cf.direct.DirectClassFile::getThisClass (9 bytes)
Event: 4.870 Thread 0x0000000014df9800 nmethod 1518 0x0000000002cc6950 code [0x0000000002cc6ac0, 0x0000000002cc6d08]
Event: 4.873 Thread 0x0000000014df9800 1519       3       com.android.dx.cf.code.ByteCatchList::set (21 bytes)
Event: 4.873 Thread 0x0000000014df9800 nmethod 1519 0x0000000002cc5850 code [0x0000000002cc5a40, 0x0000000002cc6338]
Event: 5.168 Thread 0x0000000014df9800 1521       3       com.android.dx.ssa.ConstCollector$2::map (28 bytes)
Event: 5.168 Thread 0x0000000014df9800 nmethod 1521 0x0000000002ccad50 code [0x0000000002ccaec0, 0x0000000002ccb2e8]

GC Heap History (4 events):
Event: 2.866 GC heap before
{Heap before GC invocations=1 (full 0):
 PSYoungGen      total 38400K, used 33280K [0x00000000eab00000, 0x00000000ed580000, 0x0000000100000000)
  eden space 33280K, 100% used [0x00000000eab00000,0x00000000ecb80000,0x00000000ecb80000)
  from space 5120K, 0% used [0x00000000ed080000,0x00000000ed080000,0x00000000ed580000)
  to   space 5120K, 0% used [0x00000000ecb80000,0x00000000ecb80000,0x00000000ed080000)
 ParOldGen       total 87552K, used 0K [0x00000000c0000000, 0x00000000c5580000, 0x00000000eab00000)
  object space 87552K, 0% used [0x00000000c0000000,0x00000000c0000000,0x00000000c5580000)
 Metaspace       used 5891K, capacity 6834K, committed 7040K, reserved 1056768K
  class space    used 592K, capacity 618K, committed 640K, reserved 1048576K
Event: 3.170 GC heap after
Heap after GC invocations=1 (full 0):
 PSYoungGen      total 38400K, used 5112K [0x00000000eab00000, 0x00000000ef600000, 0x0000000100000000)
  eden space 33280K, 0% used [0x00000000eab00000,0x00000000eab00000,0x00000000ecb80000)
  from space 5120K, 99% used [0x00000000ecb80000,0x00000000ed07e1e8,0x00000000ed080000)
  to   space 5120K, 0% used [0x00000000ef100000,0x00000000ef100000,0x00000000ef600000)
 ParOldGen       total 87552K, used 1229K [0x00000000c0000000, 0x00000000c5580000, 0x00000000eab00000)
  object space 87552K, 1% used [0x00000000c0000000,0x00000000c01335a0,0x00000000c5580000)
 Metaspace       used 5891K, capacity 6834K, committed 7040K, reserved 1056768K
  class space    used 592K, capacity 618K, committed 640K, reserved 1048576K
}
Event: 4.884 GC heap before
{Heap before GC invocations=2 (full 0):
 PSYoungGen      total 38400K, used 38392K [0x00000000eab00000, 0x00000000ef600000, 0x0000000100000000)
  eden space 33280K, 100% used [0x00000000eab00000,0x00000000ecb80000,0x00000000ecb80000)
  from space 5120K, 99% used [0x00000000ecb80000,0x00000000ed07e1e8,0x00000000ed080000)
  to   space 5120K, 0% used [0x00000000ef100000,0x00000000ef100000,0x00000000ef600000)
 ParOldGen       total 87552K, used 1229K [0x00000000c0000000, 0x00000000c5580000, 0x00000000eab00000)
  object space 87552K, 1% used [0x00000000c0000000,0x00000000c01335a0,0x00000000c5580000)
 Metaspace       used 6115K, capacity 7026K, committed 7296K, reserved 1056768K
  class space    used 593K, capacity 618K, committed 640K, reserved 1048576K
Event: 5.166 GC heap after
Heap after GC invocations=2 (full 0):
 PSYoungGen      total 71680K, used 5118K [0x00000000eab00000, 0x00000000ef600000, 0x0000000100000000)
  eden space 66560K, 0% used [0x00000000eab00000,0x00000000eab00000,0x00000000eec00000)
  from space 5120K, 99% used [0x00000000ef100000,0x00000000ef5ff8c8,0x00000000ef600000)
  to   space 5120K, 0% used [0x00000000eec00000,0x00000000eec00000,0x00000000ef100000)
 ParOldGen       total 87552K, used 5955K [0x00000000c0000000, 0x00000000c5580000, 0x00000000eab00000)
  object space 87552K, 6% used [0x00000000c0000000,0x00000000c05d0c30,0x00000000c5580000)
 Metaspace       used 6115K, capacity 7026K, committed 7296K, reserved 1056768K
  class space    used 593K, capacity 618K, committed 640K, reserved 1048576K
}

Deoptimization events (8 events):
Event: 1.798 Thread 0x00000000169bf000 Uncommon trap: reason=unstable_if action=reinterpret pc=0x00000000028eaaf4 method=java.util.BitSet.ensureCapacity(I)V @ 6
Event: 1.799 Thread 0x00000000169bf000 Uncommon trap: reason=unstable_if action=reinterpret pc=0x00000000028e9830 method=java.util.BitSet.nextSetBit(I)I @ 87
Event: 2.115 Thread 0x0000000000d3d800 Uncommon trap: reason=class_check action=maybe_recompile pc=0x0000000002913670 method=com.android.dx.ssa.NormalSsaInsn.accept(Lcom/android/dx/ssa/SsaInsn$Visitor;)V @ 9
Event: 2.115 Thread 0x0000000000d3d800 Uncommon trap: reason=class_check action=maybe_recompile pc=0x000000000291211c method=com.android.dx.ssa.NormalSsaInsn.accept(Lcom/android/dx/ssa/SsaInsn$Visitor;)V @ 9
Event: 2.115 Thread 0x0000000000d3d800 Uncommon trap: reason=class_check action=maybe_recompile pc=0x000000000291211c method=com.android.dx.ssa.NormalSsaInsn.accept(Lcom/android/dx/ssa/SsaInsn$Visitor;)V @ 9
Event: 2.115 Thread 0x0000000000d3d800 Uncommon trap: reason=class_check action=maybe_recompile pc=0x000000000291211c method=com.android.dx.ssa.NormalSsaInsn.accept(Lcom/android/dx/ssa/SsaInsn$Visitor;)V @ 9
Event: 2.116 Thread 0x0000000000d3d800 Uncommon trap: reason=class_check action=maybe_recompile pc=0x0000000002913670 method=com.android.dx.ssa.NormalSsaInsn.accept(Lcom/android/dx/ssa/SsaInsn$Visitor;)V @ 9
Event: 3.377 Thread 0x0000000016985800 Uncommon trap: reason=unstable_if action=reinterpret pc=0x0000000002a4ed3c method=com.android.dx.util.IntList.binarysearch(I)I @ 105

Internal exceptions (2 events):
Event: 0.093 Thread 0x0000000000d3d800 Exception <a 'java/lang/NoSuchMethodError': Method sun.misc.Unsafe.defineClass(Ljava/lang/String;[BII)Ljava/lang/Class; name or signature does not match> (0x00000000eab07cc0) thrown at [D:\re\workspace\8-2-build-windows-amd64-cygwin\jdk8u92\6642\hotspot\sr¹bÚ¤ð·?
Event: 0.094 Thread 0x0000000000d3d800 Exception <a 'java/lang/NoSuchMethodError': Method sun.misc.Unsafe.prefetchRead(Ljava/lang/Object;J)V name or signature does not match> (0x00000000eab07fa8) thrown at [D:\re\workspace\8-2-build-windows-amd64-cygwin\jdk8u92\6642\hotspot\src\share\vm\prims\j

Events (10 events):
Event: 3.377 Thread 0x0000000016985800 DEOPT PACKING pc=0x0000000002a4ed3c sp=0x0000000016dfe6f0
Event: 3.377 Thread 0x0000000016985800 DEOPT UNPACKING pc=0x000000000271582a sp=0x0000000016dfe668 mode 2
Event: 4.455 Executing VM operation: EnableBiasedLocking
Event: 4.455 Executing VM operation: EnableBiasedLocking done
Event: 4.729 loading class com/android/dx/rop/code/RegisterSpec$1
Event: 4.729 loading class com/android/dx/rop/code/RegisterSpec$1 done
Event: 4.786 Thread 0x0000000016985800 DEOPT PACKING pc=0x0000000002ab6fac sp=0x0000000016dfe720
Event: 4.786 Thread 0x0000000016985800 DEOPT UNPACKING pc=0x000000000271787f sp=0x0000000016dfe4a0 mode 0
Event: 4.884 Executing VM operation: ParallelGCFailedAllocation
Event: 5.166 Executing VM operation: ParallelGCFailedAllocation done


Dynamic libraries:
0x00007ff684d40000 - 0x00007ff684d77000 	C:\Program Files\Java\jdk1.8.0_92\bin\java.exe
0x00007ffcdb7e0000 - 0x00007ffcdb98d000 	C:\Windows\SYSTEM32\ntdll.dll
0x00007ffcdb4d0000 - 0x00007ffcdb60e000 	C:\Windows\system32\KERNEL32.DLL
0x00007ffcd8b60000 - 0x00007ffcd8c75000 	C:\Windows\system32\KERNELBASE.dll
0x00007ffcd74c0000 - 0x00007ffcd754e000 	C:\Windows\system32\apphelp.dll
0x00007ffca76d0000 - 0x00007ffca7723000 	C:\Windows\AppPatch\AppPatch64\AcGenral.DLL
0x00007ffcdb730000 - 0x00007ffcdb7da000 	C:\Windows\system32\msvcrt.dll
0x00007ffcd8b30000 - 0x00007ffcd8b5e000 	C:\Windows\system32\SspiCli.dll
0x00007ffcdb6d0000 - 0x00007ffcdb724000 	C:\Windows\system32\SHLWAPI.dll
0x00007ffcd9570000 - 0x00007ffcd96e7000 	C:\Windows\system32\USER32.dll
0x00007ffcd9750000 - 0x00007ffcd98e4000 	C:\Windows\system32\ole32.dll
0x00007ffcd9a10000 - 0x00007ffcdaf38000 	C:\Windows\system32\SHELL32.dll
0x00007ffcd7ec0000 - 0x00007ffcd7ee1000 	C:\Windows\SYSTEM32\USERENV.dll
0x00007ffcd98f0000 - 0x00007ffcd999a000 	C:\Windows\system32\ADVAPI32.dll
0x00007ffcd5b90000 - 0x00007ffcd5bae000 	C:\Windows\SYSTEM32\MPR.dll
0x00007ffcdb390000 - 0x00007ffcdb4d0000 	C:\Windows\system32\RPCRT4.dll
0x00007ffcd96f0000 - 0x00007ffcd9749000 	C:\Windows\SYSTEM32\sechost.dll
0x00007ffcdb150000 - 0x00007ffcdb362000 	C:\Windows\SYSTEM32\combase.dll
0x00007ffcdb000000 - 0x00007ffcdb14f000 	C:\Windows\system32\GDI32.dll
0x00007ffcd8900000 - 0x00007ffcd8915000 	C:\Windows\SYSTEM32\profapi.dll
0x00007ffcd6cd0000 - 0x00007ffcd6d82000 	C:\Windows\SYSTEM32\SHCORE.dll
0x00007ffcd9180000 - 0x00007ffcd91b6000 	C:\Windows\system32\IMM32.DLL
0x00007ffcd8e60000 - 0x00007ffcd8fb2000 	C:\Windows\system32\MSCTF.dll
0x00007ffcd6610000 - 0x00007ffcd688b000 	C:\Windows\WinSxS\amd64_microsoft.windows.common-controls_6595b64144ccf1df_6.0.9600.18006_none_623f33d3ecbe86e8\COMCTL32.dll
0x000000006a380000 - 0x000000006a452000 	C:\Program Files\Java\jdk1.8.0_92\jre\bin\msvcr100.dll
0x0000000069ae0000 - 0x000000006a376000 	C:\Program Files\Java\jdk1.8.0_92\jre\bin\server\jvm.dll
0x00007ffcce8c0000 - 0x00007ffcce8c9000 	C:\Windows\SYSTEM32\WSOCK32.dll
0x00007ffcd05b0000 - 0x00007ffcd05d2000 	C:\Windows\SYSTEM32\WINMM.dll
0x00007ffccf0f0000 - 0x00007ffccf0fa000 	C:\Windows\SYSTEM32\VERSION.dll
0x00007ffcd92a0000 - 0x00007ffcd92a7000 	C:\Windows\system32\PSAPI.DLL
0x00007ffcd9230000 - 0x00007ffcd928a000 	C:\Windows\system32\WS2_32.dll
0x00007ffcd0580000 - 0x00007ffcd05aa000 	C:\Windows\SYSTEM32\WINMMBASE.dll
0x00007ffcd9560000 - 0x00007ffcd9569000 	C:\Windows\system32\NSI.dll
0x00007ffcd8a80000 - 0x00007ffcd8acf000 	C:\Windows\SYSTEM32\cfgmgr32.dll
0x00007ffcd7720000 - 0x00007ffcd7748000 	C:\Windows\SYSTEM32\DEVOBJ.dll
0x0000000069ad0000 - 0x0000000069adf000 	C:\Program Files\Java\jdk1.8.0_92\jre\bin\verify.dll
0x0000000069aa0000 - 0x0000000069ac9000 	C:\Program Files\Java\jdk1.8.0_92\jre\bin\java.dll
0x0000000069a80000 - 0x0000000069a96000 	C:\Program Files\Java\jdk1.8.0_92\jre\bin\zip.dll

VM Arguments:
jvm_args: -Djava.awt.headless=true -Xmx1024M -Dfile.encoding=windows-1252 -Duser.country=DE -Duser.language=de -Duser.variant 
java_command: com.android.dx.command.Main --dex --force-jumbo --num-threads=4 --multi-dex --output D:\Projects\Me4d\app_repo\Data4All-1.3\app\build\intermediates\transforms\dex\debug\folders\1000\10\bcpkix-jdk15on-1.50_984e488a08b6adc514c9c924897ec86035116231 C:\Users\len\.gradle\caches\modules-2\files-2.1\org.bouncycastle\bcpkix-jdk15on\1.50\f82f869cbf31fdb3419487dd58f4189c33ec9acd\bcpkix-jdk15on-1.50.jar
java_class_path (initial): E:\android\sdk\build-tools\23.0.3\lib\dx.jar
Launcher Type: SUN_STANDARD

Environment Variables:
JAVA_HOME=C:\Program Files\Java\jdk1.8.0_92\
PATH=C:\Program Files (x86)\NVIDIA Corporation\PhysX\Common;C:\ProgramData\Oracle\Java\javapath;C:\Windows\system32;C:\Windows;C:\Windows\System32\Wbem;C:\Windows\System32\WindowsPowerShell\v1.0\;C:\Program Files (x86)\ATI Technologies\ATI.ACE\Core-Static;C:\Program Files\Intel\WiFi\bin\;C:\Program Files\Common Files\Intel\WirelessCommon\;C:\Program Files (x86)\nodejs\;C:\Program Files (x86)\GtkSharp\2.12\bin;C:\Program Files\Java\jdk1.8.0_92\bin;C:\Program Files (x86)\Java\jre7\bin;C:\Users\len\AppData\Local\Programs\Git\cmd;C:\Users\len\AppData\Roaming\npm;C:\adb;C:\Program Files\Git\cmd;E:\android\sdk\tools;E:\android\sdk\platform-tools\;C:\Program Files\Microsoft SQL Server\120\Tools\Binn\;C:\Program Files\Microsoft SQL Server\130\Tools\Binn\;%OPENCV_DIR%\bin;C:\Program Files\MiKTeX 2.9\miktex\bin\x64\;C:\Program Files (x86)\Skype\Phone\;C:\Program Files\TortoiseGit\bin;C:\Program Files\Java\jdk1.8.0_92\apache-maven-3.5.0\bin;C:\Program Files\Intel\WiFi\bin\;C:\Program Files\Common Files\Intel\WirelessCommon\;C:\Program Files (x86)\Java\jre7\bin;C:\Users\len\AppData\Local\Programs\Git\cmd;C:\Users\len\AppData\Roaming\npm;C:\Program Files\Java\jdk1.8.0_92\apache-maven-3.5.0\bin
USERNAME=len
OS=Windows_NT
PROCESSOR_IDENTIFIER=Intel64 Family 6 Model 61 Stepping 4, GenuineIntel



---------------  S Y S T E M  ---------------

OS: Windows 8.1 , 64 bit Build 9600 (6.3.9600.17415)

CPU:total 4 (2 cores per cpu, 2 threads per core) family 6 model 61 stepping 4, cmov, cx8, fxsr, mmx, sse, sse2, sse3, ssse3, sse4.1, sse4.2, popcnt, avx, avx2, aes, clmul, erms, 3dnowpref, lzcnt, ht, tsc, tscinvbit, bmi1, bmi2, adx

Memory: 4k page, physical 8306224k(1108620k free), swap 11451952k(5716k free)

vm_info: Java HotSpot(TM) 64-Bit Server VM (25.92-b14) for windows-amd64 JRE (1.8.0_92-b14), built on Mar 31 2016 21:03:04 by "java_re" with MS VC++ 10.0 (VS2010)

time: Wed May 17 13:07:47 2017
elapsed time: 5 seconds (0d 0h 0m 5s)

