#
# There is insufficient memory for the Java Runtime Environment to continue.
# Native memory allocation (malloc) failed to allocate 428816 bytes for Chunk::new
# Possible reasons:
#   The system is out of physical RAM or swap space
#   In 32 bit mode, the process size limit was hit
# Possible solutions:
#   Reduce memory load on the system
#   Increase physical memory or swap space
#   Check if swap backing store is full
#   Use 64 bit Java on a 64 bit OS
#   Decrease Java heap size (-Xmx/-Xms)
#   Decrease number of Java threads
#   Decrease Java thread stack sizes (-Xss)
#   Set larger code cache with -XX:ReservedCodeCacheSize=
# This output file may be truncated or incomplete.
#
#  Out of Memory Error (allocation.cpp:390), pid=972, tid=0x0000000000002194
#
# JRE version: Java(TM) SE Runtime Environment (8.0_92-b14) (build 1.8.0_92-b14)
# Java VM: Java HotSpot(TM) 64-Bit Server VM (25.92-b14 mixed mode windows-amd64 compressed oops)
# Failed to write core dump. Minidumps are not enabled by default on client versions of Windows
#

---------------  T H R E A D  ---------------

Current thread (0x00000000153f6800):  JavaThread "C2 CompilerThread1" daemon [_thread_in_native, id=8596, stack(0x0000000016b20000,0x0000000016c20000)]

Stack: [0x0000000016b20000,0x0000000016c20000]
[error occurred during error reporting (printing stack bounds), id 0xc0000005]

Native frames: (J=compiled Java code, j=interpreted, Vv=VM code, C=native code)


Current CompileTask:
C2:   5132 1484       4       com.android.dx.ssa.SCCP::simulatePhi (169 bytes)


---------------  P R O C E S S  ---------------

Java Threads: ( => current thread )
  0x0000000016ece800 JavaThread "pool-2-thread-4" [_thread_in_vm, id=10796, stack(0x0000000017720000,0x0000000017820000)]
  0x0000000016eff000 JavaThread "pool-2-thread-3" [_thread_in_Java, id=8288, stack(0x0000000017620000,0x0000000017720000)]
  0x0000000016efe000 JavaThread "pool-2-thread-2" [_thread_in_Java, id=6776, stack(0x0000000017520000,0x0000000017620000)]
  0x0000000016d7d000 JavaThread "pool-3-thread-1" [_thread_blocked, id=7916, stack(0x0000000017420000,0x0000000017520000)]
  0x0000000016e56000 JavaThread "pool-2-thread-1" [_thread_in_Java, id=5800, stack(0x0000000017320000,0x0000000017420000)]
  0x0000000016c2a800 JavaThread "Service Thread" daemon [_thread_blocked, id=10036, stack(0x0000000017120000,0x0000000017220000)]
  0x0000000016c22000 JavaThread "C1 CompilerThread2" daemon [_thread_blocked, id=7556, stack(0x0000000017020000,0x0000000017120000)]
=>0x00000000153f6800 JavaThread "C2 CompilerThread1" daemon [_thread_in_native, id=8596, stack(0x0000000016b20000,0x0000000016c20000)]
  0x000000001539d800 JavaThread "C2 CompilerThread0" daemon [_thread_in_native, id=4728, stack(0x0000000016a20000,0x0000000016b20000)]
  0x000000001539c000 JavaThread "Attach Listener" daemon [_thread_blocked, id=7560, stack(0x0000000016920000,0x0000000016a20000)]
  0x000000001539b000 JavaThread "Signal Dispatcher" daemon [_thread_blocked, id=10552, stack(0x0000000016820000,0x0000000016920000)]
  0x000000001538a800 JavaThread "Finalizer" daemon [_thread_blocked, id=11092, stack(0x0000000016610000,0x0000000016710000)]
  0x0000000002cc1000 JavaThread "Reference Handler" daemon [_thread_blocked, id=5488, stack(0x0000000016510000,0x0000000016610000)]
  0x0000000002bcd800 JavaThread "main" [_thread_in_native, id=9356, stack(0x0000000002a20000,0x0000000002b20000)]

Other Threads:
  0x0000000015368000 VMThread [stack: 0x0000000016410000,0x0000000016510000] [id=4380]
  0x0000000016c2e000 WatcherThread [stack: 0x0000000017220000,0x0000000017320000] [id=3204]

VM state:not at safepoint (normal execution)

VM Mutex/Monitor currently owned by a thread: None

Heap:
 PSYoungGen      total 38400K, used 34346K [0x00000000eab00000, 0x00000000ef600000, 0x0000000100000000)
  eden space 33280K, 87% used [0x00000000eab00000,0x00000000ec790e28,0x00000000ecb80000)
  from space 5120K, 99% used [0x00000000ecb80000,0x00000000ed079c98,0x00000000ed080000)
  to   space 5120K, 0% used [0x00000000ef100000,0x00000000ef100000,0x00000000ef600000)
 ParOldGen       total 87552K, used 1473K [0x00000000c0000000, 0x00000000c5580000, 0x00000000eab00000)
  object space 87552K, 1% used [0x00000000c0000000,0x00000000c0170770,0x00000000c5580000)
 Metaspace       used 6145K, capacity 7026K, committed 7296K, reserved 1056768K
  class space    used 600K, capacity 618K, committed 640K, reserved 1048576K

Card table byte_map: [0x0000000012090000,0x00000000122a0000] byte_map_base: 0x0000000011a90000

Marking Bits: (ParMarkBitMap*) 0x000000006a2f64f0
 Begin Bits: [0x0000000012800000, 0x0000000013800000)
 End Bits:   [0x0000000013800000, 0x0000000014800000)

Polling page: 0x0000000001120000

CodeCache: size=245760Kb used=5938Kb max_used=5938Kb free=239821Kb
 bounds [0x0000000002cd0000, 0x00000000032b0000, 0x0000000011cd0000]
 total_blobs=1731 nmethods=1462 adapters=182
 compilation: enabled

Compilation events (10 events):
Event: 4.733 Thread 0x00000000153f6800 nmethod 1482 0x000000000329aa90 code [0x000000000329ace0, 0x000000000329be10]
Event: 4.733 Thread 0x00000000153f6800 1476       4       com.android.dx.ssa.DeadCodeRemover::isCircularNoSideEffect (140 bytes)
Event: 4.850 Thread 0x00000000153f6800 nmethod 1476 0x00000000032a1450 code [0x00000000032a16c0, 0x00000000032a3728]
Event: 4.850 Thread 0x00000000153f6800 1365       4       com.android.dx.rop.type.Type::isCategory2 (36 bytes)
Event: 4.851 Thread 0x00000000153f6800 nmethod 1365 0x0000000003068550 code [0x0000000003068680, 0x00000000030686f8]
Event: 5.078 Thread 0x00000000153f6800 1484       4       com.android.dx.ssa.SCCP::simulatePhi (169 bytes)
Event: 5.118 Thread 0x0000000016c22000 1490       3       com.android.dx.ssa.PhiTypeResolver::resolveResultType (308 bytes)
Event: 5.121 Thread 0x0000000016c22000 nmethod 1490 0x00000000032a6410 code [0x00000000032a68a0, 0x00000000032a9fb8]
Event: 5.129 Thread 0x0000000016c22000 1493       3       java.util.HashMap$HashIterator::nextNode (100 bytes)
Event: 5.129 Thread 0x0000000016c22000 nmethod 1493 0x0000000003290a10 code [0x0000000003290bc0, 0x0000000003291098]

GC Heap History (2 events):
Event: 3.760 GC heap before
{Heap before GC invocations=1 (full 0):
 PSYoungGen      total 38400K, used 33280K [0x00000000eab00000, 0x00000000ed580000, 0x0000000100000000)
  eden space 33280K, 100% used [0x00000000eab00000,0x00000000ecb80000,0x00000000ecb80000)
  from space 5120K, 0% used [0x00000000ed080000,0x00000000ed080000,0x00000000ed580000)
  to   space 5120K, 0% used [0x00000000ecb80000,0x00000000ecb80000,0x00000000ed080000)
 ParOldGen       total 87552K, used 0K [0x00000000c0000000, 0x00000000c5580000, 0x00000000eab00000)
  object space 87552K, 0% used [0x00000000c0000000,0x00000000c0000000,0x00000000c5580000)
 Metaspace       used 5983K, capacity 6898K, committed 7040K, reserved 1056768K
  class space    used 600K, capacity 618K, committed 640K, reserved 1048576K
Event: 4.082 GC heap after
Heap after GC invocations=1 (full 0):
 PSYoungGen      total 38400K, used 5095K [0x00000000eab00000, 0x00000000ef600000, 0x0000000100000000)
  eden space 33280K, 0% used [0x00000000eab00000,0x00000000eab00000,0x00000000ecb80000)
  from space 5120K, 99% used [0x00000000ecb80000,0x00000000ed079c98,0x00000000ed080000)
  to   space 5120K, 0% used [0x00000000ef100000,0x00000000ef100000,0x00000000ef600000)
 ParOldGen       total 87552K, used 1473K [0x00000000c0000000, 0x00000000c5580000, 0x00000000eab00000)
  object space 87552K, 1% used [0x00000000c0000000,0x00000000c0170770,0x00000000c5580000)
 Metaspace       used 5983K, capacity 6898K, committed 7040K, reserved 1056768K
  class space    used 600K, capacity 618K, committed 640K, reserved 1048576K
}

Deoptimization events (10 events):
Event: 2.823 Thread 0x0000000016eff000 Uncommon trap: reason=bimorphic action=maybe_recompile pc=0x0000000002f1a7b0 method=java.util.HashMap.getNode(ILjava/lang/Object;)Ljava/util/HashMap$Node; @ 126
Event: 3.123 Thread 0x0000000016e56000 Uncommon trap: reason=unstable_if action=reinterpret pc=0x000000000304518c method=com.android.dx.rop.code.RegisterSpecSet.put(Lcom/android/dx/rop/code/RegisterSpec;)V @ 77
Event: 3.124 Thread 0x0000000016e56000 Uncommon trap: reason=unstable_if action=reinterpret pc=0x0000000003048900 method=com.android.dx.rop.code.RegisterSpecSet.put(Lcom/android/dx/rop/code/RegisterSpec;)V @ 77
Event: 4.114 Thread 0x0000000016eff000 Uncommon trap: reason=unstable_if action=reinterpret pc=0x000000000304571c method=com.android.dx.rop.cst.Constant.compareTo(Lcom/android/dx/rop/cst/Constant;)I @ 12
Event: 4.683 Thread 0x0000000002bcd800 Uncommon trap: reason=null_check action=make_not_entrant pc=0x0000000003102108 method=com.android.dx.ssa.SsaRenamer.getLocalForNewReg(I)Lcom/android/dx/rop/code/LocalItem; @ 19
Event: 4.683 Thread 0x0000000002bcd800 Uncommon trap: reason=null_check action=make_not_entrant pc=0x00000000030f7a18 method=com.android.dx.ssa.SsaRenamer.getLocalForNewReg(I)Lcom/android/dx/rop/code/LocalItem; @ 19
Event: 4.684 Thread 0x0000000002bcd800 Uncommon trap: reason=class_check action=maybe_recompile pc=0x000000000322e25c method=com.android.dx.ssa.SCCP.simulatePhi(Lcom/android/dx/ssa/PhiInsn;)V @ 124
Event: 4.684 Thread 0x0000000002bcd800 Uncommon trap: reason=class_check action=maybe_recompile pc=0x000000000322e25c method=com.android.dx.ssa.SCCP.simulatePhi(Lcom/android/dx/ssa/PhiInsn;)V @ 124
Event: 4.684 Thread 0x0000000002bcd800 Uncommon trap: reason=class_check action=maybe_recompile pc=0x000000000322e25c method=com.android.dx.ssa.SCCP.simulatePhi(Lcom/android/dx/ssa/PhiInsn;)V @ 124
Event: 4.684 Thread 0x0000000002bcd800 Uncommon trap: reason=class_check action=maybe_recompile pc=0x000000000322e25c method=com.android.dx.ssa.SCCP.simulatePhi(Lcom/android/dx/ssa/PhiInsn;)V @ 124

Internal exceptions (5 events):
Event: 0.054 Thread 0x0000000002bcd800 Exception <a 'java/lang/NoSuchMethodError': Method sun.misc.Unsafe.defineClass(Ljava/lang/String;[BII)Ljava/lang/Class; name or signature does not match> (0x00000000eab07cc0) thrown at [D:\re\workspace\8-2-build-windows-amd64-cygwin\jdk8u92\6642\hotspot\sr√›©;é¶´?
Event: 0.054 Thread 0x0000000002bcd800 Exception <a 'java/lang/NoSuchMethodError': Method sun.misc.Unsafe.prefetchRead(Ljava/lang/Object;J)V name or signature does not match> (0x00000000eab07fa8) thrown at [D:\re\workspace\8-2-build-windows-amd64-cygwin\jdk8u92\6642\hotspot\src\share\vm\prims\j»√N7√7@
Event: 2.777 Thread 0x0000000002bcd800 Implicit null exception at 0x000000000300cb62 to 0x000000000300cc5a
Event: 4.683 Thread 0x0000000002bcd800 Implicit null exception at 0x0000000003101387 to 0x00000000031020bd
Event: 4.683 Thread 0x0000000002bcd800 Implicit null exception at 0x00000000030f6ee1 to 0x00000000030f79f5

Events (10 events):
Event: 4.684 Thread 0x0000000002bcd800 DEOPT UNPACKING pc=0x0000000002d1582a sp=0x0000000002b1e1c8 mode 2
Event: 4.684 Thread 0x0000000002bcd800 Uncommon trap: trap_request=0xffffffde fr.pc=0x000000000322e25c
Event: 4.684 Thread 0x0000000002bcd800 DEOPT PACKING pc=0x000000000322e25c sp=0x0000000002b1e1f0
Event: 4.684 Thread 0x0000000002bcd800 DEOPT UNPACKING pc=0x0000000002d1582a sp=0x0000000002b1e1c8 mode 2
Event: 4.684 Thread 0x0000000002bcd800 Uncommon trap: trap_request=0xffffffde fr.pc=0x000000000322e25c
Event: 4.684 Thread 0x0000000002bcd800 DEOPT PACKING pc=0x000000000322e25c sp=0x0000000002b1e1f0
Event: 4.684 Thread 0x0000000002bcd800 DEOPT UNPACKING pc=0x0000000002d1582a sp=0x0000000002b1e1c8 mode 2
Event: 4.684 Thread 0x0000000002bcd800 Uncommon trap: trap_request=0xffffffde fr.pc=0x000000000322e25c
Event: 4.684 Thread 0x0000000002bcd800 DEOPT PACKING pc=0x000000000322e25c sp=0x0000000002b1e1f0
Event: 4.684 Thread 0x0000000002bcd800 DEOPT UNPACKING pc=0x0000000002d1582a sp=0x0000000002b1e1c8 mode 2


Dynamic libraries:
0x00007ff684d40000 - 0x00007ff684d77000 	C:\Program Files\Java\jdk1.8.0_92\bin\java.exe
0x00007ffcdb7e0000 - 0x00007ffcdb98d000 	C:\Windows\SYSTEM32\ntdll.dll
0x00007ffcdb4d0000 - 0x00007ffcdb60e000 	C:\Windows\system32\KERNEL32.DLL
0x00007ffcd8b60000 - 0x00007ffcd8c75000 	C:\Windows\system32\KERNELBASE.dll
0x00007ffcd74c0000 - 0x00007ffcd754e000 	C:\Windows\system32\apphelp.dll
0x00007ffca76d0000 - 0x00007ffca7723000 	C:\Windows\AppPatch\AppPatch64\AcGenral.DLL
0x00007ffcdb730000 - 0x00007ffcdb7da000 	C:\Windows\system32\msvcrt.dll
0x00007ffcd8b30000 - 0x00007ffcd8b5e000 	C:\Windows\system32\SspiCli.dll
0x00007ffcdb6d0000 - 0x00007ffcdb724000 	C:\Windows\system32\SHLWAPI.dll
0x00007ffcd9570000 - 0x00007ffcd96e7000 	C:\Windows\system32\USER32.dll
0x00007ffcd9750000 - 0x00007ffcd98e4000 	C:\Windows\system32\ole32.dll
0x00007ffcd9a10000 - 0x00007ffcdaf38000 	C:\Windows\system32\SHELL32.dll
0x00007ffcd7ec0000 - 0x00007ffcd7ee1000 	C:\Windows\SYSTEM32\USERENV.dll
0x00007ffcd98f0000 - 0x00007ffcd999a000 	C:\Windows\system32\ADVAPI32.dll
0x00007ffcd5b90000 - 0x00007ffcd5bae000 	C:\Windows\SYSTEM32\MPR.dll
0x00007ffcdb390000 - 0x00007ffcdb4d0000 	C:\Windows\system32\RPCRT4.dll
0x00007ffcd96f0000 - 0x00007ffcd9749000 	C:\Windows\SYSTEM32\sechost.dll
0x00007ffcdb150000 - 0x00007ffcdb362000 	C:\Windows\SYSTEM32\combase.dll
0x00007ffcdb000000 - 0x00007ffcdb14f000 	C:\Windows\system32\GDI32.dll
0x00007ffcd8900000 - 0x00007ffcd8915000 	C:\Windows\SYSTEM32\profapi.dll
0x00007ffcd6cd0000 - 0x00007ffcd6d82000 	C:\Windows\SYSTEM32\SHCORE.dll
0x00007ffcd9180000 - 0x00007ffcd91b6000 	C:\Windows\system32\IMM32.DLL
0x00007ffcd8e60000 - 0x00007ffcd8fb2000 	C:\Windows\system32\MSCTF.dll
0x00007ffcd6610000 - 0x00007ffcd688b000 	C:\Windows\WinSxS\amd64_microsoft.windows.common-controls_6595b64144ccf1df_6.0.9600.18006_none_623f33d3ecbe86e8\COMCTL32.dll
0x000000006a380000 - 0x000000006a452000 	C:\Program Files\Java\jdk1.8.0_92\jre\bin\msvcr100.dll
0x0000000069ae0000 - 0x000000006a376000 	C:\Program Files\Java\jdk1.8.0_92\jre\bin\server\jvm.dll
0x00007ffcce8c0000 - 0x00007ffcce8c9000 	C:\Windows\SYSTEM32\WSOCK32.dll
0x00007ffcd05b0000 - 0x00007ffcd05d2000 	C:\Windows\SYSTEM32\WINMM.dll
0x00007ffccf0f0000 - 0x00007ffccf0fa000 	C:\Windows\SYSTEM32\VERSION.dll
0x00007ffcd92a0000 - 0x00007ffcd92a7000 	C:\Windows\system32\PSAPI.DLL
0x00007ffcd9230000 - 0x00007ffcd928a000 	C:\Windows\system32\WS2_32.dll
0x00007ffcd0580000 - 0x00007ffcd05aa000 	C:\Windows\SYSTEM32\WINMMBASE.dll
0x00007ffcd9560000 - 0x00007ffcd9569000 	C:\Windows\system32\NSI.dll
0x00007ffcd8a80000 - 0x00007ffcd8acf000 	C:\Windows\SYSTEM32\cfgmgr32.dll
0x00007ffcd7720000 - 0x00007ffcd7748000 	C:\Windows\SYSTEM32\DEVOBJ.dll
0x0000000069ad0000 - 0x0000000069adf000 	C:\Program Files\Java\jdk1.8.0_92\jre\bin\verify.dll
0x0000000069aa0000 - 0x0000000069ac9000 	C:\Program Files\Java\jdk1.8.0_92\jre\bin\java.dll
0x0000000069a80000 - 0x0000000069a96000 	C:\Program Files\Java\jdk1.8.0_92\jre\bin\zip.dll

VM Arguments:
jvm_args: -Djava.awt.headless=true -Xmx1024M -Dfile.encoding=windows-1252 -Duser.country=DE -Duser.language=de -Duser.variant 
java_command: com.android.dx.command.Main --dex --force-jumbo --num-threads=4 --multi-dex --output D:\Projects\Me4d\app_repo\Data4All-1.3\app\build\intermediates\transforms\dex\debug\folders\1000\2\acra-4.5.0_0ff4989442f0350b6fa976b781d370892fa3a2c6 D:\Projects\Me4d\app_repo\Data4All-1.3\app\libs\acra-4.5.0.jar
java_class_path (initial): E:\android\sdk\build-tools\23.0.3\lib\dx.jar
Launcher Type: SUN_STANDARD

Environment Variables:
JAVA_HOME=C:\Program Files\Java\jdk1.8.0_92\
PATH=C:\Program Files (x86)\NVIDIA Corporation\PhysX\Common;C:\ProgramData\Oracle\Java\javapath;C:\Windows\system32;C:\Windows;C:\Windows\System32\Wbem;C:\Windows\System32\WindowsPowerShell\v1.0\;C:\Program Files (x86)\ATI Technologies\ATI.ACE\Core-Static;C:\Program Files\Intel\WiFi\bin\;C:\Program Files\Common Files\Intel\WirelessCommon\;C:\Program Files (x86)\nodejs\;C:\Program Files (x86)\GtkSharp\2.12\bin;C:\Program Files\Java\jdk1.8.0_92\bin;C:\Program Files (x86)\Java\jre7\bin;C:\Users\len\AppData\Local\Programs\Git\cmd;C:\Users\len\AppData\Roaming\npm;C:\adb;C:\Program Files\Git\cmd;E:\android\sdk\tools;E:\android\sdk\platform-tools\;C:\Program Files\Microsoft SQL Server\120\Tools\Binn\;C:\Program Files\Microsoft SQL Server\130\Tools\Binn\;%OPENCV_DIR%\bin;C:\Program Files\MiKTeX 2.9\miktex\bin\x64\;C:\Program Files (x86)\Skype\Phone\;C:\Program Files\TortoiseGit\bin;C:\Program Files\Java\jdk1.8.0_92\apache-maven-3.5.0\bin;C:\Program Files\Intel\WiFi\bin\;C:\Program Files\Common Files\Intel\WirelessCommon\;C:\Program Files (x86)\Java\jre7\bin;C:\Users\len\AppData\Local\Programs\Git\cmd;C:\Users\len\AppData\Roaming\npm;C:\Program Files\Java\jdk1.8.0_92\apache-maven-3.5.0\bin
USERNAME=len
OS=Windows_NT
PROCESSOR_IDENTIFIER=Intel64 Family 6 Model 61 Stepping 4, GenuineIntel



---------------  S Y S T E M  ---------------

OS: Windows 8.1 , 64 bit Build 9600 (6.3.9600.17415)

CPU:total 4 (2 cores per cpu, 2 threads per core) family 6 model 61 stepping 4, cmov, cx8, fxsr, mmx, sse, sse2, sse3, ssse3, sse4.1, sse4.2, popcnt, avx, avx2, aes, clmul, erms, 3dnowpref, lzcnt, ht, tsc, tscinvbit, bmi1, bmi2, adx

Memory: 4k page, physical 8306224k(1119088k free), swap 11451952k(5208k free)

vm_info: Java HotSpot(TM) 64-Bit Server VM (25.92-b14) for windows-amd64 JRE (1.8.0_92-b14), built on Mar 31 2016 21:03:04 by "java_re" with MS VC++ 10.0 (VS2010)

time: Wed May 17 13:07:47 2017
elapsed time: 5 seconds (0d 0h 0m 5s)

