#
# There is insufficient memory for the Java Runtime Environment to continue.
# Native memory allocation (malloc) failed to allocate 1052816 bytes for Chunk::new
# Possible reasons:
#   The system is out of physical RAM or swap space
#   In 32 bit mode, the process size limit was hit
# Possible solutions:
#   Reduce memory load on the system
#   Increase physical memory or swap space
#   Check if swap backing store is full
#   Use 64 bit Java on a 64 bit OS
#   Decrease Java heap size (-Xmx/-Xms)
#   Decrease number of Java threads
#   Decrease Java thread stack sizes (-Xss)
#   Set larger code cache with -XX:ReservedCodeCacheSize=
# This output file may be truncated or incomplete.
#
#  Out of Memory Error (allocation.cpp:390), pid=9916, tid=0x000000000000143c
#
# JRE version: Java(TM) SE Runtime Environment (8.0_92-b14) (build 1.8.0_92-b14)
# Java VM: Java HotSpot(TM) 64-Bit Server VM (25.92-b14 mixed mode windows-amd64 compressed oops)
# Failed to write core dump. Minidumps are not enabled by default on client versions of Windows
#

---------------  T H R E A D  ---------------

Current thread (0x00000000151fd800):  JavaThread "C2 CompilerThread0" daemon [_thread_in_native, id=5180, stack(0x0000000016870000,0x0000000016970000)]

Stack: [0x0000000016870000,0x0000000016970000]
[error occurred during error reporting (printing stack bounds), id 0xc0000005]

Native frames: (J=compiled Java code, j=interpreted, Vv=VM code, C=native code)


Current CompileTask:
C2:   6967 1732   !   4       com.android.dx.cf.code.Ropper::processBlock (1101 bytes)


---------------  P R O C E S S  ---------------

Java Threads: ( => current thread )
  0x0000000016cc0800 JavaThread "pool-2-thread-4" [_thread_in_Java, id=7224, stack(0x0000000017570000,0x0000000017670000)]
  0x0000000016d1d800 JavaThread "pool-2-thread-3" [_thread_in_Java, id=1360, stack(0x0000000017470000,0x0000000017570000)]
  0x0000000016d1d000 JavaThread "pool-2-thread-2" [_thread_in_vm, id=9784, stack(0x0000000017370000,0x0000000017470000)]
  0x0000000016cbe000 JavaThread "pool-3-thread-1" [_thread_blocked, id=9408, stack(0x0000000017270000,0x0000000017370000)]
  0x0000000016d6b000 JavaThread "pool-2-thread-1" [_thread_in_Java, id=10992, stack(0x0000000017170000,0x0000000017270000)]
  0x0000000016a85800 JavaThread "Service Thread" daemon [_thread_blocked, id=7480, stack(0x0000000016f70000,0x0000000017070000)]
  0x0000000016a78800 JavaThread "C1 CompilerThread2" daemon [_thread_blocked, id=7724, stack(0x0000000016e70000,0x0000000016f70000)]
  0x0000000015200800 JavaThread "C2 CompilerThread1" daemon [_thread_in_native, id=10508, stack(0x0000000016970000,0x0000000016a70000)]
=>0x00000000151fd800 JavaThread "C2 CompilerThread0" daemon [_thread_in_native, id=5180, stack(0x0000000016870000,0x0000000016970000)]
  0x00000000151fb800 JavaThread "Attach Listener" daemon [_thread_blocked, id=10304, stack(0x0000000016770000,0x0000000016870000)]
  0x00000000151fa000 JavaThread "Signal Dispatcher" daemon [_thread_blocked, id=4724, stack(0x0000000016670000,0x0000000016770000)]
  0x00000000151ea800 JavaThread "Finalizer" daemon [_thread_blocked, id=1104, stack(0x0000000016460000,0x0000000016560000)]
  0x0000000002b20000 JavaThread "Reference Handler" daemon [_thread_blocked, id=3108, stack(0x0000000016360000,0x0000000016460000)]
  0x00000000028dd800 JavaThread "main" [_thread_blocked, id=3180, stack(0x0000000002930000,0x0000000002a30000)]

Other Threads:
  0x00000000151c7800 VMThread [stack: 0x0000000016260000,0x0000000016360000] [id=6556]
  0x0000000016a7c800 WatcherThread [stack: 0x0000000017070000,0x0000000017170000] [id=4668]

VM state:synchronizing (normal execution)

VM Mutex/Monitor currently owned by a thread:  ([mutex/lock_event])
[0x00000000028dc710] Safepoint_lock - owner thread: 0x00000000151c7800
[0x00000000028dcd10] Threads_lock - owner thread: 0x00000000151c7800
[0x00000000028dcb10] Heap_lock - owner thread: 0x0000000016d1d000

Heap:
 PSYoungGen      total 71680K, used 71659K [0x00000000eab00000, 0x00000000ef600000, 0x0000000100000000)
  eden space 66560K, 100% used [0x00000000eab00000,0x00000000eec00000,0x00000000eec00000)
  from space 5120K, 99% used [0x00000000ef100000,0x00000000ef5fae88,0x00000000ef600000)
  to   space 5120K, 0% used [0x00000000eec00000,0x00000000eec00000,0x00000000ef100000)
 ParOldGen       total 87552K, used 5241K [0x00000000c0000000, 0x00000000c5580000, 0x00000000eab00000)
  object space 87552K, 5% used [0x00000000c0000000,0x00000000c051e480,0x00000000c5580000)
 Metaspace       used 6278K, capacity 7090K, committed 7296K, reserved 1056768K
  class space    used 599K, capacity 618K, committed 640K, reserved 1048576K

Card table byte_map: [0x0000000011ef0000,0x0000000012100000] byte_map_base: 0x00000000118f0000

Marking Bits: (ParMarkBitMap*) 0x000000006a2f64f0
 Begin Bits: [0x0000000012660000, 0x0000000013660000)
 End Bits:   [0x0000000013660000, 0x0000000014660000)

Polling page: 0x0000000001140000

CodeCache: size=245760Kb used=7945Kb max_used=7945Kb free=237814Kb
 bounds [0x0000000002b30000, 0x0000000003300000, 0x0000000011b30000]
 total_blobs=2118 nmethods=1848 adapters=182
 compilation: enabled

Compilation events (10 events):
Event: 6.918 Thread 0x0000000016a78800 1863       3       java.util.concurrent.locks.AbstractQueuedSynchronizer::shouldParkAfterFailedAcquire (50 bytes)
Event: 6.918 Thread 0x0000000016a78800 nmethod 1863 0x00000000032f9c50 code [0x00000000032f9dc0, 0x00000000032fa0f0]
Event: 6.919 Thread 0x0000000016a78800 1864       3       java.util.concurrent.locks.AbstractQueuedSynchronizer::compareAndSetTail (13 bytes)
Event: 6.920 Thread 0x0000000016a78800 nmethod 1864 0x00000000032fa290 code [0x00000000032fa3e0, 0x00000000032fa570]
Event: 6.920 Thread 0x0000000016a78800 1865       3       java.util.concurrent.locks.AbstractQueuedSynchronizer::setHead (16 bytes)
Event: 6.921 Thread 0x0000000016a78800 nmethod 1865 0x00000000032fa5d0 code [0x00000000032fa720, 0x00000000032fa8d0]
Event: 6.923 Thread 0x0000000016a78800 1866       3       java.util.concurrent.FutureTask::set (36 bytes)
Event: 6.924 Thread 0x0000000016a78800 nmethod 1866 0x00000000032fa990 code [0x00000000032fab00, 0x00000000032fad28]
Event: 6.931 Thread 0x0000000016a78800 1867       3       java.util.concurrent.locks.LockSupport::unpark (12 bytes)
Event: 6.931 Thread 0x0000000016a78800 nmethod 1867 0x00000000032fadd0 code [0x00000000032faf40, 0x00000000032fb168]

GC Heap History (4 events):
Event: 2.636 GC heap before
{Heap before GC invocations=1 (full 0):
 PSYoungGen      total 38400K, used 33280K [0x00000000eab00000, 0x00000000ed580000, 0x0000000100000000)
  eden space 33280K, 100% used [0x00000000eab00000,0x00000000ecb80000,0x00000000ecb80000)
  from space 5120K, 0% used [0x00000000ed080000,0x00000000ed080000,0x00000000ed580000)
  to   space 5120K, 0% used [0x00000000ecb80000,0x00000000ecb80000,0x00000000ed080000)
 ParOldGen       total 87552K, used 0K [0x00000000c0000000, 0x00000000c5580000, 0x00000000eab00000)
  object space 87552K, 0% used [0x00000000c0000000,0x00000000c0000000,0x00000000c5580000)
 Metaspace       used 6049K, capacity 6962K, committed 7040K, reserved 1056768K
  class space    used 598K, capacity 618K, committed 640K, reserved 1048576K
Event: 2.941 GC heap after
Heap after GC invocations=1 (full 0):
 PSYoungGen      total 38400K, used 5113K [0x00000000eab00000, 0x00000000ef600000, 0x0000000100000000)
  eden space 33280K, 0% used [0x00000000eab00000,0x00000000eab00000,0x00000000ecb80000)
  from space 5120K, 99% used [0x00000000ecb80000,0x00000000ed07e678,0x00000000ed080000)
  to   space 5120K, 0% used [0x00000000ef100000,0x00000000ef100000,0x00000000ef600000)
 ParOldGen       total 87552K, used 1049K [0x00000000c0000000, 0x00000000c5580000, 0x00000000eab00000)
  object space 87552K, 1% used [0x00000000c0000000,0x00000000c0106608,0x00000000c5580000)
 Metaspace       used 6049K, capacity 6962K, committed 7040K, reserved 1056768K
  class space    used 598K, capacity 618K, committed 640K, reserved 1048576K
}
Event: 4.497 GC heap before
{Heap before GC invocations=2 (full 0):
 PSYoungGen      total 38400K, used 38393K [0x00000000eab00000, 0x00000000ef600000, 0x0000000100000000)
  eden space 33280K, 100% used [0x00000000eab00000,0x00000000ecb80000,0x00000000ecb80000)
  from space 5120K, 99% used [0x00000000ecb80000,0x00000000ed07e678,0x00000000ed080000)
  to   space 5120K, 0% used [0x00000000ef100000,0x00000000ef100000,0x00000000ef600000)
 ParOldGen       total 87552K, used 1049K [0x00000000c0000000, 0x00000000c5580000, 0x00000000eab00000)
  object space 87552K, 1% used [0x00000000c0000000,0x00000000c0106608,0x00000000c5580000)
 Metaspace       used 6159K, capacity 7026K, committed 7296K, reserved 1056768K
  class space    used 599K, capacity 618K, committed 640K, reserved 1048576K
Event: 5.362 GC heap after
Heap after GC invocations=2 (full 0):
 PSYoungGen      total 71680K, used 5099K [0x00000000eab00000, 0x00000000ef600000, 0x0000000100000000)
  eden space 66560K, 0% used [0x00000000eab00000,0x00000000eab00000,0x00000000eec00000)
  from space 5120K, 99% used [0x00000000ef100000,0x00000000ef5fae88,0x00000000ef600000)
  to   space 5120K, 0% used [0x00000000eec00000,0x00000000eec00000,0x00000000ef100000)
 ParOldGen       total 87552K, used 5241K [0x00000000c0000000, 0x00000000c5580000, 0x00000000eab00000)
  object space 87552K, 5% used [0x00000000c0000000,0x00000000c051e480,0x00000000c5580000)
 Metaspace       used 6159K, capacity 7026K, committed 7296K, reserved 1056768K
  class space    used 599K, capacity 618K, committed 640K, reserved 1048576K
}

Deoptimization events (10 events):
Event: 3.203 Thread 0x0000000016d1d000 Uncommon trap: reason=bimorphic action=maybe_recompile pc=0x0000000002d60324 method=java.util.HashMap.getNode(ILjava/lang/Object;)Ljava/util/HashMap$Node; @ 126
Event: 3.785 Thread 0x0000000016cc0800 Uncommon trap: reason=unstable_if action=reinterpret pc=0x00000000030b398c method=com.android.dx.ssa.MoveParamCombiner$1.visitNonMoveInsn(Lcom/android/dx/ssa/NormalSsaInsn;)V @ 27
Event: 5.977 Thread 0x0000000016d1d000 Uncommon trap: reason=class_check action=maybe_recompile pc=0x0000000003226ca8 method=com.android.dx.cf.code.RopperMachine.run(Lcom/android/dx/cf/code/Frame;II)V @ 1024
Event: 5.977 Thread 0x0000000016d1d000 Uncommon trap: reason=class_check action=maybe_recompile pc=0x0000000003226ca8 method=com.android.dx.cf.code.RopperMachine.run(Lcom/android/dx/cf/code/Frame;II)V @ 1024
Event: 5.983 Thread 0x0000000016cc0800 Uncommon trap: reason=unstable_if action=reinterpret pc=0x00000000031d1dcc method=com.android.dx.rop.code.RegisterSpec.equals(ILcom/android/dx/rop/type/TypeBearer;Lcom/android/dx/rop/code/LocalItem;)Z @ 42
Event: 6.031 Thread 0x0000000016d1d000 Uncommon trap: reason=bimorphic action=maybe_recompile pc=0x0000000002e0b324 method=java.util.HashMap.getNode(ILjava/lang/Object;)Ljava/util/HashMap$Node; @ 126
Event: 6.031 Thread 0x0000000016d1d000 Uncommon trap: reason=class_check action=maybe_recompile pc=0x0000000002f3cd64 method=java.util.HashMap.putVal(ILjava/lang/Object;Ljava/lang/Object;ZZ)Ljava/lang/Object; @ 203
Event: 6.843 Thread 0x0000000016cc0800 Uncommon trap: reason=bimorphic action=maybe_recompile pc=0x0000000003179834 method=com.android.dx.cf.code.BytecodeArray.parseInstruction(ILcom/android/dx/cf/code/BytecodeArray$Visitor;)I @ 2135
Event: 6.843 Thread 0x0000000016cc0800 Uncommon trap: reason=bimorphic action=maybe_recompile pc=0x0000000003179834 method=com.android.dx.cf.code.BytecodeArray.parseInstruction(ILcom/android/dx/cf/code/BytecodeArray$Visitor;)I @ 2135
Event: 6.898 Thread 0x0000000016cc0800 Uncommon trap: reason=class_check action=maybe_recompile pc=0x0000000003226ca8 method=com.android.dx.cf.code.RopperMachine.run(Lcom/android/dx/cf/code/Frame;II)V @ 1024

Internal exceptions (4 events):
Event: 0.036 Thread 0x00000000028dd800 Exception <a 'java/lang/NoSuchMethodError': Method sun.misc.Unsafe.defineClass(Ljava/lang/String;[BII)Ljava/lang/Class; name or signature does not match> (0x00000000eab07cc0) thrown at [D:\re\workspace\8-2-build-windows-amd64-cygwin\jdk8u92\6642\hotspot\sr¢=kš|¢?
Event: 0.036 Thread 0x00000000028dd800 Exception <a 'java/lang/NoSuchMethodError': Method sun.misc.Unsafe.prefetchRead(Ljava/lang/Object;J)V name or signature does not match> (0x00000000eab07fa8) thrown at [D:\re\workspace\8-2-build-windows-amd64-cygwin\jdk8u92\6642\hotspot\src\share\vm\prims\jÁM’¤ðÍé?
Event: 0.806 Thread 0x0000000016d6b000 Implicit null exception at 0x0000000002e0dda2 to 0x0000000002e0de9a
Event: 0.853 Thread 0x00000000028dd800 Implicit null exception at 0x0000000002dde106 to 0x0000000002de028d

Events (10 events):
Event: 6.843 Thread 0x0000000016cc0800 Uncommon trap: trap_request=0xffffffc6 fr.pc=0x0000000003179834
Event: 6.843 Thread 0x0000000016cc0800 DEOPT PACKING pc=0x0000000003179834 sp=0x000000001766e950
Event: 6.843 Thread 0x0000000016cc0800 DEOPT UNPACKING pc=0x0000000002b7582a sp=0x000000001766e8e0 mode 2
Event: 6.843 Thread 0x0000000016cc0800 Uncommon trap: trap_request=0xffffffc6 fr.pc=0x0000000003179834
Event: 6.843 Thread 0x0000000016cc0800 DEOPT PACKING pc=0x0000000003179834 sp=0x000000001766e7b0
Event: 6.843 Thread 0x0000000016cc0800 DEOPT UNPACKING pc=0x0000000002b7582a sp=0x000000001766e740 mode 2
Event: 6.898 Thread 0x0000000016cc0800 Uncommon trap: trap_request=0xffffffde fr.pc=0x0000000003226ca8
Event: 6.898 Thread 0x0000000016cc0800 DEOPT PACKING pc=0x0000000003226ca8 sp=0x000000001766e5d0
Event: 6.898 Thread 0x0000000016cc0800 DEOPT UNPACKING pc=0x0000000002b7582a sp=0x000000001766e598 mode 2
Event: 6.938 Executing VM operation: ParallelGCFailedAllocation


Dynamic libraries:
0x00007ff684d40000 - 0x00007ff684d77000 	C:\Program Files\Java\jdk1.8.0_92\bin\java.exe
0x00007ffcdb7e0000 - 0x00007ffcdb98d000 	C:\Windows\SYSTEM32\ntdll.dll
0x00007ffcdb4d0000 - 0x00007ffcdb60e000 	C:\Windows\system32\KERNEL32.DLL
0x00007ffcd8b60000 - 0x00007ffcd8c75000 	C:\Windows\system32\KERNELBASE.dll
0x00007ffcd74c0000 - 0x00007ffcd754e000 	C:\Windows\system32\apphelp.dll
0x00007ffca76d0000 - 0x00007ffca7723000 	C:\Windows\AppPatch\AppPatch64\AcGenral.DLL
0x00007ffcdb730000 - 0x00007ffcdb7da000 	C:\Windows\system32\msvcrt.dll
0x00007ffcd8b30000 - 0x00007ffcd8b5e000 	C:\Windows\system32\SspiCli.dll
0x00007ffcdb6d0000 - 0x00007ffcdb724000 	C:\Windows\system32\SHLWAPI.dll
0x00007ffcd9570000 - 0x00007ffcd96e7000 	C:\Windows\system32\USER32.dll
0x00007ffcd9750000 - 0x00007ffcd98e4000 	C:\Windows\system32\ole32.dll
0x00007ffcd9a10000 - 0x00007ffcdaf38000 	C:\Windows\system32\SHELL32.dll
0x00007ffcd7ec0000 - 0x00007ffcd7ee1000 	C:\Windows\SYSTEM32\USERENV.dll
0x00007ffcd98f0000 - 0x00007ffcd999a000 	C:\Windows\system32\ADVAPI32.dll
0x00007ffcd5b90000 - 0x00007ffcd5bae000 	C:\Windows\SYSTEM32\MPR.dll
0x00007ffcdb390000 - 0x00007ffcdb4d0000 	C:\Windows\system32\RPCRT4.dll
0x00007ffcd96f0000 - 0x00007ffcd9749000 	C:\Windows\SYSTEM32\sechost.dll
0x00007ffcdb150000 - 0x00007ffcdb362000 	C:\Windows\SYSTEM32\combase.dll
0x00007ffcdb000000 - 0x00007ffcdb14f000 	C:\Windows\system32\GDI32.dll
0x00007ffcd8900000 - 0x00007ffcd8915000 	C:\Windows\SYSTEM32\profapi.dll
0x00007ffcd6cd0000 - 0x00007ffcd6d82000 	C:\Windows\SYSTEM32\SHCORE.dll
0x00007ffcd9180000 - 0x00007ffcd91b6000 	C:\Windows\system32\IMM32.DLL
0x00007ffcd8e60000 - 0x00007ffcd8fb2000 	C:\Windows\system32\MSCTF.dll
0x00007ffcd6610000 - 0x00007ffcd688b000 	C:\Windows\WinSxS\amd64_microsoft.windows.common-controls_6595b64144ccf1df_6.0.9600.18006_none_623f33d3ecbe86e8\COMCTL32.dll
0x000000006a380000 - 0x000000006a452000 	C:\Program Files\Java\jdk1.8.0_92\jre\bin\msvcr100.dll
0x0000000069ae0000 - 0x000000006a376000 	C:\Program Files\Java\jdk1.8.0_92\jre\bin\server\jvm.dll
0x00007ffcce8c0000 - 0x00007ffcce8c9000 	C:\Windows\SYSTEM32\WSOCK32.dll
0x00007ffcd05b0000 - 0x00007ffcd05d2000 	C:\Windows\SYSTEM32\WINMM.dll
0x00007ffccf0f0000 - 0x00007ffccf0fa000 	C:\Windows\SYSTEM32\VERSION.dll
0x00007ffcd92a0000 - 0x00007ffcd92a7000 	C:\Windows\system32\PSAPI.DLL
0x00007ffcd9230000 - 0x00007ffcd928a000 	C:\Windows\system32\WS2_32.dll
0x00007ffcd0580000 - 0x00007ffcd05aa000 	C:\Windows\SYSTEM32\WINMMBASE.dll
0x00007ffcd9560000 - 0x00007ffcd9569000 	C:\Windows\system32\NSI.dll
0x00007ffcd8a80000 - 0x00007ffcd8acf000 	C:\Windows\SYSTEM32\cfgmgr32.dll
0x00007ffcd7720000 - 0x00007ffcd7748000 	C:\Windows\SYSTEM32\DEVOBJ.dll
0x0000000069ad0000 - 0x0000000069adf000 	C:\Program Files\Java\jdk1.8.0_92\jre\bin\verify.dll
0x0000000069aa0000 - 0x0000000069ac9000 	C:\Program Files\Java\jdk1.8.0_92\jre\bin\java.dll
0x0000000069a80000 - 0x0000000069a96000 	C:\Program Files\Java\jdk1.8.0_92\jre\bin\zip.dll

VM Arguments:
jvm_args: -Djava.awt.headless=true -Xmx1024M -Dfile.encoding=windows-1252 -Duser.country=DE -Duser.language=de -Duser.variant 
java_command: com.android.dx.command.Main --dex --force-jumbo --num-threads=4 --multi-dex --output D:\Projects\Me4d\app_repo\Data4All-1.3\app\build\intermediates\transforms\dex\debug\folders\1000\10\sshj-0.10.0_10e5bbb4e5c97d29e82d004fd77ce8537768291a C:\Users\len\.gradle\caches\modules-2\files-2.1\net.schmizz\sshj\0.10.0\35d313db208a25189962266a9bd36553310c65f6\sshj-0.10.0.jar
java_class_path (initial): E:\android\sdk\build-tools\23.0.3\lib\dx.jar
Launcher Type: SUN_STANDARD

Environment Variables:
JAVA_HOME=C:\Program Files\Java\jdk1.8.0_92\
PATH=C:\Program Files (x86)\NVIDIA Corporation\PhysX\Common;C:\ProgramData\Oracle\Java\javapath;C:\Windows\system32;C:\Windows;C:\Windows\System32\Wbem;C:\Windows\System32\WindowsPowerShell\v1.0\;C:\Program Files (x86)\ATI Technologies\ATI.ACE\Core-Static;C:\Program Files\Intel\WiFi\bin\;C:\Program Files\Common Files\Intel\WirelessCommon\;C:\Program Files (x86)\nodejs\;C:\Program Files (x86)\GtkSharp\2.12\bin;C:\Program Files\Java\jdk1.8.0_92\bin;C:\Program Files (x86)\Java\jre7\bin;C:\Users\len\AppData\Local\Programs\Git\cmd;C:\Users\len\AppData\Roaming\npm;C:\adb;C:\Program Files\Git\cmd;E:\android\sdk\tools;E:\android\sdk\platform-tools\;C:\Program Files\Microsoft SQL Server\120\Tools\Binn\;C:\Program Files\Microsoft SQL Server\130\Tools\Binn\;%OPENCV_DIR%\bin;C:\Program Files\MiKTeX 2.9\miktex\bin\x64\;C:\Program Files (x86)\Skype\Phone\;C:\Program Files\TortoiseGit\bin;C:\Program Files\Java\jdk1.8.0_92\apache-maven-3.5.0\bin;C:\Program Files\Intel\WiFi\bin\;C:\Program Files\Common Files\Intel\WirelessCommon\;C:\Program Files (x86)\Java\jre7\bin;C:\Users\len\AppData\Local\Programs\Git\cmd;C:\Users\len\AppData\Roaming\npm;C:\Program Files\Java\jdk1.8.0_92\apache-maven-3.5.0\bin
USERNAME=len
OS=Windows_NT
PROCESSOR_IDENTIFIER=Intel64 Family 6 Model 61 Stepping 4, GenuineIntel



---------------  S Y S T E M  ---------------

OS: Windows 8.1 , 64 bit Build 9600 (6.3.9600.17415)

CPU:total 4 (2 cores per cpu, 2 threads per core) family 6 model 61 stepping 4, cmov, cx8, fxsr, mmx, sse, sse2, sse3, ssse3, sse4.1, sse4.2, popcnt, avx, avx2, aes, clmul, erms, 3dnowpref, lzcnt, ht, tsc, tscinvbit, bmi1, bmi2, adx

Memory: 4k page, physical 8306224k(1045112k free), swap 11451952k(7252k free)

vm_info: Java HotSpot(TM) 64-Bit Server VM (25.92-b14) for windows-amd64 JRE (1.8.0_92-b14), built on Mar 31 2016 21:03:04 by "java_re" with MS VC++ 10.0 (VS2010)

time: Wed May 17 13:07:41 2017
elapsed time: 6 seconds (0d 0h 0m 6s)

