#
# There is insufficient memory for the Java Runtime Environment to continue.
# Native memory allocation (malloc) failed to allocate 745536 bytes for Chunk::new
# Possible reasons:
#   The system is out of physical RAM or swap space
#   In 32 bit mode, the process size limit was hit
# Possible solutions:
#   Reduce memory load on the system
#   Increase physical memory or swap space
#   Check if swap backing store is full
#   Use 64 bit Java on a 64 bit OS
#   Decrease Java heap size (-Xmx/-Xms)
#   Decrease number of Java threads
#   Decrease Java thread stack sizes (-Xss)
#   Set larger code cache with -XX:ReservedCodeCacheSize=
# This output file may be truncated or incomplete.
#
#  Out of Memory Error (allocation.cpp:390), pid=10764, tid=0x0000000000002600
#
# JRE version: Java(TM) SE Runtime Environment (8.0_92-b14) (build 1.8.0_92-b14)
# Java VM: Java HotSpot(TM) 64-Bit Server VM (25.92-b14 mixed mode windows-amd64 compressed oops)
# Failed to write core dump. Minidumps are not enabled by default on client versions of Windows
#

---------------  T H R E A D  ---------------

Current thread (0x0000000014dbd800):  JavaThread "C2 CompilerThread0" daemon [_thread_in_native, id=9728, stack(0x0000000016430000,0x0000000016530000)]

Stack: [0x0000000016430000,0x0000000016530000]
[error occurred during error reporting (printing stack bounds), id 0xc0000005]

Native frames: (J=compiled Java code, j=interpreted, Vv=VM code, C=native code)


Current CompileTask:
C2:   3188 1367   !   4       com.android.dx.cf.cst.ConstantPoolParser::parse0 (731 bytes)


---------------  P R O C E S S  ---------------

Java Threads: ( => current thread )
  0x00000000169d8000 JavaThread "pool-2-thread-4" [_thread_blocked, id=2368, stack(0x0000000017130000,0x0000000017230000)]
  0x0000000016a48800 JavaThread "pool-2-thread-3" [_thread_blocked, id=10928, stack(0x0000000017030000,0x0000000017130000)]
  0x0000000016a47000 JavaThread "pool-2-thread-2" [_thread_in_Java, id=9376, stack(0x0000000016f30000,0x0000000017030000)]
  0x00000000169d3000 JavaThread "pool-3-thread-1" [_thread_blocked, id=10152, stack(0x0000000016e30000,0x0000000016f30000)]
  0x00000000169d2000 JavaThread "pool-2-thread-1" [_thread_blocked, id=5180, stack(0x0000000016d30000,0x0000000016e30000)]
  0x0000000016736000 JavaThread "Service Thread" daemon [_thread_blocked, id=10996, stack(0x0000000016b30000,0x0000000016c30000)]
  0x0000000014e19800 JavaThread "C1 CompilerThread2" daemon [_thread_blocked, id=6812, stack(0x0000000016630000,0x0000000016730000)]
  0x0000000014dc0800 JavaThread "C2 CompilerThread1" daemon [_thread_in_native, id=5064, stack(0x0000000016530000,0x0000000016630000)]
=>0x0000000014dbd800 JavaThread "C2 CompilerThread0" daemon [_thread_in_native, id=9728, stack(0x0000000016430000,0x0000000016530000)]
  0x0000000014dbb800 JavaThread "Attach Listener" daemon [_thread_blocked, id=8128, stack(0x0000000016330000,0x0000000016430000)]
  0x0000000014dba000 JavaThread "Signal Dispatcher" daemon [_thread_blocked, id=8580, stack(0x0000000016230000,0x0000000016330000)]
  0x0000000014daa800 JavaThread "Finalizer" daemon [_thread_blocked, id=4956, stack(0x0000000016020000,0x0000000016120000)]
  0x0000000014d89000 JavaThread "Reference Handler" daemon [_thread_blocked, id=10608, stack(0x0000000015f20000,0x0000000016020000)]
  0x00000000025ed800 JavaThread "main" [_thread_blocked, id=972, stack(0x0000000002410000,0x0000000002510000)]

Other Threads:
  0x0000000014d87800 VMThread [stack: 0x0000000015e20000,0x0000000015f20000] [id=1104]
  0x000000001674a800 WatcherThread [stack: 0x0000000016c30000,0x0000000016d30000] [id=7724]

VM state:not at safepoint (normal execution)

VM Mutex/Monitor currently owned by a thread: None

Heap:
 PSYoungGen      total 38400K, used 25501K [0x00000000eab00000, 0x00000000ed580000, 0x0000000100000000)
  eden space 33280K, 61% used [0x00000000eab00000,0x00000000ebeea4e0,0x00000000ecb80000)
  from space 5120K, 99% used [0x00000000ecb80000,0x00000000ed07d060,0x00000000ed080000)
  to   space 5120K, 0% used [0x00000000ed080000,0x00000000ed080000,0x00000000ed580000)
 ParOldGen       total 87552K, used 239K [0x00000000c0000000, 0x00000000c5580000, 0x00000000eab00000)
  object space 87552K, 0% used [0x00000000c0000000,0x00000000c003bf10,0x00000000c5580000)
 Metaspace       used 6011K, capacity 7024K, committed 7296K, reserved 1056768K
  class space    used 590K, capacity 616K, committed 640K, reserved 1048576K

Card table byte_map: [0x0000000011ab0000,0x0000000011cc0000] byte_map_base: 0x00000000114b0000

Marking Bits: (ParMarkBitMap*) 0x000000006a2f64f0
 Begin Bits: [0x0000000012220000, 0x0000000013220000)
 End Bits:   [0x0000000013220000, 0x0000000014220000)

Polling page: 0x0000000000c20000

CodeCache: size=245760Kb used=5801Kb max_used=5801Kb free=239958Kb
 bounds [0x00000000026f0000, 0x0000000002ca0000, 0x00000000116f0000]
 total_blobs=1678 nmethods=1415 adapters=176
 compilation: enabled

Compilation events (10 events):
Event: 3.162 Thread 0x0000000014e19800 1423       3       com.android.dx.rop.code.AccessFlags::isAbstract (14 bytes)
Event: 3.162 Thread 0x0000000014e19800 nmethod 1423 0x0000000002c9da90 code [0x0000000002c9dbe0, 0x0000000002c9dd70]
Event: 3.162 Thread 0x0000000014e19800 1426       3       com.android.dx.rop.code.AccessFlags::isSynchronized (13 bytes)
Event: 3.162 Thread 0x0000000014e19800 nmethod 1426 0x0000000002c9de10 code [0x0000000002c9df60, 0x0000000002c9e0f0]
Event: 3.162 Thread 0x0000000014e19800 1427       3       com.android.dx.dex.file.EncodedMethod::<init> (68 bytes)
Event: 3.162 Thread 0x0000000014e19800 nmethod 1427 0x0000000002c9e190 code [0x0000000002c9e320, 0x0000000002c9e7d8]
Event: 3.162 Thread 0x0000000014e19800 1420       3       com.android.dx.dex.file.AnnotationItem::<init> (41 bytes)
Event: 3.163 Thread 0x0000000014e19800 nmethod 1420 0x0000000002c9e990 code [0x0000000002c9eb40, 0x0000000002c9f158]
Event: 3.163 Thread 0x0000000014e19800 1421       3       com.android.dx.dex.file.AnnotationItem::addContents (27 bytes)
Event: 3.163 Thread 0x0000000014e19800 nmethod 1421 0x0000000002c9f390 code [0x0000000002c9f500, 0x0000000002c9f8b8]

GC Heap History (2 events):
Event: 2.230 GC heap before
{Heap before GC invocations=1 (full 0):
 PSYoungGen      total 38400K, used 33280K [0x00000000eab00000, 0x00000000ed580000, 0x0000000100000000)
  eden space 33280K, 100% used [0x00000000eab00000,0x00000000ecb80000,0x00000000ecb80000)
  from space 5120K, 0% used [0x00000000ed080000,0x00000000ed080000,0x00000000ed580000)
  to   space 5120K, 0% used [0x00000000ecb80000,0x00000000ecb80000,0x00000000ed080000)
 ParOldGen       total 87552K, used 0K [0x00000000c0000000, 0x00000000c5580000, 0x00000000eab00000)
  object space 87552K, 0% used [0x00000000c0000000,0x00000000c0000000,0x00000000c5580000)
 Metaspace       used 5848K, capacity 6896K, committed 7040K, reserved 1056768K
  class space    used 588K, capacity 616K, committed 640K, reserved 1048576K
Event: 2.328 GC heap after
Heap after GC invocations=1 (full 0):
 PSYoungGen      total 38400K, used 5108K [0x00000000eab00000, 0x00000000ed580000, 0x0000000100000000)
  eden space 33280K, 0% used [0x00000000eab00000,0x00000000eab00000,0x00000000ecb80000)
  from space 5120K, 99% used [0x00000000ecb80000,0x00000000ed07d060,0x00000000ed080000)
  to   space 5120K, 0% used [0x00000000ed080000,0x00000000ed080000,0x00000000ed580000)
 ParOldGen       total 87552K, used 239K [0x00000000c0000000, 0x00000000c5580000, 0x00000000eab00000)
  object space 87552K, 0% used [0x00000000c0000000,0x00000000c003bf10,0x00000000c5580000)
 Metaspace       used 5848K, capacity 6896K, committed 7040K, reserved 1056768K
  class space    used 588K, capacity 616K, committed 640K, reserved 1048576K
}

Deoptimization events (10 events):
Event: 2.059 Thread 0x00000000169d2000 Uncommon trap: reason=unstable_if action=reinterpret pc=0x0000000002a261f0 method=com.android.dx.rop.code.RegisterSpec.equals(ILcom/android/dx/rop/type/TypeBearer;Lcom/android/dx/rop/code/LocalItem;)Z @ 16
Event: 2.059 Thread 0x00000000169d2000 Uncommon trap: reason=class_check action=maybe_recompile pc=0x0000000002aa3238 method=com.android.dx.rop.type.Type.equals(Ljava/lang/Object;)Z @ 8
Event: 2.059 Thread 0x00000000169d2000 Uncommon trap: reason=class_check action=maybe_recompile pc=0x0000000002aa3238 method=com.android.dx.rop.type.Type.equals(Ljava/lang/Object;)Z @ 8
Event: 2.059 Thread 0x00000000169d2000 Uncommon trap: reason=class_check action=maybe_recompile pc=0x0000000002aa3238 method=com.android.dx.rop.type.Type.equals(Ljava/lang/Object;)Z @ 8
Event: 2.060 Thread 0x00000000169d2000 Uncommon trap: reason=class_check action=maybe_recompile pc=0x0000000002a1a9e8 method=com.android.dx.rop.type.Type.equals(Ljava/lang/Object;)Z @ 8
Event: 2.062 Thread 0x0000000016a47000 Uncommon trap: reason=unstable_if action=reinterpret pc=0x0000000002b2942c method=com.android.dx.rop.code.RegisterSpec.equals(ILcom/android/dx/rop/type/TypeBearer;Lcom/android/dx/rop/code/LocalItem;)Z @ 16
Event: 2.062 Thread 0x0000000016a47000 Uncommon trap: reason=unstable_if action=reinterpret pc=0x0000000002b245b4 method=com.android.dx.rop.code.RegisterSpec.equals(ILcom/android/dx/rop/type/TypeBearer;Lcom/android/dx/rop/code/LocalItem;)Z @ 16
Event: 2.066 Thread 0x00000000169d2000 Uncommon trap: reason=unstable_if action=reinterpret pc=0x0000000002a5545c method=com.android.dx.rop.cst.Constant.compareTo(Lcom/android/dx/rop/cst/Constant;)I @ 12
Event: 2.070 Thread 0x0000000016a47000 Uncommon trap: reason=unstable_if action=reinterpret pc=0x00000000029f5424 method=java.util.HashMap.getNode(ILjava/lang/Object;)Ljava/util/HashMap$Node; @ 62
Event: 2.070 Thread 0x0000000016a47000 Uncommon trap: reason=unstable_if action=reinterpret pc=0x0000000002a04660 method=java.util.HashMap.getNode(ILjava/lang/Object;)Ljava/util/HashMap$Node; @ 62

Internal exceptions (2 events):
Event: 0.247 Thread 0x00000000025ed800 Exception <a 'java/lang/NoSuchMethodError': Method sun.misc.Unsafe.defineClass(Ljava/lang/String;[BII)Ljava/lang/Class; name or signature does not match> (0x00000000eab07cc0) thrown at [D:\re\workspace\8-2-build-windows-amd64-cygwin\jdk8u92\6642\hotspot\srˇùÌ8’Øœ?
Event: 0.248 Thread 0x00000000025ed800 Exception <a 'java/lang/NoSuchMethodError': Method sun.misc.Unsafe.prefetchRead(Ljava/lang/Object;J)V name or signature does not match> (0x00000000eab07fa8) thrown at [D:\re\workspace\8-2-build-windows-amd64-cygwin\jdk8u92\6642\hotspot\src\share\vm\prims\j

Events (10 events):
Event: 2.083 loading class com/android/dx/dex/file/FieldAnnotationStruct
Event: 2.083 loading class com/android/dx/dex/file/FieldAnnotationStruct done
Event: 2.086 Executing VM operation: ParallelGCFailedAllocation
Event: 2.328 Executing VM operation: ParallelGCFailedAllocation done
Event: 2.337 loading class java/util/TreeMap$EntrySet
Event: 2.337 loading class java/util/TreeMap$EntrySet done
Event: 2.337 loading class java/util/TreeMap$EntryIterator
Event: 2.338 loading class java/util/TreeMap$EntryIterator done
Event: 2.338 Executing VM operation: Deoptimize
Event: 2.338 Executing VM operation: Deoptimize done


Dynamic libraries:
0x00007ff684d40000 - 0x00007ff684d77000 	C:\Program Files\Java\jdk1.8.0_92\bin\java.exe
0x00007ffcdb7e0000 - 0x00007ffcdb98d000 	C:\Windows\SYSTEM32\ntdll.dll
0x00007ffcdb4d0000 - 0x00007ffcdb60e000 	C:\Windows\system32\KERNEL32.DLL
0x00007ffcd8b60000 - 0x00007ffcd8c75000 	C:\Windows\system32\KERNELBASE.dll
0x00007ffcd74c0000 - 0x00007ffcd754e000 	C:\Windows\system32\apphelp.dll
0x00007ffca76d0000 - 0x00007ffca7723000 	C:\Windows\AppPatch\AppPatch64\AcGenral.DLL
0x00007ffcdb730000 - 0x00007ffcdb7da000 	C:\Windows\system32\msvcrt.dll
0x00007ffcd8b30000 - 0x00007ffcd8b5e000 	C:\Windows\system32\SspiCli.dll
0x00007ffcdb6d0000 - 0x00007ffcdb724000 	C:\Windows\system32\SHLWAPI.dll
0x00007ffcd9570000 - 0x00007ffcd96e7000 	C:\Windows\system32\USER32.dll
0x00007ffcd9750000 - 0x00007ffcd98e4000 	C:\Windows\system32\ole32.dll
0x00007ffcd9a10000 - 0x00007ffcdaf38000 	C:\Windows\system32\SHELL32.dll
0x00007ffcd7ec0000 - 0x00007ffcd7ee1000 	C:\Windows\SYSTEM32\USERENV.dll
0x00007ffcd98f0000 - 0x00007ffcd999a000 	C:\Windows\system32\ADVAPI32.dll
0x00007ffcd5b90000 - 0x00007ffcd5bae000 	C:\Windows\SYSTEM32\MPR.dll
0x00007ffcdb390000 - 0x00007ffcdb4d0000 	C:\Windows\system32\RPCRT4.dll
0x00007ffcd96f0000 - 0x00007ffcd9749000 	C:\Windows\SYSTEM32\sechost.dll
0x00007ffcdb150000 - 0x00007ffcdb362000 	C:\Windows\SYSTEM32\combase.dll
0x00007ffcdb000000 - 0x00007ffcdb14f000 	C:\Windows\system32\GDI32.dll
0x00007ffcd8900000 - 0x00007ffcd8915000 	C:\Windows\SYSTEM32\profapi.dll
0x00007ffcd6cd0000 - 0x00007ffcd6d82000 	C:\Windows\SYSTEM32\SHCORE.dll
0x00007ffcd9180000 - 0x00007ffcd91b6000 	C:\Windows\system32\IMM32.DLL
0x00007ffcd8e60000 - 0x00007ffcd8fb2000 	C:\Windows\system32\MSCTF.dll
0x00007ffcd6610000 - 0x00007ffcd688b000 	C:\Windows\WinSxS\amd64_microsoft.windows.common-controls_6595b64144ccf1df_6.0.9600.18006_none_623f33d3ecbe86e8\COMCTL32.dll
0x000000006a380000 - 0x000000006a452000 	C:\Program Files\Java\jdk1.8.0_92\jre\bin\msvcr100.dll
0x0000000069ae0000 - 0x000000006a376000 	C:\Program Files\Java\jdk1.8.0_92\jre\bin\server\jvm.dll
0x00007ffcce8c0000 - 0x00007ffcce8c9000 	C:\Windows\SYSTEM32\WSOCK32.dll
0x00007ffcd05b0000 - 0x00007ffcd05d2000 	C:\Windows\SYSTEM32\WINMM.dll
0x00007ffccf0f0000 - 0x00007ffccf0fa000 	C:\Windows\SYSTEM32\VERSION.dll
0x00007ffcd92a0000 - 0x00007ffcd92a7000 	C:\Windows\system32\PSAPI.DLL
0x00007ffcd9230000 - 0x00007ffcd928a000 	C:\Windows\system32\WS2_32.dll
0x00007ffcd0580000 - 0x00007ffcd05aa000 	C:\Windows\SYSTEM32\WINMMBASE.dll
0x00007ffcd9560000 - 0x00007ffcd9569000 	C:\Windows\system32\NSI.dll
0x00007ffcd8a80000 - 0x00007ffcd8acf000 	C:\Windows\SYSTEM32\cfgmgr32.dll
0x00007ffcd7720000 - 0x00007ffcd7748000 	C:\Windows\SYSTEM32\DEVOBJ.dll
0x0000000069ad0000 - 0x0000000069adf000 	C:\Program Files\Java\jdk1.8.0_92\jre\bin\verify.dll
0x0000000069aa0000 - 0x0000000069ac9000 	C:\Program Files\Java\jdk1.8.0_92\jre\bin\java.dll
0x0000000069a80000 - 0x0000000069a96000 	C:\Program Files\Java\jdk1.8.0_92\jre\bin\zip.dll

VM Arguments:
jvm_args: -Djava.awt.headless=true -Xmx1024M -Dfile.encoding=windows-1252 -Duser.country=DE -Duser.language=de -Duser.variant 
java_command: com.android.dx.command.Main --dex --force-jumbo --num-threads=4 --multi-dex --output D:\Projects\Me4d\app_repo\Data4All-1.3\app\build\intermediates\transforms\dex\debug\folders\1000\10\com.android.support-support-compat-26.0.0-alpha1_08bcc6a1b7a46fcd7db5a780878da24c7179e6b5 D:\Projects\Me4d\app_repo\Data4All-1.3\app\build\intermediates\exploded-aar\com.android.support\support-compat\26.0.0-alpha1\jars\classes.jar
java_class_path (initial): E:\android\sdk\build-tools\23.0.3\lib\dx.jar
Launcher Type: SUN_STANDARD

Environment Variables:
JAVA_HOME=C:\Program Files\Java\jdk1.8.0_92\
PATH=C:\Program Files (x86)\NVIDIA Corporation\PhysX\Common;C:\ProgramData\Oracle\Java\javapath;C:\Windows\system32;C:\Windows;C:\Windows\System32\Wbem;C:\Windows\System32\WindowsPowerShell\v1.0\;C:\Program Files (x86)\ATI Technologies\ATI.ACE\Core-Static;C:\Program Files\Intel\WiFi\bin\;C:\Program Files\Common Files\Intel\WirelessCommon\;C:\Program Files (x86)\nodejs\;C:\Program Files (x86)\GtkSharp\2.12\bin;C:\Program Files\Java\jdk1.8.0_92\bin;C:\Program Files (x86)\Java\jre7\bin;C:\Users\len\AppData\Local\Programs\Git\cmd;C:\Users\len\AppData\Roaming\npm;C:\adb;C:\Program Files\Git\cmd;E:\android\sdk\tools;E:\android\sdk\platform-tools\;C:\Program Files\Microsoft SQL Server\120\Tools\Binn\;C:\Program Files\Microsoft SQL Server\130\Tools\Binn\;%OPENCV_DIR%\bin;C:\Program Files\MiKTeX 2.9\miktex\bin\x64\;C:\Program Files (x86)\Skype\Phone\;C:\Program Files\TortoiseGit\bin;C:\Program Files\Java\jdk1.8.0_92\apache-maven-3.5.0\bin;C:\Program Files\Intel\WiFi\bin\;C:\Program Files\Common Files\Intel\WirelessCommon\;C:\Program Files (x86)\Java\jre7\bin;C:\Users\len\AppData\Local\Programs\Git\cmd;C:\Users\len\AppData\Roaming\npm;C:\Program Files\Java\jdk1.8.0_92\apache-maven-3.5.0\bin
USERNAME=len
OS=Windows_NT
PROCESSOR_IDENTIFIER=Intel64 Family 6 Model 61 Stepping 4, GenuineIntel



---------------  S Y S T E M  ---------------

OS: Windows 8.1 , 64 bit Build 9600 (6.3.9600.17415)

CPU:total 4 (2 cores per cpu, 2 threads per core) family 6 model 61 stepping 4, cmov, cx8, fxsr, mmx, sse, sse2, sse3, ssse3, sse4.1, sse4.2, popcnt, avx, avx2, aes, clmul, erms, 3dnowpref, lzcnt, ht, tsc, tscinvbit, bmi1, bmi2, adx

Memory: 4k page, physical 8306224k(880120k free), swap 11451952k(7428k free)

vm_info: Java HotSpot(TM) 64-Bit Server VM (25.92-b14) for windows-amd64 JRE (1.8.0_92-b14), built on Mar 31 2016 21:03:04 by "java_re" with MS VC++ 10.0 (VS2010)

time: Wed May 17 13:06:47 2017
elapsed time: 3 seconds (0d 0h 0m 3s)

