#
# There is insufficient memory for the Java Runtime Environment to continue.
# Native memory allocation (malloc) failed to allocate 762896 bytes for Chunk::new
# Possible reasons:
#   The system is out of physical RAM or swap space
#   In 32 bit mode, the process size limit was hit
# Possible solutions:
#   Reduce memory load on the system
#   Increase physical memory or swap space
#   Check if swap backing store is full
#   Use 64 bit Java on a 64 bit OS
#   Decrease Java heap size (-Xmx/-Xms)
#   Decrease number of Java threads
#   Decrease Java thread stack sizes (-Xss)
#   Set larger code cache with -XX:ReservedCodeCacheSize=
# This output file may be truncated or incomplete.
#
#  Out of Memory Error (allocation.cpp:390), pid=4676, tid=0x0000000000002ad4
#
# JRE version: Java(TM) SE Runtime Environment (8.0_92-b14) (build 1.8.0_92-b14)
# Java VM: Java HotSpot(TM) 64-Bit Server VM (25.92-b14 mixed mode windows-amd64 compressed oops)
# Failed to write core dump. Minidumps are not enabled by default on client versions of Windows
#

---------------  T H R E A D  ---------------

Current thread (0x00000000152f6800):  JavaThread "C2 CompilerThread1" daemon [_thread_in_native, id=10964, stack(0x0000000016a20000,0x0000000016b20000)]

Stack: [0x0000000016a20000,0x0000000016b20000]
[error occurred during error reporting (printing stack bounds), id 0xc0000005]

Native frames: (J=compiled Java code, j=interpreted, Vv=VM code, C=native code)


Current CompileTask:
C2:  11040 2307   !   4       com.android.dx.cf.code.BytecodeArray::parseInstruction (2764 bytes)


---------------  P R O C E S S  ---------------

Java Threads: ( => current thread )
  0x0000000016e72800 JavaThread "pool-2-thread-4" [_thread_in_Java, id=4732, stack(0x0000000017620000,0x0000000017720000)]
  0x0000000016e6e000 JavaThread "pool-2-thread-3" [_thread_in_Java, id=7060, stack(0x0000000017520000,0x0000000017620000)]
  0x0000000016e6d000 JavaThread "pool-2-thread-2" [_thread_in_Java, id=4332, stack(0x0000000017420000,0x0000000017520000)]
  0x0000000016e8c000 JavaThread "pool-3-thread-1" [_thread_blocked, id=10536, stack(0x0000000017320000,0x0000000017420000)]
  0x0000000016e8b000 JavaThread "pool-2-thread-1" [_thread_in_Java, id=7620, stack(0x0000000017220000,0x0000000017320000)]
  0x00000000152fe000 JavaThread "Service Thread" daemon [_thread_blocked, id=9660, stack(0x0000000017020000,0x0000000017120000)]
  0x00000000152f9800 JavaThread "C1 CompilerThread2" daemon [_thread_blocked, id=6784, stack(0x0000000016b20000,0x0000000016c20000)]
=>0x00000000152f6800 JavaThread "C2 CompilerThread1" daemon [_thread_in_native, id=10964, stack(0x0000000016a20000,0x0000000016b20000)]
  0x000000001529d800 JavaThread "C2 CompilerThread0" daemon [_thread_blocked, id=8132, stack(0x0000000016920000,0x0000000016a20000)]
  0x000000001529b800 JavaThread "Attach Listener" daemon [_thread_blocked, id=7072, stack(0x0000000016820000,0x0000000016920000)]
  0x000000001529a000 JavaThread "Signal Dispatcher" daemon [_thread_blocked, id=6760, stack(0x0000000016720000,0x0000000016820000)]
  0x000000001528a800 JavaThread "Finalizer" daemon [_thread_blocked, id=2636, stack(0x0000000016510000,0x0000000016610000)]
  0x0000000015269000 JavaThread "Reference Handler" daemon [_thread_blocked, id=7196, stack(0x0000000016410000,0x0000000016510000)]
  0x000000000292d800 JavaThread "main" [_thread_in_Java, id=4136, stack(0x00000000029d0000,0x0000000002ad0000)]

Other Threads:
  0x0000000015267800 VMThread [stack: 0x0000000016310000,0x0000000016410000] [id=2536]
  0x0000000016c23800 WatcherThread [stack: 0x0000000017120000,0x0000000017220000] [id=10372]

VM state:not at safepoint (normal execution)

VM Mutex/Monitor currently owned by a thread: None

Heap:
 PSYoungGen      total 289792K, used 267682K [0x00000000eab00000, 0x00000000ff500000, 0x0000000100000000)
  eden space 260096K, 91% used [0x00000000eab00000,0x00000000f93e3630,0x00000000fa900000)
  from space 29696K, 98% used [0x00000000fcc00000,0x00000000fe885488,0x00000000fe900000)
  to   space 35840K, 0% used [0x00000000fa900000,0x00000000fa900000,0x00000000fcc00000)
 ParOldGen       total 87552K, used 45844K [0x00000000c0000000, 0x00000000c5580000, 0x00000000eab00000)
  object space 87552K, 52% used [0x00000000c0000000,0x00000000c2cc5338,0x00000000c5580000)
 Metaspace       used 6480K, capacity 7192K, committed 7424K, reserved 1056768K
  class space    used 614K, capacity 656K, committed 768K, reserved 1048576K

Card table byte_map: [0x0000000011f90000,0x00000000121a0000] byte_map_base: 0x0000000011990000

Marking Bits: (ParMarkBitMap*) 0x000000006a2f64f0
 Begin Bits: [0x0000000012700000, 0x0000000013700000)
 End Bits:   [0x0000000013700000, 0x0000000014700000)

Polling page: 0x0000000001140000

CodeCache: size=245760Kb used=9816Kb max_used=9832Kb free=235943Kb
 bounds [0x0000000002bd0000, 0x0000000003580000, 0x0000000011bd0000]
 total_blobs=2450 nmethods=2181 adapters=181
 compilation: enabled

Compilation events (10 events):
Event: 10.822 Thread 0x000000001529d800 2304       4       com.android.dx.ssa.ConstCollector::getConstsSortedByCountUse (386 bytes)
Event: 10.918 Thread 0x00000000152f6800 nmethod 2291% 0x0000000003567c50 code [0x00000000035680e0, 0x000000000356b540]
Event: 10.918 Thread 0x00000000152f6800 2307   !   4       com.android.dx.cf.code.BytecodeArray::parseInstruction (2764 bytes)
Event: 10.963 Thread 0x000000001529d800 nmethod 2304 0x0000000003570390 code [0x0000000003570740, 0x00000000035734b8]
Event: 10.963 Thread 0x000000001529d800 2301       4       com.android.dx.ssa.SCCP::<init> (142 bytes)
Event: 10.973 Thread 0x000000001529d800 nmethod 2301 0x0000000003501c10 code [0x0000000003501dc0, 0x0000000003502618]
Event: 10.974 Thread 0x000000001529d800 2297       4       com.android.dx.cf.code.BaseMachine::auxCstArg (20 bytes)
Event: 10.974 Thread 0x000000001529d800 nmethod 2297 0x00000000034df910 code [0x00000000034dfa40, 0x00000000034dfad8]
Event: 10.974 Thread 0x000000001529d800 2288       4       com.android.dx.rop.code.Rops::pickBinaryOp (158 bytes)
Event: 10.978 Thread 0x000000001529d800 nmethod 2288 0x0000000003515b10 code [0x0000000003515c80, 0x0000000003515ec8]

GC Heap History (10 events):
Event: 3.672 GC heap before
{Heap before GC invocations=2 (full 0):
 PSYoungGen      total 38400K, used 38338K [0x00000000eab00000, 0x00000000ef600000, 0x0000000100000000)
  eden space 33280K, 100% used [0x00000000eab00000,0x00000000ecb80000,0x00000000ecb80000)
  from space 5120K, 98% used [0x00000000ecb80000,0x00000000ed070900,0x00000000ed080000)
  to   space 5120K, 0% used [0x00000000ef100000,0x00000000ef100000,0x00000000ef600000)
 ParOldGen       total 87552K, used 16K [0x00000000c0000000, 0x00000000c5580000, 0x00000000eab00000)
  object space 87552K, 0% used [0x00000000c0000000,0x00000000c0004000,0x00000000c5580000)
 Metaspace       used 6039K, capacity 6962K, committed 7040K, reserved 1056768K
  class space    used 592K, capacity 618K, committed 640K, reserved 1048576K
Event: 3.782 GC heap after
Heap after GC invocations=2 (full 0):
 PSYoungGen      total 71680K, used 5116K [0x00000000eab00000, 0x00000000ef600000, 0x0000000100000000)
  eden space 66560K, 0% used [0x00000000eab00000,0x00000000eab00000,0x00000000eec00000)
  from space 5120K, 99% used [0x00000000ef100000,0x00000000ef5ff050,0x00000000ef600000)
  to   space 5120K, 0% used [0x00000000eec00000,0x00000000eec00000,0x00000000ef100000)
 ParOldGen       total 87552K, used 2552K [0x00000000c0000000, 0x00000000c5580000, 0x00000000eab00000)
  object space 87552K, 2% used [0x00000000c0000000,0x00000000c027e210,0x00000000c5580000)
 Metaspace       used 6039K, capacity 6962K, committed 7040K, reserved 1056768K
  class space    used 592K, capacity 618K, committed 640K, reserved 1048576K
}
Event: 5.667 GC heap before
{Heap before GC invocations=3 (full 0):
 PSYoungGen      total 71680K, used 71676K [0x00000000eab00000, 0x00000000ef600000, 0x0000000100000000)
  eden space 66560K, 100% used [0x00000000eab00000,0x00000000eec00000,0x00000000eec00000)
  from space 5120K, 99% used [0x00000000ef100000,0x00000000ef5ff050,0x00000000ef600000)
  to   space 5120K, 0% used [0x00000000eec00000,0x00000000eec00000,0x00000000ef100000)
 ParOldGen       total 87552K, used 2552K [0x00000000c0000000, 0x00000000c5580000, 0x00000000eab00000)
  object space 87552K, 2% used [0x00000000c0000000,0x00000000c027e210,0x00000000c5580000)
 Metaspace       used 6202K, capacity 7026K, committed 7296K, reserved 1056768K
  class space    used 592K, capacity 618K, committed 640K, reserved 1048576K
Event: 5.774 GC heap after
Heap after GC invocations=3 (full 0):
 PSYoungGen      total 71680K, used 5116K [0x00000000eab00000, 0x00000000f3700000, 0x0000000100000000)
  eden space 66560K, 0% used [0x00000000eab00000,0x00000000eab00000,0x00000000eec00000)
  from space 5120K, 99% used [0x00000000eec00000,0x00000000ef0ff050,0x00000000ef100000)
  to   space 5120K, 0% used [0x00000000f3200000,0x00000000f3200000,0x00000000f3700000)
 ParOldGen       total 87552K, used 12361K [0x00000000c0000000, 0x00000000c5580000, 0x00000000eab00000)
  object space 87552K, 14% used [0x00000000c0000000,0x00000000c0c124a8,0x00000000c5580000)
 Metaspace       used 6202K, capacity 7026K, committed 7296K, reserved 1056768K
  class space    used 592K, capacity 618K, committed 640K, reserved 1048576K
}
Event: 6.503 GC heap before
{Heap before GC invocations=4 (full 0):
 PSYoungGen      total 71680K, used 71676K [0x00000000eab00000, 0x00000000f3700000, 0x0000000100000000)
  eden space 66560K, 100% used [0x00000000eab00000,0x00000000eec00000,0x00000000eec00000)
  from space 5120K, 99% used [0x00000000eec00000,0x00000000ef0ff050,0x00000000ef100000)
  to   space 5120K, 0% used [0x00000000f3200000,0x00000000f3200000,0x00000000f3700000)
 ParOldGen       total 87552K, used 12361K [0x00000000c0000000, 0x00000000c5580000, 0x00000000eab00000)
  object space 87552K, 14% used [0x00000000c0000000,0x00000000c0c124a8,0x00000000c5580000)
 Metaspace       used 6253K, capacity 7090K, committed 7296K, reserved 1056768K
  class space    used 592K, capacity 618K, committed 640K, reserved 1048576K
Event: 6.584 GC heap after
Heap after GC invocations=4 (full 0):
 PSYoungGen      total 138240K, used 5104K [0x00000000eab00000, 0x00000000f3700000, 0x0000000100000000)
  eden space 133120K, 0% used [0x00000000eab00000,0x00000000eab00000,0x00000000f2d00000)
  from space 5120K, 99% used [0x00000000f3200000,0x00000000f36fc010,0x00000000f3700000)
  to   space 5120K, 0% used [0x00000000f2d00000,0x00000000f2d00000,0x00000000f3200000)
 ParOldGen       total 87552K, used 23322K [0x00000000c0000000, 0x00000000c5580000, 0x00000000eab00000)
  object space 87552K, 26% used [0x00000000c0000000,0x00000000c16c6b18,0x00000000c5580000)
 Metaspace       used 6253K, capacity 7090K, committed 7296K, reserved 1056768K
  class space    used 592K, capacity 618K, committed 640K, reserved 1048576K
}
Event: 7.315 GC heap before
{Heap before GC invocations=5 (full 0):
 PSYoungGen      total 138240K, used 138224K [0x00000000eab00000, 0x00000000f3700000, 0x0000000100000000)
  eden space 133120K, 100% used [0x00000000eab00000,0x00000000f2d00000,0x00000000f2d00000)
  from space 5120K, 99% used [0x00000000f3200000,0x00000000f36fc010,0x00000000f3700000)
  to   space 5120K, 0% used [0x00000000f2d00000,0x00000000f2d00000,0x00000000f3200000)
 ParOldGen       total 87552K, used 23322K [0x00000000c0000000, 0x00000000c5580000, 0x00000000eab00000)
  object space 87552K, 26% used [0x00000000c0000000,0x00000000c16c6b18,0x00000000c5580000)
 Metaspace       used 6319K, capacity 7090K, committed 7296K, reserved 1056768K
  class space    used 592K, capacity 618K, committed 640K, reserved 1048576K
Event: 7.398 GC heap after
Heap after GC invocations=5 (full 0):
 PSYoungGen      total 138240K, used 5088K [0x00000000eab00000, 0x00000000fe900000, 0x0000000100000000)
  eden space 133120K, 0% used [0x00000000eab00000,0x00000000eab00000,0x00000000f2d00000)
  from space 5120K, 99% used [0x00000000f2d00000,0x00000000f31f8010,0x00000000f3200000)
  to   space 29696K, 0% used [0x00000000fcc00000,0x00000000fcc00000,0x00000000fe900000)
 ParOldGen       total 87552K, used 45836K [0x00000000c0000000, 0x00000000c5580000, 0x00000000eab00000)
  object space 87552K, 52% used [0x00000000c0000000,0x00000000c2cc3338,0x00000000c5580000)
 Metaspace       used 6319K, capacity 7090K, committed 7296K, reserved 1056768K
  class space    used 592K, capacity 618K, committed 640K, reserved 1048576K
}
Event: 8.125 GC heap before
{Heap before GC invocations=6 (full 0):
 PSYoungGen      total 138240K, used 138208K [0x00000000eab00000, 0x00000000fe900000, 0x0000000100000000)
  eden space 133120K, 100% used [0x00000000eab00000,0x00000000f2d00000,0x00000000f2d00000)
  from space 5120K, 99% used [0x00000000f2d00000,0x00000000f31f8010,0x00000000f3200000)
  to   space 29696K, 0% used [0x00000000fcc00000,0x00000000fcc00000,0x00000000fe900000)
 ParOldGen       total 87552K, used 45836K [0x00000000c0000000, 0x00000000c5580000, 0x00000000eab00000)
  object space 87552K, 52% used [0x00000000c0000000,0x00000000c2cc3338,0x00000000c5580000)
 Metaspace       used 6354K, capacity 7154K, committed 7296K, reserved 1056768K
  class space    used 593K, capacity 618K, committed 640K, reserved 1048576K
Event: 8.216 GC heap after
Heap after GC invocations=6 (full 0):
 PSYoungGen      total 289792K, used 29205K [0x00000000eab00000, 0x00000000ff500000, 0x0000000100000000)
  eden space 260096K, 0% used [0x00000000eab00000,0x00000000eab00000,0x00000000fa900000)
  from space 29696K, 98% used [0x00000000fcc00000,0x00000000fe885488,0x00000000fe900000)
  to   space 35840K, 0% used [0x00000000fa900000,0x00000000fa900000,0x00000000fcc00000)
 ParOldGen       total 87552K, used 45844K [0x00000000c0000000, 0x00000000c5580000, 0x00000000eab00000)
  object space 87552K, 52% used [0x00000000c0000000,0x00000000c2cc5338,0x00000000c5580000)
 Metaspace       used 6354K, capacity 7154K, committed 7296K, reserved 1056768K
  class space    used 593K, capacity 618K, committed 640K, reserved 1048576K
}

Deoptimization events (10 events):
Event: 8.067 Thread 0x0000000016e8b000 Uncommon trap: reason=bimorphic action=maybe_recompile pc=0x000000000338cc70 method=com.android.dx.cf.code.BytecodeArray.parseInstruction(ILcom/android/dx/cf/code/BytecodeArray$Visitor;)I @ 1327
Event: 8.461 Thread 0x0000000016e6e000 Uncommon trap: reason=unstable_if action=reinterpret pc=0x0000000002ee73a4 method=java.util.HashMap.putVal(ILjava/lang/Object;Ljava/lang/Object;ZZ)Ljava/lang/Object; @ 162
Event: 8.572 Thread 0x0000000016e6e000 Uncommon trap: reason=unstable_if action=reinterpret pc=0x00000000033df374 method=java.util.HashMap.putVal(ILjava/lang/Object;Ljava/lang/Object;ZZ)Ljava/lang/Object; @ 162
Event: 9.786 Thread 0x000000000292d800 Uncommon trap: reason=bimorphic action=maybe_recompile pc=0x000000000342b800 method=com.android.dx.cf.code.BytecodeArray.parseInstruction(ILcom/android/dx/cf/code/BytecodeArray$Visitor;)I @ 1687
Event: 9.787 Thread 0x000000000292d800 Uncommon trap: reason=bimorphic action=maybe_recompile pc=0x000000000342b800 method=com.android.dx.cf.code.BytecodeArray.parseInstruction(ILcom/android/dx/cf/code/BytecodeArray$Visitor;)I @ 1687
Event: 9.818 Thread 0x000000000292d800 Uncommon trap: reason=unstable_if action=reinterpret pc=0x00000000032471b8 method=java.util.HashMap.putVal(ILjava/lang/Object;Ljava/lang/Object;ZZ)Ljava/lang/Object; @ 109
Event: 10.055 Thread 0x0000000016e6e000 Uncommon trap: reason=unstable_if action=reinterpret pc=0x0000000003335e10 method=java.util.HashMap.resize()[Ljava/util/HashMap$Node; @ 206
Event: 10.825 Thread 0x0000000016e6d000 Uncommon trap: reason=bimorphic action=maybe_recompile pc=0x00000000034ea540 method=com.android.dx.cf.code.BytecodeArray.parseInstruction(ILcom/android/dx/cf/code/BytecodeArray$Visitor;)I @ 1477
Event: 10.826 Thread 0x0000000016e6d000 Uncommon trap: reason=bimorphic action=maybe_recompile pc=0x00000000034ea540 method=com.android.dx.cf.code.BytecodeArray.parseInstruction(ILcom/android/dx/cf/code/BytecodeArray$Visitor;)I @ 1477
Event: 10.827 Thread 0x0000000016e6d000 Uncommon trap: reason=speculate_class_check action=maybe_recompile pc=0x0000000003380480 method=com.android.dx.rop.cst.TypedConstant.getBasicType()I @ 1

Internal exceptions (6 events):
Event: 0.548 Thread 0x000000000292d800 Exception <a 'java/lang/NoSuchMethodError': Method sun.misc.Unsafe.defineClass(Ljava/lang/String;[BII)Ljava/lang/Class; name or signature does not match> (0x00000000eab07cc0) thrown at [D:\re\workspace\8-2-build-windows-amd64-cygwin\jdk8u92\6642\hotspot\srÎ®!ù∫â·?
Event: 0.548 Thread 0x000000000292d800 Exception <a 'java/lang/NoSuchMethodError': Method sun.misc.Unsafe.prefetchRead(Ljava/lang/Object;J)V name or signature does not match> (0x00000000eab07fa8) thrown at [D:\re\workspace\8-2-build-windows-amd64-cygwin\jdk8u92\6642\hotspot\src\share\vm\prims\j™|9≈!œ@
Event: 3.101 Thread 0x0000000016e72800 Implicit null exception at 0x0000000002ee3b22 to 0x0000000002ee3c1a
Event: 8.463 Thread 0x0000000016e6e000 Exception <a 'java/lang/ArrayIndexOutOfBoundsException': 18> (0x00000000ed5c17e8) thrown at [D:\re\workspace\8-2-build-windows-amd64-cygwin\jdk8u92\6642\hotspot\src\share\vm\interpreter\interpreterRuntime.cpp, line 366]
Event: 8.463 Thread 0x0000000016e6e000 Exception <a 'java/lang/ArrayIndexOutOfBoundsException': 145> (0x00000000ed5c3368) thrown at [D:\re\workspace\8-2-build-windows-amd64-cygwin\jdk8u92\6642\hotspot\src\share\vm\interpreter\interpreterRuntime.cpp, line 366]
Event: 8.464 Thread 0x0000000016e6e000 Exception <a 'java/lang/ArrayIndexOutOfBoundsException'> (0x00000000ed5c4650) thrown at [D:\re\workspace\8-2-build-windows-amd64-cygwin\jdk8u92\6642\hotspot\src\share\vm\runtime\sharedRuntime.cpp, line 605]

Events (10 events):
Event: 10.816 Thread 0x0000000016e8b000 DEOPT UNPACKING pc=0x0000000002c1787f sp=0x000000001731eb98 mode 0
Event: 10.825 Thread 0x0000000016e6d000 Uncommon trap: trap_request=0xffffffc6 fr.pc=0x00000000034ea540
Event: 10.825 Thread 0x0000000016e6d000 DEOPT PACKING pc=0x00000000034ea540 sp=0x000000001751e500
Event: 10.826 Thread 0x0000000016e6d000 DEOPT UNPACKING pc=0x0000000002c1582a sp=0x000000001751e468 mode 2
Event: 10.826 Thread 0x0000000016e6d000 Uncommon trap: trap_request=0xffffffc6 fr.pc=0x00000000034ea540
Event: 10.826 Thread 0x0000000016e6d000 DEOPT PACKING pc=0x00000000034ea540 sp=0x000000001751e580
Event: 10.826 Thread 0x0000000016e6d000 DEOPT UNPACKING pc=0x0000000002c1582a sp=0x000000001751e4e8 mode 2
Event: 10.827 Thread 0x0000000016e6d000 Uncommon trap: trap_request=0xffffff76 fr.pc=0x0000000003380480
Event: 10.827 Thread 0x0000000016e6d000 DEOPT PACKING pc=0x0000000003380480 sp=0x000000001751e650
Event: 10.827 Thread 0x0000000016e6d000 DEOPT UNPACKING pc=0x0000000002c1582a sp=0x000000001751e590 mode 2


Dynamic libraries:
0x00007ff684d40000 - 0x00007ff684d77000 	C:\Program Files\Java\jdk1.8.0_92\bin\java.exe
0x00007ffcdb7e0000 - 0x00007ffcdb98d000 	C:\Windows\SYSTEM32\ntdll.dll
0x00007ffcdb4d0000 - 0x00007ffcdb60e000 	C:\Windows\system32\KERNEL32.DLL
0x00007ffcd8b60000 - 0x00007ffcd8c75000 	C:\Windows\system32\KERNELBASE.dll
0x00007ffcd74c0000 - 0x00007ffcd754e000 	C:\Windows\system32\apphelp.dll
0x00007ffca76d0000 - 0x00007ffca7723000 	C:\Windows\AppPatch\AppPatch64\AcGenral.DLL
0x00007ffcdb730000 - 0x00007ffcdb7da000 	C:\Windows\system32\msvcrt.dll
0x00007ffcd8b30000 - 0x00007ffcd8b5e000 	C:\Windows\system32\SspiCli.dll
0x00007ffcdb6d0000 - 0x00007ffcdb724000 	C:\Windows\system32\SHLWAPI.dll
0x00007ffcd9570000 - 0x00007ffcd96e7000 	C:\Windows\system32\USER32.dll
0x00007ffcd9750000 - 0x00007ffcd98e4000 	C:\Windows\system32\ole32.dll
0x00007ffcd9a10000 - 0x00007ffcdaf38000 	C:\Windows\system32\SHELL32.dll
0x00007ffcd7ec0000 - 0x00007ffcd7ee1000 	C:\Windows\SYSTEM32\USERENV.dll
0x00007ffcd98f0000 - 0x00007ffcd999a000 	C:\Windows\system32\ADVAPI32.dll
0x00007ffcd5b90000 - 0x00007ffcd5bae000 	C:\Windows\SYSTEM32\MPR.dll
0x00007ffcdb390000 - 0x00007ffcdb4d0000 	C:\Windows\system32\RPCRT4.dll
0x00007ffcd96f0000 - 0x00007ffcd9749000 	C:\Windows\SYSTEM32\sechost.dll
0x00007ffcdb150000 - 0x00007ffcdb362000 	C:\Windows\SYSTEM32\combase.dll
0x00007ffcdb000000 - 0x00007ffcdb14f000 	C:\Windows\system32\GDI32.dll
0x00007ffcd8900000 - 0x00007ffcd8915000 	C:\Windows\SYSTEM32\profapi.dll
0x00007ffcd6cd0000 - 0x00007ffcd6d82000 	C:\Windows\SYSTEM32\SHCORE.dll
0x00007ffcd9180000 - 0x00007ffcd91b6000 	C:\Windows\system32\IMM32.DLL
0x00007ffcd8e60000 - 0x00007ffcd8fb2000 	C:\Windows\system32\MSCTF.dll
0x00007ffcd6610000 - 0x00007ffcd688b000 	C:\Windows\WinSxS\amd64_microsoft.windows.common-controls_6595b64144ccf1df_6.0.9600.18006_none_623f33d3ecbe86e8\COMCTL32.dll
0x000000006a380000 - 0x000000006a452000 	C:\Program Files\Java\jdk1.8.0_92\jre\bin\msvcr100.dll
0x0000000069ae0000 - 0x000000006a376000 	C:\Program Files\Java\jdk1.8.0_92\jre\bin\server\jvm.dll
0x00007ffcce8c0000 - 0x00007ffcce8c9000 	C:\Windows\SYSTEM32\WSOCK32.dll
0x00007ffcd05b0000 - 0x00007ffcd05d2000 	C:\Windows\SYSTEM32\WINMM.dll
0x00007ffccf0f0000 - 0x00007ffccf0fa000 	C:\Windows\SYSTEM32\VERSION.dll
0x00007ffcd92a0000 - 0x00007ffcd92a7000 	C:\Windows\system32\PSAPI.DLL
0x00007ffcd9230000 - 0x00007ffcd928a000 	C:\Windows\system32\WS2_32.dll
0x00007ffcd0580000 - 0x00007ffcd05aa000 	C:\Windows\SYSTEM32\WINMMBASE.dll
0x00007ffcd9560000 - 0x00007ffcd9569000 	C:\Windows\system32\NSI.dll
0x00007ffcd8a80000 - 0x00007ffcd8acf000 	C:\Windows\SYSTEM32\cfgmgr32.dll
0x00007ffcd7720000 - 0x00007ffcd7748000 	C:\Windows\SYSTEM32\DEVOBJ.dll
0x0000000069ad0000 - 0x0000000069adf000 	C:\Program Files\Java\jdk1.8.0_92\jre\bin\verify.dll
0x0000000069aa0000 - 0x0000000069ac9000 	C:\Program Files\Java\jdk1.8.0_92\jre\bin\java.dll
0x0000000069a80000 - 0x0000000069a96000 	C:\Program Files\Java\jdk1.8.0_92\jre\bin\zip.dll

VM Arguments:
jvm_args: -Djava.awt.headless=true -Xmx1024M -Dfile.encoding=windows-1252 -Duser.country=DE -Duser.language=de -Duser.variant 
java_command: com.android.dx.command.Main --dex --force-jumbo --num-threads=4 --multi-dex --output D:\Projects\Me4d\app_repo\Data4All-1.3\app\build\intermediates\transforms\dex\debug\folders\1000\10\bcprov-jdk15on-1.50_c3f1ea6b29348a651256840494cdd0616dd98594 C:\Users\len\.gradle\caches\modules-2\files-2.1\org.bouncycastle\bcprov-jdk15on\1.50\be504b4901d75cbe129a178f5830e6c358ec214c\bcprov-jdk15on-1.50.jar
java_class_path (initial): E:\android\sdk\build-tools\23.0.3\lib\dx.jar
Launcher Type: SUN_STANDARD

Environment Variables:
JAVA_HOME=C:\Program Files\Java\jdk1.8.0_92\
PATH=C:\Program Files (x86)\NVIDIA Corporation\PhysX\Common;C:\ProgramData\Oracle\Java\javapath;C:\Windows\system32;C:\Windows;C:\Windows\System32\Wbem;C:\Windows\System32\WindowsPowerShell\v1.0\;C:\Program Files (x86)\ATI Technologies\ATI.ACE\Core-Static;C:\Program Files\Intel\WiFi\bin\;C:\Program Files\Common Files\Intel\WirelessCommon\;C:\Program Files (x86)\nodejs\;C:\Program Files (x86)\GtkSharp\2.12\bin;C:\Program Files\Java\jdk1.8.0_92\bin;C:\Program Files (x86)\Java\jre7\bin;C:\Users\len\AppData\Local\Programs\Git\cmd;C:\Users\len\AppData\Roaming\npm;C:\adb;C:\Program Files\Git\cmd;E:\android\sdk\tools;E:\android\sdk\platform-tools\;C:\Program Files\Microsoft SQL Server\120\Tools\Binn\;C:\Program Files\Microsoft SQL Server\130\Tools\Binn\;%OPENCV_DIR%\bin;C:\Program Files\MiKTeX 2.9\miktex\bin\x64\;C:\Program Files (x86)\Skype\Phone\;C:\Program Files\TortoiseGit\bin;C:\Program Files\Java\jdk1.8.0_92\apache-maven-3.5.0\bin;C:\Program Files\Intel\WiFi\bin\;C:\Program Files\Common Files\Intel\WirelessCommon\;C:\Program Files (x86)\Java\jre7\bin;C:\Users\len\AppData\Local\Programs\Git\cmd;C:\Users\len\AppData\Roaming\npm;C:\Program Files\Java\jdk1.8.0_92\apache-maven-3.5.0\bin
USERNAME=len
OS=Windows_NT
PROCESSOR_IDENTIFIER=Intel64 Family 6 Model 61 Stepping 4, GenuineIntel



---------------  S Y S T E M  ---------------

OS: Windows 8.1 , 64 bit Build 9600 (6.3.9600.17415)

CPU:total 4 (2 cores per cpu, 2 threads per core) family 6 model 61 stepping 4, cmov, cx8, fxsr, mmx, sse, sse2, sse3, ssse3, sse4.1, sse4.2, popcnt, avx, avx2, aes, clmul, erms, 3dnowpref, lzcnt, ht, tsc, tscinvbit, bmi1, bmi2, adx

Memory: 4k page, physical 8306224k(780576k free), swap 11451952k(5688k free)

vm_info: Java HotSpot(TM) 64-Bit Server VM (25.92-b14) for windows-amd64 JRE (1.8.0_92-b14), built on Mar 31 2016 21:03:04 by "java_re" with MS VC++ 10.0 (VS2010)

time: Wed May 17 13:09:16 2017
elapsed time: 11 seconds (0d 0h 0m 11s)

