#
# There is insufficient memory for the Java Runtime Environment to continue.
# Native memory allocation (malloc) failed to allocate 502256 bytes for Chunk::new
# Possible reasons:
#   The system is out of physical RAM or swap space
#   In 32 bit mode, the process size limit was hit
# Possible solutions:
#   Reduce memory load on the system
#   Increase physical memory or swap space
#   Check if swap backing store is full
#   Use 64 bit Java on a 64 bit OS
#   Decrease Java heap size (-Xmx/-Xms)
#   Decrease number of Java threads
#   Decrease Java thread stack sizes (-Xss)
#   Set larger code cache with -XX:ReservedCodeCacheSize=
# This output file may be truncated or incomplete.
#
#  Out of Memory Error (allocation.cpp:390), pid=10816, tid=0x0000000000001ea8
#
# JRE version: Java(TM) SE Runtime Environment (8.0_92-b14) (build 1.8.0_92-b14)
# Java VM: Java HotSpot(TM) 64-Bit Server VM (25.92-b14 mixed mode windows-amd64 compressed oops)
# Failed to write core dump. Minidumps are not enabled by default on client versions of Windows
#

---------------  T H R E A D  ---------------

Current thread (0x000000001477d800):  JavaThread "C2 CompilerThread0" daemon [_thread_in_native, id=7848, stack(0x0000000015de0000,0x0000000015ee0000)]

Stack: [0x0000000015de0000,0x0000000015ee0000]
[error occurred during error reporting (printing stack bounds), id 0xc0000005]

Native frames: (J=compiled Java code, j=interpreted, Vv=VM code, C=native code)


Current CompileTask:
C2:   9783 1922       4       com.android.dx.ssa.SCCP::simulatePhiBlock (50 bytes)


---------------  P R O C E S S  ---------------

Java Threads: ( => current thread )
  0x00000000162ad800 JavaThread "pool-2-thread-4" [_thread_in_Java, id=1308, stack(0x00000000172e0000,0x00000000173e0000)]
  0x00000000162ad000 JavaThread "pool-2-thread-3" [_thread_blocked, id=7224, stack(0x00000000171e0000,0x00000000172e0000)]
  0x00000000162e2000 JavaThread "pool-2-thread-2" [_thread_in_Java, id=10400, stack(0x00000000170e0000,0x00000000171e0000)]
  0x00000000162de800 JavaThread "pool-3-thread-1" [_thread_blocked, id=6296, stack(0x0000000016fe0000,0x00000000170e0000)]
  0x0000000016273800 JavaThread "pool-2-thread-1" [_thread_in_Java, id=7312, stack(0x0000000016ee0000,0x0000000016fe0000)]
  0x0000000015fee000 JavaThread "Service Thread" daemon [_thread_blocked, id=6024, stack(0x00000000164e0000,0x00000000165e0000)]
  0x0000000015fe8800 JavaThread "C1 CompilerThread2" daemon [_thread_blocked, id=4332, stack(0x00000000163e0000,0x00000000164e0000)]
  0x00000000147cf000 JavaThread "C2 CompilerThread1" daemon [_thread_in_native, id=5824, stack(0x0000000015ee0000,0x0000000015fe0000)]
=>0x000000001477d800 JavaThread "C2 CompilerThread0" daemon [_thread_in_native, id=7848, stack(0x0000000015de0000,0x0000000015ee0000)]
  0x000000001477b800 JavaThread "Attach Listener" daemon [_thread_blocked, id=10564, stack(0x0000000015ce0000,0x0000000015de0000)]
  0x000000001477a000 JavaThread "Signal Dispatcher" daemon [_thread_blocked, id=11248, stack(0x0000000015be0000,0x0000000015ce0000)]
  0x00000000020aa800 JavaThread "Finalizer" daemon [_thread_blocked, id=11180, stack(0x00000000159d0000,0x0000000015ad0000)]
  0x0000000014749000 JavaThread "Reference Handler" daemon [_thread_blocked, id=10724, stack(0x00000000158d0000,0x00000000159d0000)]
  0x0000000001ead800 JavaThread "main" [_thread_blocked, id=11196, stack(0x0000000001eb0000,0x0000000001fb0000)]

Other Threads:
  0x0000000014747800 VMThread [stack: 0x00000000157d0000,0x00000000158d0000] [id=5680]
  0x0000000016013000 WatcherThread [stack: 0x00000000165e0000,0x00000000166e0000] [id=7384]

VM state:not at safepoint (normal execution)

VM Mutex/Monitor currently owned by a thread: None

Heap:
 PSYoungGen      total 71680K, used 55214K [0x00000000eab00000, 0x00000000ef600000, 0x0000000100000000)
  eden space 66560K, 75% used [0x00000000eab00000,0x00000000edbf3998,0x00000000eec00000)
  from space 5120K, 99% used [0x00000000eec00000,0x00000000ef0f8028,0x00000000ef100000)
  to   space 5120K, 0% used [0x00000000ef100000,0x00000000ef100000,0x00000000ef600000)
 ParOldGen       total 87552K, used 17118K [0x00000000c0000000, 0x00000000c5580000, 0x00000000eab00000)
  object space 87552K, 19% used [0x00000000c0000000,0x00000000c10b7830,0x00000000c5580000)
 Metaspace       used 6272K, capacity 7090K, committed 7296K, reserved 1056768K
  class space    used 593K, capacity 618K, committed 640K, reserved 1048576K

Card table byte_map: [0x0000000011470000,0x0000000011680000] byte_map_base: 0x0000000010e70000

Marking Bits: (ParMarkBitMap*) 0x000000006a2f64f0
 Begin Bits: [0x0000000011be0000, 0x0000000012be0000)
 End Bits:   [0x0000000012be0000, 0x0000000013be0000)

Polling page: 0x00000000005b0000

CodeCache: size=245760Kb used=8750Kb max_used=8750Kb free=237009Kb
 bounds [0x00000000020b0000, 0x0000000002950000, 0x00000000110b0000]
 total_blobs=2116 nmethods=1847 adapters=181
 compilation: enabled

Compilation events (10 events):
Event: 9.726 Thread 0x0000000015fe8800 1929       2       java.util.zip.ZipUtils::dosToJavaTime (71 bytes)
Event: 9.727 Thread 0x0000000015fe8800 nmethod 1929 0x0000000002903dd0 code [0x0000000002903f40, 0x0000000002904218]
Event: 9.727 Thread 0x0000000015fe8800 1930       2       java.util.Date::<init> (113 bytes)
Event: 9.728 Thread 0x0000000015fe8800 nmethod 1930 0x000000000293c510 code [0x000000000293c6e0, 0x000000000293ce48]
Event: 9.728 Thread 0x0000000015fe8800 1931       2       sun.util.calendar.Gregorian::newCalendarDate (6 bytes)
Event: 9.729 Thread 0x0000000015fe8800 nmethod 1931 0x0000000002903990 code [0x0000000002903b00, 0x0000000002903ce8]
Event: 9.729 Thread 0x0000000015fe8800 1932       2       sun.util.calendar.Gregorian::newCalendarDate (9 bytes)
Event: 9.729 Thread 0x0000000015fe8800 nmethod 1932 0x0000000002903510 code [0x0000000002903680, 0x0000000002903868]
Event: 9.730 Thread 0x0000000015fe8800 1933       2       com.android.dx.rop.type.Type::isArray (19 bytes)
Event: 9.731 Thread 0x0000000015fe8800 nmethod 1933 0x000000000293c010 code [0x000000000293c180, 0x000000000293c388]

GC Heap History (6 events):
Event: 1.893 GC heap before
{Heap before GC invocations=1 (full 0):
 PSYoungGen      total 38400K, used 33280K [0x00000000eab00000, 0x00000000ed580000, 0x0000000100000000)
  eden space 33280K, 100% used [0x00000000eab00000,0x00000000ecb80000,0x00000000ecb80000)
  from space 5120K, 0% used [0x00000000ed080000,0x00000000ed080000,0x00000000ed580000)
  to   space 5120K, 0% used [0x00000000ecb80000,0x00000000ecb80000,0x00000000ed080000)
 ParOldGen       total 87552K, used 0K [0x00000000c0000000, 0x00000000c5580000, 0x00000000eab00000)
  object space 87552K, 0% used [0x00000000c0000000,0x00000000c0000000,0x00000000c5580000)
 Metaspace       used 5916K, capacity 6834K, committed 7040K, reserved 1056768K
  class space    used 592K, capacity 618K, committed 640K, reserved 1048576K
Event: 1.979 GC heap after
Heap after GC invocations=1 (full 0):
 PSYoungGen      total 38400K, used 5096K [0x00000000eab00000, 0x00000000ef600000, 0x0000000100000000)
  eden space 33280K, 0% used [0x00000000eab00000,0x00000000eab00000,0x00000000ecb80000)
  from space 5120K, 99% used [0x00000000ecb80000,0x00000000ed07a1f8,0x00000000ed080000)
  to   space 5120K, 0% used [0x00000000ef100000,0x00000000ef100000,0x00000000ef600000)
 ParOldGen       total 87552K, used 1160K [0x00000000c0000000, 0x00000000c5580000, 0x00000000eab00000)
  object space 87552K, 1% used [0x00000000c0000000,0x00000000c0122308,0x00000000c5580000)
 Metaspace       used 5916K, capacity 6834K, committed 7040K, reserved 1056768K
  class space    used 592K, capacity 618K, committed 640K, reserved 1048576K
}
Event: 3.471 GC heap before
{Heap before GC invocations=2 (full 0):
 PSYoungGen      total 38400K, used 38376K [0x00000000eab00000, 0x00000000ef600000, 0x0000000100000000)
  eden space 33280K, 100% used [0x00000000eab00000,0x00000000ecb80000,0x00000000ecb80000)
  from space 5120K, 99% used [0x00000000ecb80000,0x00000000ed07a1f8,0x00000000ed080000)
  to   space 5120K, 0% used [0x00000000ef100000,0x00000000ef100000,0x00000000ef600000)
 ParOldGen       total 87552K, used 1160K [0x00000000c0000000, 0x00000000c5580000, 0x00000000eab00000)
  object space 87552K, 1% used [0x00000000c0000000,0x00000000c0122308,0x00000000c5580000)
 Metaspace       used 6123K, capacity 7026K, committed 7296K, reserved 1056768K
  class space    used 593K, capacity 618K, committed 640K, reserved 1048576K
Event: 3.778 GC heap after
Heap after GC invocations=2 (full 0):
 PSYoungGen      total 71680K, used 5118K [0x00000000eab00000, 0x00000000ef600000, 0x0000000100000000)
  eden space 66560K, 0% used [0x00000000eab00000,0x00000000eab00000,0x00000000eec00000)
  from space 5120K, 99% used [0x00000000ef100000,0x00000000ef5ff8c8,0x00000000ef600000)
  to   space 5120K, 0% used [0x00000000eec00000,0x00000000eec00000,0x00000000ef100000)
 ParOldGen       total 87552K, used 5889K [0x00000000c0000000, 0x00000000c5580000, 0x00000000eab00000)
  object space 87552K, 6% used [0x00000000c0000000,0x00000000c05c06e8,0x00000000c5580000)
 Metaspace       used 6123K, capacity 7026K, committed 7296K, reserved 1056768K
  class space    used 593K, capacity 618K, committed 640K, reserved 1048576K
}
Event: 8.259 GC heap before
{Heap before GC invocations=3 (full 0):
 PSYoungGen      total 71680K, used 71678K [0x00000000eab00000, 0x00000000ef600000, 0x0000000100000000)
  eden space 66560K, 100% used [0x00000000eab00000,0x00000000eec00000,0x00000000eec00000)
  from space 5120K, 99% used [0x00000000ef100000,0x00000000ef5ff8c8,0x00000000ef600000)
  to   space 5120K, 0% used [0x00000000eec00000,0x00000000eec00000,0x00000000ef100000)
 ParOldGen       total 87552K, used 5889K [0x00000000c0000000, 0x00000000c5580000, 0x00000000eab00000)
  object space 87552K, 6% used [0x00000000c0000000,0x00000000c05c06e8,0x00000000c5580000)
 Metaspace       used 6229K, capacity 7090K, committed 7296K, reserved 1056768K
  class space    used 593K, capacity 618K, committed 640K, reserved 1048576K
Event: 8.938 GC heap after
Heap after GC invocations=3 (full 0):
 PSYoungGen      total 71680K, used 5088K [0x00000000eab00000, 0x00000000ef600000, 0x0000000100000000)
  eden space 66560K, 0% used [0x00000000eab00000,0x00000000eab00000,0x00000000eec00000)
  from space 5120K, 99% used [0x00000000eec00000,0x00000000ef0f8028,0x00000000ef100000)
  to   space 5120K, 0% used [0x00000000ef100000,0x00000000ef100000,0x00000000ef600000)
 ParOldGen       total 87552K, used 17118K [0x00000000c0000000, 0x00000000c5580000, 0x00000000eab00000)
  object space 87552K, 19% used [0x00000000c0000000,0x00000000c10b7830,0x00000000c5580000)
 Metaspace       used 6229K, capacity 7090K, committed 7296K, reserved 1056768K
  class space    used 593K, capacity 618K, committed 640K, reserved 1048576K
}

Deoptimization events (10 events):
Event: 9.000 Thread 0x00000000162ad800 Uncommon trap: reason=unstable_if action=reinterpret pc=0x00000000026e6dbc method=com.android.dx.dex.code.RopToDop.dopFor(Lcom/android/dx/rop/code/Insn;)Lcom/android/dx/dex/code/Dop; @ 747
Event: 9.028 Thread 0x00000000162ad000 Uncommon trap: reason=bimorphic action=maybe_recompile pc=0x00000000026b7f18 method=com.android.dx.ssa.LiteralOpUpgrader.tryReplacingWithConstant(Lcom/android/dx/ssa/NormalSsaInsn;)Z @ 52
Event: 9.666 Thread 0x00000000162ad800 Uncommon trap: reason=class_check action=maybe_recompile pc=0x000000000280f364 method=com.android.dx.ssa.SCCP.replaceConstants()V @ 81
Event: 9.675 Thread 0x00000000162ad800 Uncommon trap: reason=bimorphic action=maybe_recompile pc=0x00000000028f4fd4 method=com.android.dx.cf.code.RopperMachine.run(Lcom/android/dx/cf/code/Frame;II)V @ 978
Event: 9.675 Thread 0x0000000016273800 Uncommon trap: reason=bimorphic action=maybe_recompile pc=0x00000000028f4fd4 method=com.android.dx.cf.code.RopperMachine.run(Lcom/android/dx/cf/code/Frame;II)V @ 978
Event: 9.675 Thread 0x0000000016273800 Uncommon trap: reason=bimorphic action=maybe_recompile pc=0x00000000028f4fd4 method=com.android.dx.cf.code.RopperMachine.run(Lcom/android/dx/cf/code/Frame;II)V @ 978
Event: 9.675 Thread 0x0000000016273800 Uncommon trap: reason=bimorphic action=maybe_recompile pc=0x00000000028f4fd4 method=com.android.dx.cf.code.RopperMachine.run(Lcom/android/dx/cf/code/Frame;II)V @ 978
Event: 9.676 Thread 0x0000000016273800 Uncommon trap: reason=bimorphic action=maybe_recompile pc=0x0000000002711144 method=com.android.dx.ssa.SCCP.simulatePhi(Lcom/android/dx/ssa/PhiInsn;)V @ 124
Event: 9.676 Thread 0x0000000016273800 Uncommon trap: reason=bimorphic action=maybe_recompile pc=0x0000000002711144 method=com.android.dx.ssa.SCCP.simulatePhi(Lcom/android/dx/ssa/PhiInsn;)V @ 124
Event: 9.676 Thread 0x0000000016273800 Uncommon trap: reason=bimorphic action=maybe_recompile pc=0x000000000280f1cc method=com.android.dx.ssa.SCCP.simulatePhi(Lcom/android/dx/ssa/PhiInsn;)V @ 124

Internal exceptions (2 events):
Event: 0.105 Thread 0x0000000001ead800 Exception <a 'java/lang/NoSuchMethodError': Method sun.misc.Unsafe.defineClass(Ljava/lang/String;[BII)Ljava/lang/Class; name or signature does not match> (0x00000000eab07cc0) thrown at [D:\re\workspace\8-2-build-windows-amd64-cygwin\jdk8u92\6642\hotspot\sr’lTÄ”çº?
Event: 0.105 Thread 0x0000000001ead800 Exception <a 'java/lang/NoSuchMethodError': Method sun.misc.Unsafe.prefetchRead(Ljava/lang/Object;J)V name or signature does not match> (0x00000000eab07fa8) thrown at [D:\re\workspace\8-2-build-windows-amd64-cygwin\jdk8u92\6642\hotspot\src\share\vm\prims\j

Events (10 events):
Event: 9.676 Thread 0x0000000016273800 Uncommon trap: trap_request=0xffffffc6 fr.pc=0x0000000002711144
Event: 9.676 Thread 0x0000000016273800 DEOPT PACKING pc=0x0000000002711144 sp=0x0000000016fde640
Event: 9.676 Thread 0x0000000016273800 DEOPT UNPACKING pc=0x00000000020f582a sp=0x0000000016fde5b8 mode 2
Event: 9.676 Thread 0x0000000016273800 Uncommon trap: trap_request=0xffffffc6 fr.pc=0x000000000280f1cc
Event: 9.676 Thread 0x0000000016273800 DEOPT PACKING pc=0x000000000280f1cc sp=0x0000000016fde710
Event: 9.676 Thread 0x0000000016273800 DEOPT UNPACKING pc=0x00000000020f582a sp=0x0000000016fde688 mode 2
Event: 9.719 Thread 0x0000000016273800 DEOPT PACKING pc=0x00000000024eac1c sp=0x0000000016fde700
Event: 9.719 Thread 0x0000000016273800 DEOPT UNPACKING pc=0x00000000020f787f sp=0x0000000016fde4c0 mode 0
Event: 9.722 Thread 0x0000000016273800 DEOPT PACKING pc=0x00000000024aa325 sp=0x0000000016fde700
Event: 9.722 Thread 0x0000000016273800 DEOPT UNPACKING pc=0x00000000020f787f sp=0x0000000016fde4e0 mode 0


Dynamic libraries:
0x00007ff684d40000 - 0x00007ff684d77000 	C:\Program Files\Java\jdk1.8.0_92\bin\java.exe
0x00007ffcdb7e0000 - 0x00007ffcdb98d000 	C:\Windows\SYSTEM32\ntdll.dll
0x00007ffcdb4d0000 - 0x00007ffcdb60e000 	C:\Windows\system32\KERNEL32.DLL
0x00007ffcd8b60000 - 0x00007ffcd8c75000 	C:\Windows\system32\KERNELBASE.dll
0x00007ffcd74c0000 - 0x00007ffcd754e000 	C:\Windows\system32\apphelp.dll
0x00007ffca76d0000 - 0x00007ffca7723000 	C:\Windows\AppPatch\AppPatch64\AcGenral.DLL
0x00007ffcdb730000 - 0x00007ffcdb7da000 	C:\Windows\system32\msvcrt.dll
0x00007ffcd8b30000 - 0x00007ffcd8b5e000 	C:\Windows\system32\SspiCli.dll
0x00007ffcdb6d0000 - 0x00007ffcdb724000 	C:\Windows\system32\SHLWAPI.dll
0x00007ffcd9570000 - 0x00007ffcd96e7000 	C:\Windows\system32\USER32.dll
0x00007ffcd9750000 - 0x00007ffcd98e4000 	C:\Windows\system32\ole32.dll
0x00007ffcd9a10000 - 0x00007ffcdaf38000 	C:\Windows\system32\SHELL32.dll
0x00007ffcd7ec0000 - 0x00007ffcd7ee1000 	C:\Windows\SYSTEM32\USERENV.dll
0x00007ffcd98f0000 - 0x00007ffcd999a000 	C:\Windows\system32\ADVAPI32.dll
0x00007ffcd5b90000 - 0x00007ffcd5bae000 	C:\Windows\SYSTEM32\MPR.dll
0x00007ffcdb390000 - 0x00007ffcdb4d0000 	C:\Windows\system32\RPCRT4.dll
0x00007ffcd96f0000 - 0x00007ffcd9749000 	C:\Windows\SYSTEM32\sechost.dll
0x00007ffcdb150000 - 0x00007ffcdb362000 	C:\Windows\SYSTEM32\combase.dll
0x00007ffcdb000000 - 0x00007ffcdb14f000 	C:\Windows\system32\GDI32.dll
0x00007ffcd8900000 - 0x00007ffcd8915000 	C:\Windows\SYSTEM32\profapi.dll
0x00007ffcd6cd0000 - 0x00007ffcd6d82000 	C:\Windows\SYSTEM32\SHCORE.dll
0x00007ffcd9180000 - 0x00007ffcd91b6000 	C:\Windows\system32\IMM32.DLL
0x00007ffcd8e60000 - 0x00007ffcd8fb2000 	C:\Windows\system32\MSCTF.dll
0x00007ffcd6610000 - 0x00007ffcd688b000 	C:\Windows\WinSxS\amd64_microsoft.windows.common-controls_6595b64144ccf1df_6.0.9600.18006_none_623f33d3ecbe86e8\COMCTL32.dll
0x000000006a380000 - 0x000000006a452000 	C:\Program Files\Java\jdk1.8.0_92\jre\bin\msvcr100.dll
0x0000000069ae0000 - 0x000000006a376000 	C:\Program Files\Java\jdk1.8.0_92\jre\bin\server\jvm.dll
0x00007ffcce8c0000 - 0x00007ffcce8c9000 	C:\Windows\SYSTEM32\WSOCK32.dll
0x00007ffcd05b0000 - 0x00007ffcd05d2000 	C:\Windows\SYSTEM32\WINMM.dll
0x00007ffccf0f0000 - 0x00007ffccf0fa000 	C:\Windows\SYSTEM32\VERSION.dll
0x00007ffcd92a0000 - 0x00007ffcd92a7000 	C:\Windows\system32\PSAPI.DLL
0x00007ffcd9230000 - 0x00007ffcd928a000 	C:\Windows\system32\WS2_32.dll
0x00007ffcd0580000 - 0x00007ffcd05aa000 	C:\Windows\SYSTEM32\WINMMBASE.dll
0x00007ffcd9560000 - 0x00007ffcd9569000 	C:\Windows\system32\NSI.dll
0x00007ffcd8a80000 - 0x00007ffcd8acf000 	C:\Windows\SYSTEM32\cfgmgr32.dll
0x00007ffcd7720000 - 0x00007ffcd7748000 	C:\Windows\SYSTEM32\DEVOBJ.dll
0x0000000069ad0000 - 0x0000000069adf000 	C:\Program Files\Java\jdk1.8.0_92\jre\bin\verify.dll
0x0000000069aa0000 - 0x0000000069ac9000 	C:\Program Files\Java\jdk1.8.0_92\jre\bin\java.dll
0x0000000069a80000 - 0x0000000069a96000 	C:\Program Files\Java\jdk1.8.0_92\jre\bin\zip.dll

VM Arguments:
jvm_args: -Djava.awt.headless=true -Xmx1024M -Dfile.encoding=windows-1252 -Duser.country=DE -Duser.language=de -Duser.variant 
java_command: com.android.dx.command.Main --dex --force-jumbo --num-threads=4 --multi-dex --output D:\Projects\Me4d\app_repo\Data4All-1.3\app\build\intermediates\transforms\dex\debug\folders\1000\10\bcpkix-jdk15on-1.50_984e488a08b6adc514c9c924897ec86035116231 C:\Users\len\.gradle\caches\modules-2\files-2.1\org.bouncycastle\bcpkix-jdk15on\1.50\f82f869cbf31fdb3419487dd58f4189c33ec9acd\bcpkix-jdk15on-1.50.jar
java_class_path (initial): E:\android\sdk\build-tools\23.0.3\lib\dx.jar
Launcher Type: SUN_STANDARD

Environment Variables:
JAVA_HOME=C:\Program Files\Java\jdk1.8.0_92\
PATH=C:\Program Files (x86)\NVIDIA Corporation\PhysX\Common;C:\ProgramData\Oracle\Java\javapath;C:\Windows\system32;C:\Windows;C:\Windows\System32\Wbem;C:\Windows\System32\WindowsPowerShell\v1.0\;C:\Program Files (x86)\ATI Technologies\ATI.ACE\Core-Static;C:\Program Files\Intel\WiFi\bin\;C:\Program Files\Common Files\Intel\WirelessCommon\;C:\Program Files (x86)\nodejs\;C:\Program Files (x86)\GtkSharp\2.12\bin;C:\Program Files\Java\jdk1.8.0_92\bin;C:\Program Files (x86)\Java\jre7\bin;C:\Users\len\AppData\Local\Programs\Git\cmd;C:\Users\len\AppData\Roaming\npm;C:\adb;C:\Program Files\Git\cmd;E:\android\sdk\tools;E:\android\sdk\platform-tools\;C:\Program Files\Microsoft SQL Server\120\Tools\Binn\;C:\Program Files\Microsoft SQL Server\130\Tools\Binn\;%OPENCV_DIR%\bin;C:\Program Files\MiKTeX 2.9\miktex\bin\x64\;C:\Program Files (x86)\Skype\Phone\;C:\Program Files\TortoiseGit\bin;C:\Program Files\Java\jdk1.8.0_92\apache-maven-3.5.0\bin;C:\Program Files\Intel\WiFi\bin\;C:\Program Files\Common Files\Intel\WirelessCommon\;C:\Program Files (x86)\Java\jre7\bin;C:\Users\len\AppData\Local\Programs\Git\cmd;C:\Users\len\AppData\Roaming\npm;C:\Program Files\Java\jdk1.8.0_92\apache-maven-3.5.0\bin
USERNAME=len
OS=Windows_NT
PROCESSOR_IDENTIFIER=Intel64 Family 6 Model 61 Stepping 4, GenuineIntel



---------------  S Y S T E M  ---------------

OS: Windows 8.1 , 64 bit Build 9600 (6.3.9600.17415)

CPU:total 4 (2 cores per cpu, 2 threads per core) family 6 model 61 stepping 4, cmov, cx8, fxsr, mmx, sse, sse2, sse3, ssse3, sse4.1, sse4.2, popcnt, avx, avx2, aes, clmul, erms, 3dnowpref, lzcnt, ht, tsc, tscinvbit, bmi1, bmi2, adx

Memory: 4k page, physical 8306224k(1022236k free), swap 11451952k(5536k free)

vm_info: Java HotSpot(TM) 64-Bit Server VM (25.92-b14) for windows-amd64 JRE (1.8.0_92-b14), built on Mar 31 2016 21:03:04 by "java_re" with MS VC++ 10.0 (VS2010)

time: Wed May 17 13:06:31 2017
elapsed time: 9 seconds (0d 0h 0m 9s)

