#
# There is insufficient memory for the Java Runtime Environment to continue.
# Native memory allocation (malloc) failed to allocate 738096 bytes for Chunk::new
# Possible reasons:
#   The system is out of physical RAM or swap space
#   In 32 bit mode, the process size limit was hit
# Possible solutions:
#   Reduce memory load on the system
#   Increase physical memory or swap space
#   Check if swap backing store is full
#   Use 64 bit Java on a 64 bit OS
#   Decrease Java heap size (-Xmx/-Xms)
#   Decrease number of Java threads
#   Decrease Java thread stack sizes (-Xss)
#   Set larger code cache with -XX:ReservedCodeCacheSize=
# This output file may be truncated or incomplete.
#
#  Out of Memory Error (allocation.cpp:390), pid=9944, tid=0x0000000000002abc
#
# JRE version: Java(TM) SE Runtime Environment (8.0_92-b14) (build 1.8.0_92-b14)
# Java VM: Java HotSpot(TM) 64-Bit Server VM (25.92-b14 mixed mode windows-amd64 compressed oops)
# Failed to write core dump. Minidumps are not enabled by default on client versions of Windows
#

---------------  T H R E A D  ---------------

Current thread (0x00000000150f7800):  JavaThread "C2 CompilerThread1" daemon [_thread_in_native, id=10940, stack(0x0000000016800000,0x0000000016900000)]

Stack: [0x0000000016800000,0x0000000016900000]
[error occurred during error reporting (printing stack bounds), id 0xc0000005]

Native frames: (J=compiled Java code, j=interpreted, Vv=VM code, C=native code)


Current CompileTask:
C2:   7873 1924 %     4       com.android.dx.ssa.SsaConverter::placePhiFunctions @ 103 (394 bytes)


---------------  P R O C E S S  ---------------

Java Threads: ( => current thread )
  0x0000000016b8a000 JavaThread "pool-2-thread-4" [_thread_in_Java, id=9588, stack(0x0000000017400000,0x0000000017500000)]
  0x0000000016b70000 JavaThread "pool-2-thread-3" [_thread_in_Java, id=5972, stack(0x0000000017300000,0x0000000017400000)]
  0x0000000016b76000 JavaThread "pool-2-thread-2" [_thread_in_Java, id=9752, stack(0x0000000017200000,0x0000000017300000)]
  0x0000000016b73800 JavaThread "pool-3-thread-1" [_thread_blocked, id=9716, stack(0x0000000017100000,0x0000000017200000)]
  0x0000000016b6a800 JavaThread "pool-2-thread-1" [_thread_in_Java, id=8636, stack(0x0000000017000000,0x0000000017100000)]
  0x0000000016906800 JavaThread "Service Thread" daemon [_thread_blocked, id=10208, stack(0x0000000016e00000,0x0000000016f00000)]
  0x00000000150fd800 JavaThread "C1 CompilerThread2" daemon [_thread_blocked, id=8368, stack(0x0000000016d00000,0x0000000016e00000)]
=>0x00000000150f7800 JavaThread "C2 CompilerThread1" daemon [_thread_in_native, id=10940, stack(0x0000000016800000,0x0000000016900000)]
  0x000000001509e800 JavaThread "C2 CompilerThread0" daemon [_thread_in_native, id=8220, stack(0x0000000016700000,0x0000000016800000)]
  0x000000001509d000 JavaThread "Attach Listener" daemon [_thread_blocked, id=9460, stack(0x0000000016600000,0x0000000016700000)]
  0x000000001509c000 JavaThread "Signal Dispatcher" daemon [_thread_blocked, id=11052, stack(0x0000000016500000,0x0000000016600000)]
  0x00000000029ca800 JavaThread "Finalizer" daemon [_thread_blocked, id=8548, stack(0x00000000162f0000,0x00000000163f0000)]
  0x0000000015069000 JavaThread "Reference Handler" daemon [_thread_blocked, id=9844, stack(0x00000000161f0000,0x00000000162f0000)]
  0x00000000027cd800 JavaThread "main" [_thread_in_vm, id=2636, stack(0x00000000027d0000,0x00000000028d0000)]

Other Threads:
  0x0000000015067800 VMThread [stack: 0x00000000160f0000,0x00000000161f0000] [id=10920]
  0x000000001691b800 WatcherThread [stack: 0x0000000016f00000,0x0000000017000000] [id=11044]

VM state:not at safepoint (normal execution)

VM Mutex/Monitor currently owned by a thread: None

Heap:
 PSYoungGen      total 283648K, used 259667K [0x00000000eab00000, 0x00000000ffa00000, 0x0000000100000000)
  eden space 251904K, 90% used [0x00000000eab00000,0x00000000f899b288,0x00000000fa100000)
  from space 31744K, 99% used [0x00000000fc900000,0x00000000fe7f9ab0,0x00000000fe800000)
  to   space 40960K, 0% used [0x00000000fa100000,0x00000000fa100000,0x00000000fc900000)
 ParOldGen       total 87552K, used 50399K [0x00000000c0000000, 0x00000000c5580000, 0x00000000eab00000)
  object space 87552K, 57% used [0x00000000c0000000,0x00000000c3137cc0,0x00000000c5580000)
 Metaspace       used 6466K, capacity 7192K, committed 7424K, reserved 1056768K
  class space    used 615K, capacity 656K, committed 768K, reserved 1048576K

Card table byte_map: [0x0000000011d90000,0x0000000011fa0000] byte_map_base: 0x0000000011790000

Marking Bits: (ParMarkBitMap*) 0x000000006a2f64f0
 Begin Bits: [0x0000000012500000, 0x0000000013500000)
 End Bits:   [0x0000000013500000, 0x0000000014500000)

Polling page: 0x0000000000ec0000

CodeCache: size=245760Kb used=8622Kb max_used=8644Kb free=237137Kb
 bounds [0x00000000029d0000, 0x0000000003250000, 0x00000000119d0000]
 total_blobs=2323 nmethods=2054 adapters=181
 compilation: enabled

Compilation events (10 events):
Event: 7.648 Thread 0x00000000150fd800 2121 %     3       java.util.HashMap$TreeNode::find @ 3 (172 bytes)
Event: 7.649 Thread 0x00000000150fd800 nmethod 2121% 0x0000000003223750 code [0x0000000003223940, 0x00000000032244f8]
Event: 7.650 Thread 0x00000000150fd800 2122       3       java.util.HashMap$TreeNode::find (172 bytes)
Event: 7.651 Thread 0x00000000150fd800 nmethod 2122 0x00000000032275d0 code [0x00000000032277c0, 0x00000000032282d8]
Event: 7.693 Thread 0x00000000150f7800 nmethod 2110 0x0000000003245dd0 code [0x00000000032461e0, 0x0000000003249a20]
Event: 7.694 Thread 0x00000000150f7800 1924 %     4       com.android.dx.ssa.SsaConverter::placePhiFunctions @ 103 (394 bytes)
Event: 7.838 Thread 0x00000000150fd800 2123 %     3       com.android.dx.ssa.back.FirstFitLocalCombiningAllocator$Alignment$2::nextClearBit @ 6 (26 bytes)
Event: 7.838 Thread 0x00000000150fd800 nmethod 2123% 0x000000000320c0d0 code [0x000000000320c260, 0x000000000320c638]
Event: 7.838 Thread 0x00000000150fd800 2124       3       com.android.dx.ssa.back.FirstFitLocalCombiningAllocator$Alignment$2::nextClearBit (26 bytes)
Event: 7.839 Thread 0x00000000150fd800 nmethod 2124 0x00000000031d97d0 code [0x00000000031d9960, 0x00000000031d9cf8]

GC Heap History (10 events):
Event: 3.326 GC heap before
{Heap before GC invocations=4 (full 0):
 PSYoungGen      total 38400K, used 38368K [0x00000000eab00000, 0x00000000ef600000, 0x0000000100000000)
  eden space 33280K, 100% used [0x00000000eab00000,0x00000000ecb80000,0x00000000ecb80000)
  from space 5120K, 99% used [0x00000000ecb80000,0x00000000ed078028,0x00000000ed080000)
  to   space 5120K, 0% used [0x00000000ef100000,0x00000000ef100000,0x00000000ef600000)
 ParOldGen       total 87552K, used 8113K [0x00000000c0000000, 0x00000000c5580000, 0x00000000eab00000)
  object space 87552K, 9% used [0x00000000c0000000,0x00000000c07ec6a0,0x00000000c5580000)
 Metaspace       used 6189K, capacity 7026K, committed 7296K, reserved 1056768K
  class space    used 593K, capacity 618K, committed 640K, reserved 1048576K
Event: 3.351 GC heap after
Heap after GC invocations=4 (full 0):
 PSYoungGen      total 71680K, used 5104K [0x00000000eab00000, 0x00000000ef600000, 0x0000000100000000)
  eden space 66560K, 0% used [0x00000000eab00000,0x00000000eab00000,0x00000000eec00000)
  from space 5120K, 99% used [0x00000000ef100000,0x00000000ef5fc038,0x00000000ef600000)
  to   space 5120K, 0% used [0x00000000eec00000,0x00000000eec00000,0x00000000ef100000)
 ParOldGen       total 87552K, used 13392K [0x00000000c0000000, 0x00000000c5580000, 0x00000000eab00000)
  object space 87552K, 15% used [0x00000000c0000000,0x00000000c0d14180,0x00000000c5580000)
 Metaspace       used 6189K, capacity 7026K, committed 7296K, reserved 1056768K
  class space    used 593K, capacity 618K, committed 640K, reserved 1048576K
}
Event: 3.596 GC heap before
{Heap before GC invocations=5 (full 0):
 PSYoungGen      total 71680K, used 71664K [0x00000000eab00000, 0x00000000ef600000, 0x0000000100000000)
  eden space 66560K, 100% used [0x00000000eab00000,0x00000000eec00000,0x00000000eec00000)
  from space 5120K, 99% used [0x00000000ef100000,0x00000000ef5fc038,0x00000000ef600000)
  to   space 5120K, 0% used [0x00000000eec00000,0x00000000eec00000,0x00000000ef100000)
 ParOldGen       total 87552K, used 13392K [0x00000000c0000000, 0x00000000c5580000, 0x00000000eab00000)
  object space 87552K, 15% used [0x00000000c0000000,0x00000000c0d14180,0x00000000c5580000)
 Metaspace       used 6243K, capacity 7090K, committed 7296K, reserved 1056768K
  class space    used 593K, capacity 618K, committed 640K, reserved 1048576K
Event: 3.637 GC heap after
Heap after GC invocations=5 (full 0):
 PSYoungGen      total 71680K, used 5088K [0x00000000eab00000, 0x00000000f4f00000, 0x0000000100000000)
  eden space 66560K, 0% used [0x00000000eab00000,0x00000000eab00000,0x00000000eec00000)
  from space 5120K, 99% used [0x00000000eec00000,0x00000000ef0f8048,0x00000000ef100000)
  to   space 17408K, 0% used [0x00000000f3e00000,0x00000000f3e00000,0x00000000f4f00000)
 ParOldGen       total 87552K, used 24362K [0x00000000c0000000, 0x00000000c5580000, 0x00000000eab00000)
  object space 87552K, 27% used [0x00000000c0000000,0x00000000c17ca968,0x00000000c5580000)
 Metaspace       used 6243K, capacity 7090K, committed 7296K, reserved 1056768K
  class space    used 593K, capacity 618K, committed 640K, reserved 1048576K
}
Event: 3.888 GC heap before
{Heap before GC invocations=6 (full 0):
 PSYoungGen      total 71680K, used 71648K [0x00000000eab00000, 0x00000000f4f00000, 0x0000000100000000)
  eden space 66560K, 100% used [0x00000000eab00000,0x00000000eec00000,0x00000000eec00000)
  from space 5120K, 99% used [0x00000000eec00000,0x00000000ef0f8048,0x00000000ef100000)
  to   space 17408K, 0% used [0x00000000f3e00000,0x00000000f3e00000,0x00000000f4f00000)
 ParOldGen       total 87552K, used 24362K [0x00000000c0000000, 0x00000000c5580000, 0x00000000eab00000)
  object space 87552K, 27% used [0x00000000c0000000,0x00000000c17ca968,0x00000000c5580000)
 Metaspace       used 6296K, capacity 7090K, committed 7296K, reserved 1056768K
  class space    used 593K, capacity 618K, committed 640K, reserved 1048576K
Event: 3.915 GC heap after
Heap after GC invocations=6 (full 0):
 PSYoungGen      total 147968K, used 16115K [0x00000000eab00000, 0x00000000f5400000, 0x0000000100000000)
  eden space 130560K, 0% used [0x00000000eab00000,0x00000000eab00000,0x00000000f2a80000)
  from space 17408K, 92% used [0x00000000f3e00000,0x00000000f4dbcc30,0x00000000f4f00000)
  to   space 19968K, 0% used [0x00000000f2a80000,0x00000000f2a80000,0x00000000f3e00000)
 ParOldGen       total 87552K, used 24362K [0x00000000c0000000, 0x00000000c5580000, 0x00000000eab00000)
  object space 87552K, 27% used [0x00000000c0000000,0x00000000c17ca968,0x00000000c5580000)
 Metaspace       used 6296K, capacity 7090K, committed 7296K, reserved 1056768K
  class space    used 593K, capacity 618K, committed 640K, reserved 1048576K
}
Event: 4.518 GC heap before
{Heap before GC invocations=7 (full 0):
 PSYoungGen      total 147968K, used 146675K [0x00000000eab00000, 0x00000000f5400000, 0x0000000100000000)
  eden space 130560K, 100% used [0x00000000eab00000,0x00000000f2a80000,0x00000000f2a80000)
  from space 17408K, 92% used [0x00000000f3e00000,0x00000000f4dbcc30,0x00000000f4f00000)
  to   space 19968K, 0% used [0x00000000f2a80000,0x00000000f2a80000,0x00000000f3e00000)
 ParOldGen       total 87552K, used 24476K [0x00000000c0000000, 0x00000000c5580000, 0x00000000eab00000)
  object space 87552K, 27% used [0x00000000c0000000,0x00000000c17e7018,0x00000000c5580000)
 Metaspace       used 6329K, capacity 7090K, committed 7296K, reserved 1056768K
  class space    used 593K, capacity 618K, committed 640K, reserved 1048576K
Event: 4.591 GC heap after
Heap after GC invocations=7 (full 0):
 PSYoungGen      total 150528K, used 19939K [0x00000000eab00000, 0x00000000fe800000, 0x0000000100000000)
  eden space 130560K, 0% used [0x00000000eab00000,0x00000000eab00000,0x00000000f2a80000)
  from space 19968K, 99% used [0x00000000f2a80000,0x00000000f3df8c08,0x00000000f3e00000)
  to   space 31744K, 0% used [0x00000000fc900000,0x00000000fc900000,0x00000000fe800000)
 ParOldGen       total 87552K, used 41682K [0x00000000c0000000, 0x00000000c5580000, 0x00000000eab00000)
  object space 87552K, 47% used [0x00000000c0000000,0x00000000c28b4b50,0x00000000c5580000)
 Metaspace       used 6329K, capacity 7090K, committed 7296K, reserved 1056768K
  class space    used 593K, capacity 618K, committed 640K, reserved 1048576K
}
Event: 5.322 GC heap before
{Heap before GC invocations=8 (full 0):
 PSYoungGen      total 150528K, used 150499K [0x00000000eab00000, 0x00000000fe800000, 0x0000000100000000)
  eden space 130560K, 100% used [0x00000000eab00000,0x00000000f2a80000,0x00000000f2a80000)
  from space 19968K, 99% used [0x00000000f2a80000,0x00000000f3df8c08,0x00000000f3e00000)
  to   space 31744K, 0% used [0x00000000fc900000,0x00000000fc900000,0x00000000fe800000)
 ParOldGen       total 87552K, used 41684K [0x00000000c0000000, 0x00000000c5580000, 0x00000000eab00000)
  object space 87552K, 47% used [0x00000000c0000000,0x00000000c28b5190,0x00000000c5580000)
 Metaspace       used 6432K, capacity 7192K, committed 7424K, reserved 1056768K
  class space    used 614K, capacity 656K, committed 768K, reserved 1048576K
Event: 5.543 GC heap after
Heap after GC invocations=8 (full 0):
 PSYoungGen      total 283648K, used 31718K [0x00000000eab00000, 0x00000000ffa00000, 0x0000000100000000)
  eden space 251904K, 0% used [0x00000000eab00000,0x00000000eab00000,0x00000000fa100000)
  from space 31744K, 99% used [0x00000000fc900000,0x00000000fe7f9ab0,0x00000000fe800000)
  to   space 40960K, 0% used [0x00000000fa100000,0x00000000fa100000,0x00000000fc900000)
 ParOldGen       total 87552K, used 50399K [0x00000000c0000000, 0x00000000c5580000, 0x00000000eab00000)
  object space 87552K, 57% used [0x00000000c0000000,0x00000000c3137cc0,0x00000000c5580000)
 Metaspace       used 6432K, capacity 7192K, committed 7424K, reserved 1056768K
  class space    used 614K, capacity 656K, committed 768K, reserved 1048576K
}

Deoptimization events (10 events):
Event: 4.654 Thread 0x0000000016b8a000 Uncommon trap: reason=unstable_if action=reinterpret pc=0x0000000003129a6c method=com.android.dx.ssa.SsaBasicBlock.newFromRop(Lcom/android/dx/rop/code/RopMethod;ILcom/android/dx/ssa/SsaMethod;)Lcom/android/dx/ssa/SsaBasicBlock; @ 164
Event: 4.801 Thread 0x0000000016b70000 Uncommon trap: reason=bimorphic action=maybe_recompile pc=0x00000000031559b0 method=com.android.dx.cf.code.BytecodeArray.parseInstruction(ILcom/android/dx/cf/code/BytecodeArray$Visitor;)I @ 1327
Event: 4.801 Thread 0x0000000016b70000 Uncommon trap: reason=bimorphic action=maybe_recompile pc=0x00000000031559b0 method=com.android.dx.cf.code.BytecodeArray.parseInstruction(ILcom/android/dx/cf/code/BytecodeArray$Visitor;)I @ 1327
Event: 5.104 Thread 0x0000000016b8a000 Uncommon trap: reason=unstable_if action=reinterpret pc=0x0000000002d90a78 method=java.util.HashMap.putVal(ILjava/lang/Object;Ljava/lang/Object;ZZ)Ljava/lang/Object; @ 162
Event: 5.667 Thread 0x0000000016b6a800 Uncommon trap: reason=unstable_if action=reinterpret pc=0x0000000002d968d4 method=java.util.HashMap.getNode(ILjava/lang/Object;)Ljava/util/HashMap$Node; @ 84
Event: 6.410 Thread 0x0000000016b6a800 Uncommon trap: reason=bimorphic action=maybe_recompile pc=0x00000000031acde0 method=com.android.dx.cf.code.BytecodeArray.parseInstruction(ILcom/android/dx/cf/code/BytecodeArray$Visitor;)I @ 1687
Event: 6.411 Thread 0x0000000016b6a800 Uncommon trap: reason=bimorphic action=maybe_recompile pc=0x00000000031acde0 method=com.android.dx.cf.code.BytecodeArray.parseInstruction(ILcom/android/dx/cf/code/BytecodeArray$Visitor;)I @ 1687
Event: 6.440 Thread 0x0000000016b70000 Uncommon trap: reason=unstable_if action=reinterpret pc=0x00000000031121d0 method=java.util.HashMap.resize()[Ljava/util/HashMap$Node; @ 206
Event: 6.915 Thread 0x0000000016b70000 Uncommon trap: reason=bimorphic action=maybe_recompile pc=0x0000000003210f28 method=com.android.dx.cf.code.BytecodeArray.parseInstruction(ILcom/android/dx/cf/code/BytecodeArray$Visitor;)I @ 1477
Event: 6.916 Thread 0x0000000016b70000 Uncommon trap: reason=speculate_class_check action=maybe_recompile pc=0x000000000317ede4 method=com.android.dx.rop.cst.TypedConstant.getBasicType()I @ 1

Internal exceptions (6 events):
Event: 0.627 Thread 0x00000000027cd800 Exception <a 'java/lang/NoSuchMethodError': Method sun.misc.Unsafe.defineClass(Ljava/lang/String;[BII)Ljava/lang/Class; name or signature does not match> (0x00000000eab07cc0) thrown at [D:\re\workspace\8-2-build-windows-amd64-cygwin\jdk8u92\6642\hotspot\srß•üŠ1ä?
Event: 0.627 Thread 0x00000000027cd800 Exception <a 'java/lang/NoSuchMethodError': Method sun.misc.Unsafe.prefetchRead(Ljava/lang/Object;J)V name or signature does not match> (0x00000000eab07fa8) thrown at [D:\re\workspace\8-2-build-windows-amd64-cygwin\jdk8u92\6642\hotspot\src\share\vm\prims\jˆWµ/þ‰ü?
Event: 1.784 Thread 0x0000000016b8a000 Implicit null exception at 0x0000000002d0e0e2 to 0x0000000002d0e1da
Event: 5.106 Thread 0x0000000016b8a000 Exception <a 'java/lang/ArrayIndexOutOfBoundsException': 18> (0x00000000f101f8c8) thrown at [D:\re\workspace\8-2-build-windows-amd64-cygwin\jdk8u92\6642\hotspot\src\share\vm\interpreter\interpreterRuntime.cpp, line 366]
Event: 5.106 Thread 0x0000000016b8a000 Exception <a 'java/lang/ArrayIndexOutOfBoundsException': 145> (0x00000000f1021448) thrown at [D:\re\workspace\8-2-build-windows-amd64-cygwin\jdk8u92\6642\hotspot\src\share\vm\interpreter\interpreterRuntime.cpp, line 366]
Event: 5.107 Thread 0x0000000016b8a000 Exception <a 'java/lang/ArrayIndexOutOfBoundsException'> (0x00000000f1022730) thrown at [D:\re\workspace\8-2-build-windows-amd64-cygwin\jdk8u92\6642\hotspot\src\share\vm\runtime\sharedRuntime.cpp, line 605]

Events (10 events):
Event: 6.916 Thread 0x0000000016b70000 DEOPT PACKING pc=0x000000000317ede4 sp=0x00000000173fea90
Event: 6.916 Thread 0x0000000016b70000 DEOPT UNPACKING pc=0x0000000002a1582a sp=0x00000000173fea30 mode 2
Event: 6.940 Thread 0x0000000016b70000 DEOPT PACKING pc=0x000000000319346b sp=0x00000000173fea40
Event: 6.940 Thread 0x0000000016b70000 DEOPT UNPACKING pc=0x0000000002a1787f sp=0x00000000173fe7d0 mode 0
Event: 7.317 Thread 0x00000000027cd800 DEOPT PACKING pc=0x0000000002caa004 sp=0x00000000028ce540
Event: 7.317 Thread 0x00000000027cd800 DEOPT UNPACKING pc=0x0000000002a1787f sp=0x00000000028ce258 mode 0
Event: 7.650 Thread 0x00000000027cd800 DEOPT PACKING pc=0x00000000031c43da sp=0x00000000028ce1d0
Event: 7.650 Thread 0x00000000027cd800 DEOPT UNPACKING pc=0x0000000002a1787f sp=0x00000000028cdf00 mode 0
Event: 7.847 Thread 0x0000000016b70000 DEOPT PACKING pc=0x0000000002caa004 sp=0x00000000173fec50
Event: 7.847 Thread 0x0000000016b70000 DEOPT UNPACKING pc=0x0000000002a1787f sp=0x00000000173fe968 mode 0


Dynamic libraries:
0x00007ff684d40000 - 0x00007ff684d77000 	C:\Program Files\Java\jdk1.8.0_92\bin\java.exe
0x00007ffcdb7e0000 - 0x00007ffcdb98d000 	C:\Windows\SYSTEM32\ntdll.dll
0x00007ffcdb4d0000 - 0x00007ffcdb60e000 	C:\Windows\system32\KERNEL32.DLL
0x00007ffcd8b60000 - 0x00007ffcd8c75000 	C:\Windows\system32\KERNELBASE.dll
0x00007ffcd74c0000 - 0x00007ffcd754e000 	C:\Windows\system32\apphelp.dll
0x00007ffca76d0000 - 0x00007ffca7723000 	C:\Windows\AppPatch\AppPatch64\AcGenral.DLL
0x00007ffcdb730000 - 0x00007ffcdb7da000 	C:\Windows\system32\msvcrt.dll
0x00007ffcd8b30000 - 0x00007ffcd8b5e000 	C:\Windows\system32\SspiCli.dll
0x00007ffcdb6d0000 - 0x00007ffcdb724000 	C:\Windows\system32\SHLWAPI.dll
0x00007ffcd9570000 - 0x00007ffcd96e7000 	C:\Windows\system32\USER32.dll
0x00007ffcd9750000 - 0x00007ffcd98e4000 	C:\Windows\system32\ole32.dll
0x00007ffcd9a10000 - 0x00007ffcdaf38000 	C:\Windows\system32\SHELL32.dll
0x00007ffcd7ec0000 - 0x00007ffcd7ee1000 	C:\Windows\SYSTEM32\USERENV.dll
0x00007ffcd98f0000 - 0x00007ffcd999a000 	C:\Windows\system32\ADVAPI32.dll
0x00007ffcd5b90000 - 0x00007ffcd5bae000 	C:\Windows\SYSTEM32\MPR.dll
0x00007ffcdb390000 - 0x00007ffcdb4d0000 	C:\Windows\system32\RPCRT4.dll
0x00007ffcd96f0000 - 0x00007ffcd9749000 	C:\Windows\SYSTEM32\sechost.dll
0x00007ffcdb150000 - 0x00007ffcdb362000 	C:\Windows\SYSTEM32\combase.dll
0x00007ffcdb000000 - 0x00007ffcdb14f000 	C:\Windows\system32\GDI32.dll
0x00007ffcd8900000 - 0x00007ffcd8915000 	C:\Windows\SYSTEM32\profapi.dll
0x00007ffcd6cd0000 - 0x00007ffcd6d82000 	C:\Windows\SYSTEM32\SHCORE.dll
0x00007ffcd9180000 - 0x00007ffcd91b6000 	C:\Windows\system32\IMM32.DLL
0x00007ffcd8e60000 - 0x00007ffcd8fb2000 	C:\Windows\system32\MSCTF.dll
0x00007ffcd6610000 - 0x00007ffcd688b000 	C:\Windows\WinSxS\amd64_microsoft.windows.common-controls_6595b64144ccf1df_6.0.9600.18006_none_623f33d3ecbe86e8\COMCTL32.dll
0x000000006a380000 - 0x000000006a452000 	C:\Program Files\Java\jdk1.8.0_92\jre\bin\msvcr100.dll
0x0000000069ae0000 - 0x000000006a376000 	C:\Program Files\Java\jdk1.8.0_92\jre\bin\server\jvm.dll
0x00007ffcce8c0000 - 0x00007ffcce8c9000 	C:\Windows\SYSTEM32\WSOCK32.dll
0x00007ffcd05b0000 - 0x00007ffcd05d2000 	C:\Windows\SYSTEM32\WINMM.dll
0x00007ffccf0f0000 - 0x00007ffccf0fa000 	C:\Windows\SYSTEM32\VERSION.dll
0x00007ffcd92a0000 - 0x00007ffcd92a7000 	C:\Windows\system32\PSAPI.DLL
0x00007ffcd9230000 - 0x00007ffcd928a000 	C:\Windows\system32\WS2_32.dll
0x00007ffcd0580000 - 0x00007ffcd05aa000 	C:\Windows\SYSTEM32\WINMMBASE.dll
0x00007ffcd9560000 - 0x00007ffcd9569000 	C:\Windows\system32\NSI.dll
0x00007ffcd8a80000 - 0x00007ffcd8acf000 	C:\Windows\SYSTEM32\cfgmgr32.dll
0x00007ffcd7720000 - 0x00007ffcd7748000 	C:\Windows\SYSTEM32\DEVOBJ.dll
0x0000000069ad0000 - 0x0000000069adf000 	C:\Program Files\Java\jdk1.8.0_92\jre\bin\verify.dll
0x0000000069aa0000 - 0x0000000069ac9000 	C:\Program Files\Java\jdk1.8.0_92\jre\bin\java.dll
0x0000000069a80000 - 0x0000000069a96000 	C:\Program Files\Java\jdk1.8.0_92\jre\bin\zip.dll

VM Arguments:
jvm_args: -Djava.awt.headless=true -Xmx1024M -Dfile.encoding=windows-1252 -Duser.country=DE -Duser.language=de -Duser.variant 
java_command: com.android.dx.command.Main --dex --force-jumbo --num-threads=4 --multi-dex --output D:\Projects\Me4d\app_repo\Data4All-1.3\app\build\intermediates\transforms\dex\debug\folders\1000\10\bcprov-jdk15on-1.50_c3f1ea6b29348a651256840494cdd0616dd98594 C:\Users\len\.gradle\caches\modules-2\files-2.1\org.bouncycastle\bcprov-jdk15on\1.50\be504b4901d75cbe129a178f5830e6c358ec214c\bcprov-jdk15on-1.50.jar
java_class_path (initial): E:\android\sdk\build-tools\23.0.3\lib\dx.jar
Launcher Type: SUN_STANDARD

Environment Variables:
JAVA_HOME=C:\Program Files\Java\jdk1.8.0_92\
PATH=C:\Program Files (x86)\NVIDIA Corporation\PhysX\Common;C:\ProgramData\Oracle\Java\javapath;C:\Windows\system32;C:\Windows;C:\Windows\System32\Wbem;C:\Windows\System32\WindowsPowerShell\v1.0\;C:\Program Files (x86)\ATI Technologies\ATI.ACE\Core-Static;C:\Program Files\Intel\WiFi\bin\;C:\Program Files\Common Files\Intel\WirelessCommon\;C:\Program Files (x86)\nodejs\;C:\Program Files (x86)\GtkSharp\2.12\bin;C:\Program Files\Java\jdk1.8.0_92\bin;C:\Program Files (x86)\Java\jre7\bin;C:\Users\len\AppData\Local\Programs\Git\cmd;C:\Users\len\AppData\Roaming\npm;C:\adb;C:\Program Files\Git\cmd;E:\android\sdk\tools;E:\android\sdk\platform-tools\;C:\Program Files\Microsoft SQL Server\120\Tools\Binn\;C:\Program Files\Microsoft SQL Server\130\Tools\Binn\;%OPENCV_DIR%\bin;C:\Program Files\MiKTeX 2.9\miktex\bin\x64\;C:\Program Files (x86)\Skype\Phone\;C:\Program Files\TortoiseGit\bin;C:\Program Files\Java\jdk1.8.0_92\apache-maven-3.5.0\bin;C:\Program Files\Intel\WiFi\bin\;C:\Program Files\Common Files\Intel\WirelessCommon\;C:\Program Files (x86)\Java\jre7\bin;C:\Users\len\AppData\Local\Programs\Git\cmd;C:\Users\len\AppData\Roaming\npm;C:\Program Files\Java\jdk1.8.0_92\apache-maven-3.5.0\bin
USERNAME=len
OS=Windows_NT
PROCESSOR_IDENTIFIER=Intel64 Family 6 Model 61 Stepping 4, GenuineIntel



---------------  S Y S T E M  ---------------

OS: Windows 8.1 , 64 bit Build 9600 (6.3.9600.17415)

CPU:total 4 (2 cores per cpu, 2 threads per core) family 6 model 61 stepping 4, cmov, cx8, fxsr, mmx, sse, sse2, sse3, ssse3, sse4.1, sse4.2, popcnt, avx, avx2, aes, clmul, erms, 3dnowpref, lzcnt, ht, tsc, tscinvbit, bmi1, bmi2, adx

Memory: 4k page, physical 8306224k(948232k free), swap 11451952k(5592k free)

vm_info: Java HotSpot(TM) 64-Bit Server VM (25.92-b14) for windows-amd64 JRE (1.8.0_92-b14), built on Mar 31 2016 21:03:04 by "java_re" with MS VC++ 10.0 (VS2010)

time: Wed May 17 13:07:57 2017
elapsed time: 7 seconds (0d 0h 0m 7s)

