#
# There is insufficient memory for the Java Runtime Environment to continue.
# Native memory allocation (malloc) failed to allocate 604336 bytes for Chunk::new
# Possible reasons:
#   The system is out of physical RAM or swap space
#   In 32 bit mode, the process size limit was hit
# Possible solutions:
#   Reduce memory load on the system
#   Increase physical memory or swap space
#   Check if swap backing store is full
#   Use 64 bit Java on a 64 bit OS
#   Decrease Java heap size (-Xmx/-Xms)
#   Decrease number of Java threads
#   Decrease Java thread stack sizes (-Xss)
#   Set larger code cache with -XX:ReservedCodeCacheSize=
# This output file may be truncated or incomplete.
#
#  Out of Memory Error (allocation.cpp:390), pid=10472, tid=0x0000000000001a68
#
# JRE version: Java(TM) SE Runtime Environment (8.0_92-b14) (build 1.8.0_92-b14)
# Java VM: Java HotSpot(TM) 64-Bit Server VM (25.92-b14 mixed mode windows-amd64 compressed oops)
# Failed to write core dump. Minidumps are not enabled by default on client versions of Windows
#

---------------  T H R E A D  ---------------

Current thread (0x000000001448b000):  JavaThread "C2 CompilerThread1" daemon [_thread_in_native, id=6760, stack(0x0000000015ba0000,0x0000000015ca0000)]

Stack: [0x0000000015ba0000,0x0000000015ca0000]
[error occurred during error reporting (printing stack bounds), id 0xc0000005]

Native frames: (J=compiled Java code, j=interpreted, Vv=VM code, C=native code)


Current CompileTask:
C2:   6285 1410       4       com.android.dx.dex.code.OutputFinisher::addConstants (93 bytes)


---------------  P R O C E S S  ---------------

Java Threads: ( => current thread )
  0x0000000016c20000 JavaThread "pool-1-thread-1" [_thread_in_Java, id=9396, stack(0x00000000163a0000,0x00000000164a0000)]
  0x0000000015ca7000 JavaThread "Service Thread" daemon [_thread_blocked, id=388, stack(0x00000000161a0000,0x00000000162a0000)]
  0x000000001448e000 JavaThread "C1 CompilerThread2" daemon [_thread_blocked, id=8296, stack(0x00000000160a0000,0x00000000161a0000)]
=>0x000000001448b000 JavaThread "C2 CompilerThread1" daemon [_thread_in_native, id=6760, stack(0x0000000015ba0000,0x0000000015ca0000)]
  0x000000001442f000 JavaThread "C2 CompilerThread0" daemon [_thread_blocked, id=4184, stack(0x0000000015aa0000,0x0000000015ba0000)]
  0x000000001442d000 JavaThread "Attach Listener" daemon [_thread_blocked, id=10700, stack(0x00000000159a0000,0x0000000015aa0000)]
  0x000000001442c000 JavaThread "Signal Dispatcher" daemon [_thread_blocked, id=8216, stack(0x00000000158a0000,0x00000000159a0000)]
  0x000000001441a000 JavaThread "Finalizer" daemon [_thread_blocked, id=356, stack(0x0000000015680000,0x0000000015780000)]
  0x0000000001d51000 JavaThread "Reference Handler" daemon [_thread_blocked, id=5800, stack(0x0000000015580000,0x0000000015680000)]
  0x0000000001afd800 JavaThread "main" [_thread_blocked, id=2540, stack(0x0000000001b00000,0x0000000001c00000)]

Other Threads:
  0x00000000143f7800 VMThread [stack: 0x0000000015480000,0x0000000015580000] [id=5312]
  0x0000000015cce800 WatcherThread [stack: 0x00000000162a0000,0x00000000163a0000] [id=8596]

VM state:not at safepoint (normal execution)

VM Mutex/Monitor currently owned by a thread: None

Heap:
 PSYoungGen      total 38400K, used 32211K [0x00000000eab00000, 0x00000000ef600000, 0x0000000100000000)
  eden space 33280K, 81% used [0x00000000eab00000,0x00000000ec579bc8,0x00000000ecb80000)
  from space 5120K, 99% used [0x00000000ecb80000,0x00000000ed07b2f8,0x00000000ed080000)
  to   space 5120K, 0% used [0x00000000ef100000,0x00000000ef100000,0x00000000ef600000)
 ParOldGen       total 87552K, used 2009K [0x00000000c0000000, 0x00000000c5580000, 0x00000000eab00000)
  object space 87552K, 2% used [0x00000000c0000000,0x00000000c01f6710,0x00000000c5580000)
 Metaspace       used 6157K, capacity 7064K, committed 7424K, reserved 1056768K
  class space    used 610K, capacity 656K, committed 768K, reserved 1048576K

Card table byte_map: [0x0000000011120000,0x0000000011330000] byte_map_base: 0x0000000010b20000

Marking Bits: (ParMarkBitMap*) 0x000000006a2f64f0
 Begin Bits: [0x0000000011890000, 0x0000000012890000)
 End Bits:   [0x0000000012890000, 0x0000000013890000)

Polling page: 0x0000000001c00000

CodeCache: size=245760Kb used=5871Kb max_used=5883Kb free=239888Kb
 bounds [0x0000000001d60000, 0x0000000002330000, 0x0000000010d60000]
 total_blobs=1712 nmethods=1443 adapters=182
 compilation: enabled

Compilation events (10 events):
Event: 6.204 Thread 0x000000001448e000 nmethod 1456 0x000000000231d690 code [0x000000000231d7e0, 0x000000000231d930]
Event: 6.204 Thread 0x000000001448e000 1457       3       java.lang.Enum::compareTo (44 bytes)
Event: 6.205 Thread 0x000000001442f000 nmethod 1453 0x000000000231bd90 code [0x000000000231bee0, 0x000000000231c018]
Event: 6.205 Thread 0x000000001442f000 1455       4       java.lang.String::indexOf (166 bytes)
Event: 6.205 Thread 0x000000001448e000 nmethod 1457 0x000000000231c990 code [0x000000000231cb40, 0x000000000231d448]
Event: 6.205 Thread 0x000000001448e000 1458       3       com.android.dx.dex.file.MixedItemSection$1::compare (13 bytes)
Event: 6.205 Thread 0x000000001448e000 nmethod 1458 0x0000000002320a90 code [0x0000000002320c40, 0x0000000002321288]
Event: 6.205 Thread 0x000000001448e000 1459       3       java.util.Arrays$LegacyMergeSort::access$000 (4 bytes)
Event: 6.205 Thread 0x000000001448e000 nmethod 1459 0x000000000231c690 code [0x000000000231c7e0, 0x000000000231c910]
Event: 6.212 Thread 0x000000001442f000 nmethod 1455 0x000000000231ffd0 code [0x0000000002320120, 0x0000000002320698]

GC Heap History (2 events):
Event: 2.101 GC heap before
{Heap before GC invocations=1 (full 0):
 PSYoungGen      total 38400K, used 33280K [0x00000000eab00000, 0x00000000ed580000, 0x0000000100000000)
  eden space 33280K, 100% used [0x00000000eab00000,0x00000000ecb80000,0x00000000ecb80000)
  from space 5120K, 0% used [0x00000000ed080000,0x00000000ed080000,0x00000000ed580000)
  to   space 5120K, 0% used [0x00000000ecb80000,0x00000000ecb80000,0x00000000ed080000)
 ParOldGen       total 87552K, used 0K [0x00000000c0000000, 0x00000000c5580000, 0x00000000eab00000)
  object space 87552K, 0% used [0x00000000c0000000,0x00000000c0000000,0x00000000c5580000)
 Metaspace       used 5940K, capacity 6898K, committed 7040K, reserved 1056768K
  class space    used 597K, capacity 618K, committed 640K, reserved 1048576K
Event: 2.383 GC heap after
Heap after GC invocations=1 (full 0):
 PSYoungGen      total 38400K, used 5100K [0x00000000eab00000, 0x00000000ef600000, 0x0000000100000000)
  eden space 33280K, 0% used [0x00000000eab00000,0x00000000eab00000,0x00000000ecb80000)
  from space 5120K, 99% used [0x00000000ecb80000,0x00000000ed07b2f8,0x00000000ed080000)
  to   space 5120K, 0% used [0x00000000ef100000,0x00000000ef100000,0x00000000ef600000)
 ParOldGen       total 87552K, used 2009K [0x00000000c0000000, 0x00000000c5580000, 0x00000000eab00000)
  object space 87552K, 2% used [0x00000000c0000000,0x00000000c01f6710,0x00000000c5580000)
 Metaspace       used 5940K, capacity 6898K, committed 7040K, reserved 1056768K
  class space    used 597K, capacity 618K, committed 640K, reserved 1048576K
}

Deoptimization events (10 events):
Event: 5.898 Thread 0x0000000016c20000 Uncommon trap: reason=class_check action=maybe_recompile pc=0x000000000227bec8 method=java.util.Arrays.hashCode([Ljava/lang/Object;)I @ 43
Event: 5.898 Thread 0x0000000016c20000 Uncommon trap: reason=class_check action=maybe_recompile pc=0x000000000227cbb4 method=java.util.Arrays.hashCode([Ljava/lang/Object;)I @ 43
Event: 5.917 Thread 0x0000000016c20000 Uncommon trap: reason=bimorphic action=maybe_recompile pc=0x0000000001fa0a64 method=java.util.HashMap.getNode(ILjava/lang/Object;)Ljava/util/HashMap$Node; @ 126
Event: 5.917 Thread 0x0000000016c20000 Uncommon trap: reason=class_check action=maybe_recompile pc=0x00000000020e8c0c method=java.util.HashMap.putVal(ILjava/lang/Object;Ljava/lang/Object;ZZ)Ljava/lang/Object; @ 203
Event: 5.917 Thread 0x0000000016c20000 Uncommon trap: reason=bimorphic action=maybe_recompile pc=0x0000000001fa0a64 method=java.util.HashMap.getNode(ILjava/lang/Object;)Ljava/util/HashMap$Node; @ 126
Event: 5.917 Thread 0x0000000016c20000 Uncommon trap: reason=class_check action=maybe_recompile pc=0x00000000020e8c0c method=java.util.HashMap.putVal(ILjava/lang/Object;Ljava/lang/Object;ZZ)Ljava/lang/Object; @ 203
Event: 5.933 Thread 0x0000000016c20000 Uncommon trap: reason=unstable_if action=reinterpret pc=0x00000000020e8bc8 method=java.util.HashMap.putVal(ILjava/lang/Object;Ljava/lang/Object;ZZ)Ljava/lang/Object; @ 94
Event: 6.062 Thread 0x0000000016c20000 Uncommon trap: reason=unstable_if action=reinterpret pc=0x00000000023046ec method=com.android.dx.dex.code.OutputFinisher.addConstants(Ljava/util/HashSet;Lcom/android/dx/rop/code/RegisterSpec;)V @ 32
Event: 6.165 Thread 0x0000000016c20000 Uncommon trap: reason=bimorphic action=maybe_recompile pc=0x0000000001fa0a64 method=java.util.HashMap.getNode(ILjava/lang/Object;)Ljava/util/HashMap$Node; @ 126
Event: 6.170 Thread 0x0000000016c20000 Uncommon trap: reason=bimorphic action=maybe_recompile pc=0x00000000020130dc method=java.util.HashMap.getNode(ILjava/lang/Object;)Ljava/util/HashMap$Node; @ 126

Internal exceptions (2 events):
Event: 0.035 Thread 0x0000000001afd800 Exception <a 'java/lang/NoSuchMethodError': Method sun.misc.Unsafe.defineClass(Ljava/lang/String;[BII)Ljava/lang/Class; name or signature does not match> (0x00000000eab07cc0) thrown at [D:\re\workspace\8-2-build-windows-amd64-cygwin\jdk8u92\6642\hotspot\sr&Ð——}æ¡?
Event: 0.035 Thread 0x0000000001afd800 Exception <a 'java/lang/NoSuchMethodError': Method sun.misc.Unsafe.prefetchRead(Ljava/lang/Object;J)V name or signature does not match> (0x00000000eab07fa8) thrown at [D:\re\workspace\8-2-build-windows-amd64-cygwin\jdk8u92\6642\hotspot\src\share\vm\prims\j

Events (10 events):
Event: 6.188 loading class com/android/dex/Leb128
Event: 6.188 loading class com/android/dex/Leb128 done
Event: 6.203 loading class java/util/Collections$1
Event: 6.203 loading class java/util/Collections$1 done
Event: 6.203 loading class com/android/dx/dex/file/MixedItemSection$2
Event: 6.203 loading class com/android/dx/dex/file/MixedItemSection$2 done
Event: 6.205 loading class com/android/dx/dex/file/CodeItem$1
Event: 6.205 loading class com/android/dx/dex/file/CodeItem$1 done
Event: 6.207 loading class com/android/dx/dex/code/DalvInsnList
Event: 6.207 loading class com/android/dx/dex/code/DalvInsnList done


Dynamic libraries:
0x00007ff684d40000 - 0x00007ff684d77000 	C:\Program Files\Java\jdk1.8.0_92\bin\java.exe
0x00007ffcdb7e0000 - 0x00007ffcdb98d000 	C:\Windows\SYSTEM32\ntdll.dll
0x00007ffcdb4d0000 - 0x00007ffcdb60e000 	C:\Windows\system32\KERNEL32.DLL
0x00007ffcd8b60000 - 0x00007ffcd8c75000 	C:\Windows\system32\KERNELBASE.dll
0x00007ffcd74c0000 - 0x00007ffcd754e000 	C:\Windows\system32\apphelp.dll
0x00007ffca76d0000 - 0x00007ffca7723000 	C:\Windows\AppPatch\AppPatch64\AcGenral.DLL
0x00007ffcdb730000 - 0x00007ffcdb7da000 	C:\Windows\system32\msvcrt.dll
0x00007ffcd8b30000 - 0x00007ffcd8b5e000 	C:\Windows\system32\SspiCli.dll
0x00007ffcdb6d0000 - 0x00007ffcdb724000 	C:\Windows\system32\SHLWAPI.dll
0x00007ffcd9570000 - 0x00007ffcd96e7000 	C:\Windows\system32\USER32.dll
0x00007ffcd9750000 - 0x00007ffcd98e4000 	C:\Windows\system32\ole32.dll
0x00007ffcd9a10000 - 0x00007ffcdaf38000 	C:\Windows\system32\SHELL32.dll
0x00007ffcd7ec0000 - 0x00007ffcd7ee1000 	C:\Windows\SYSTEM32\USERENV.dll
0x00007ffcd98f0000 - 0x00007ffcd999a000 	C:\Windows\system32\ADVAPI32.dll
0x00007ffcd5b90000 - 0x00007ffcd5bae000 	C:\Windows\SYSTEM32\MPR.dll
0x00007ffcdb390000 - 0x00007ffcdb4d0000 	C:\Windows\system32\RPCRT4.dll
0x00007ffcd96f0000 - 0x00007ffcd9749000 	C:\Windows\SYSTEM32\sechost.dll
0x00007ffcdb150000 - 0x00007ffcdb362000 	C:\Windows\SYSTEM32\combase.dll
0x00007ffcdb000000 - 0x00007ffcdb14f000 	C:\Windows\system32\GDI32.dll
0x00007ffcd8900000 - 0x00007ffcd8915000 	C:\Windows\SYSTEM32\profapi.dll
0x00007ffcd6cd0000 - 0x00007ffcd6d82000 	C:\Windows\SYSTEM32\SHCORE.dll
0x00007ffcd9180000 - 0x00007ffcd91b6000 	C:\Windows\system32\IMM32.DLL
0x00007ffcd8e60000 - 0x00007ffcd8fb2000 	C:\Windows\system32\MSCTF.dll
0x00007ffcd6610000 - 0x00007ffcd688b000 	C:\Windows\WinSxS\amd64_microsoft.windows.common-controls_6595b64144ccf1df_6.0.9600.18006_none_623f33d3ecbe86e8\COMCTL32.dll
0x000000006a380000 - 0x000000006a452000 	C:\Program Files\Java\jdk1.8.0_92\jre\bin\msvcr100.dll
0x0000000069ae0000 - 0x000000006a376000 	C:\Program Files\Java\jdk1.8.0_92\jre\bin\server\jvm.dll
0x00007ffcce8c0000 - 0x00007ffcce8c9000 	C:\Windows\SYSTEM32\WSOCK32.dll
0x00007ffcd05b0000 - 0x00007ffcd05d2000 	C:\Windows\SYSTEM32\WINMM.dll
0x00007ffccf0f0000 - 0x00007ffccf0fa000 	C:\Windows\SYSTEM32\VERSION.dll
0x00007ffcd92a0000 - 0x00007ffcd92a7000 	C:\Windows\system32\PSAPI.DLL
0x00007ffcd9230000 - 0x00007ffcd928a000 	C:\Windows\system32\WS2_32.dll
0x00007ffcd0580000 - 0x00007ffcd05aa000 	C:\Windows\SYSTEM32\WINMMBASE.dll
0x00007ffcd9560000 - 0x00007ffcd9569000 	C:\Windows\system32\NSI.dll
0x00007ffcd8a80000 - 0x00007ffcd8acf000 	C:\Windows\SYSTEM32\cfgmgr32.dll
0x00007ffcd7720000 - 0x00007ffcd7748000 	C:\Windows\SYSTEM32\DEVOBJ.dll
0x0000000069ad0000 - 0x0000000069adf000 	C:\Program Files\Java\jdk1.8.0_92\jre\bin\verify.dll
0x0000000069aa0000 - 0x0000000069ac9000 	C:\Program Files\Java\jdk1.8.0_92\jre\bin\java.dll
0x0000000069a80000 - 0x0000000069a96000 	C:\Program Files\Java\jdk1.8.0_92\jre\bin\zip.dll

VM Arguments:
jvm_args: -Djava.awt.headless=true -Xmx1024M -Dfile.encoding=windows-1252 -Duser.country=DE -Duser.language=de -Duser.variant 
java_command: com.android.dx.command.Main --dex --force-jumbo --num-threads=4 --multi-dex --output D:\Projects\Me4d\app_repo\Data4All-1.3\app\build\intermediates\transforms\dex\debug\folders\1000\10\instant-run_8b3df5750409993157968f617a0a801c38612f6c D:\Projects\Me4d\app_repo\Data4All-1.3\app\build\intermediates\incremental-runtime-classes\debug\instant-run.jar
java_class_path (initial): E:\android\sdk\build-tools\23.0.3\lib\dx.jar
Launcher Type: SUN_STANDARD

Environment Variables:
JAVA_HOME=C:\Program Files\Java\jdk1.8.0_92\
PATH=C:\Program Files (x86)\NVIDIA Corporation\PhysX\Common;C:\ProgramData\Oracle\Java\javapath;C:\Windows\system32;C:\Windows;C:\Windows\System32\Wbem;C:\Windows\System32\WindowsPowerShell\v1.0\;C:\Program Files (x86)\ATI Technologies\ATI.ACE\Core-Static;C:\Program Files\Intel\WiFi\bin\;C:\Program Files\Common Files\Intel\WirelessCommon\;C:\Program Files (x86)\nodejs\;C:\Program Files (x86)\GtkSharp\2.12\bin;C:\Program Files\Java\jdk1.8.0_92\bin;C:\Program Files (x86)\Java\jre7\bin;C:\Users\len\AppData\Local\Programs\Git\cmd;C:\Users\len\AppData\Roaming\npm;C:\adb;C:\Program Files\Git\cmd;E:\android\sdk\tools;E:\android\sdk\platform-tools\;C:\Program Files\Microsoft SQL Server\120\Tools\Binn\;C:\Program Files\Microsoft SQL Server\130\Tools\Binn\;%OPENCV_DIR%\bin;C:\Program Files\MiKTeX 2.9\miktex\bin\x64\;C:\Program Files (x86)\Skype\Phone\;C:\Program Files\TortoiseGit\bin;C:\Program Files\Java\jdk1.8.0_92\apache-maven-3.5.0\bin;C:\Program Files\Intel\WiFi\bin\;C:\Program Files\Common Files\Intel\WirelessCommon\;C:\Program Files (x86)\Java\jre7\bin;C:\Users\len\AppData\Local\Programs\Git\cmd;C:\Users\len\AppData\Roaming\npm;C:\Program Files\Java\jdk1.8.0_92\apache-maven-3.5.0\bin
USERNAME=len
OS=Windows_NT
PROCESSOR_IDENTIFIER=Intel64 Family 6 Model 61 Stepping 4, GenuineIntel



---------------  S Y S T E M  ---------------

OS: Windows 8.1 , 64 bit Build 9600 (6.3.9600.17415)

CPU:total 4 (2 cores per cpu, 2 threads per core) family 6 model 61 stepping 4, cmov, cx8, fxsr, mmx, sse, sse2, sse3, ssse3, sse4.1, sse4.2, popcnt, avx, avx2, aes, clmul, erms, 3dnowpref, lzcnt, ht, tsc, tscinvbit, bmi1, bmi2, adx

Memory: 4k page, physical 8306224k(902380k free), swap 11451952k(5236k free)

vm_info: Java HotSpot(TM) 64-Bit Server VM (25.92-b14) for windows-amd64 JRE (1.8.0_92-b14), built on Mar 31 2016 21:03:04 by "java_re" with MS VC++ 10.0 (VS2010)

time: Wed May 17 13:04:38 2017
elapsed time: 6 seconds (0d 0h 0m 6s)

