#
# There is insufficient memory for the Java Runtime Environment to continue.
# Native memory allocation (malloc) failed to allocate 131088 bytes for Chunk::new
# Possible reasons:
#   The system is out of physical RAM or swap space
#   In 32 bit mode, the process size limit was hit
# Possible solutions:
#   Reduce memory load on the system
#   Increase physical memory or swap space
#   Check if swap backing store is full
#   Use 64 bit Java on a 64 bit OS
#   Decrease Java heap size (-Xmx/-Xms)
#   Decrease number of Java threads
#   Decrease Java thread stack sizes (-Xss)
#   Set larger code cache with -XX:ReservedCodeCacheSize=
# This output file may be truncated or incomplete.
#
#  Out of Memory Error (allocation.cpp:390), pid=9768, tid=0x0000000000001634
#
# JRE version: Java(TM) SE Runtime Environment (8.0_92-b14) (build 1.8.0_92-b14)
# Java VM: Java HotSpot(TM) 64-Bit Server VM (25.92-b14 mixed mode windows-amd64 compressed oops)
# Failed to write core dump. Minidumps are not enabled by default on client versions of Windows
#

---------------  T H R E A D  ---------------

Current thread (0x0000000014649000):  JavaThread "C2 CompilerThread1" daemon [_thread_in_native, id=5684, stack(0x0000000015dc0000,0x0000000015ec0000)]

Stack: [0x0000000015dc0000,0x0000000015ec0000]
[error occurred during error reporting (printing stack bounds), id 0xc0000005]

Native frames: (J=compiled Java code, j=interpreted, Vv=VM code, C=native code)


Current CompileTask:
C2:   7095 1281       4       com.android.dx.ssa.SCCP::simulatePhi (169 bytes)


---------------  P R O C E S S  ---------------

Java Threads: ( => current thread )
  0x000000001612d800 JavaThread "pool-2-thread-4" [_thread_in_Java, id=7224, stack(0x00000000169c0000,0x0000000016ac0000)]
  0x000000001612c000 JavaThread "pool-2-thread-3" [_thread_in_Java, id=6092, stack(0x00000000168c0000,0x00000000169c0000)]
  0x000000001612b000 JavaThread "pool-2-thread-2" [_thread_blocked, id=8400, stack(0x00000000167c0000,0x00000000168c0000)]
  0x0000000016005800 JavaThread "pool-3-thread-1" [_thread_blocked, id=6600, stack(0x00000000166c0000,0x00000000167c0000)]
  0x0000000016005000 JavaThread "pool-2-thread-1" [_thread_blocked, id=3140, stack(0x00000000165c0000,0x00000000166c0000)]
  0x0000000015ec7000 JavaThread "Service Thread" daemon [_thread_blocked, id=388, stack(0x00000000163c0000,0x00000000164c0000)]
  0x000000001469e800 JavaThread "C1 CompilerThread2" daemon [_thread_blocked, id=5464, stack(0x00000000162c0000,0x00000000163c0000)]
=>0x0000000014649000 JavaThread "C2 CompilerThread1" daemon [_thread_in_native, id=5684, stack(0x0000000015dc0000,0x0000000015ec0000)]
  0x000000001463d000 JavaThread "C2 CompilerThread0" daemon [_thread_in_native, id=10564, stack(0x0000000015cc0000,0x0000000015dc0000)]
  0x000000001463b000 JavaThread "Attach Listener" daemon [_thread_blocked, id=4384, stack(0x0000000015bc0000,0x0000000015cc0000)]
  0x000000001463a000 JavaThread "Signal Dispatcher" daemon [_thread_blocked, id=9712, stack(0x0000000015ac0000,0x0000000015bc0000)]
  0x000000001462a000 JavaThread "Finalizer" daemon [_thread_blocked, id=3304, stack(0x00000000158b0000,0x00000000159b0000)]
  0x0000000014609000 JavaThread "Reference Handler" daemon [_thread_blocked, id=5392, stack(0x00000000157b0000,0x00000000158b0000)]
  0x000000000069d800 JavaThread "main" [_thread_blocked, id=2460, stack(0x0000000000540000,0x0000000000640000)]

Other Threads:
  0x0000000014607800 VMThread [stack: 0x00000000156b0000,0x00000000157b0000] [id=11012]
  0x0000000015ed2800 WatcherThread [stack: 0x00000000164c0000,0x00000000165c0000] [id=10724]

VM state:not at safepoint (normal execution)

VM Mutex/Monitor currently owned by a thread: None

Heap:
 PSYoungGen      total 38400K, used 23566K [0x00000000eab00000, 0x00000000ef600000, 0x0000000100000000)
  eden space 33280K, 55% used [0x00000000eab00000,0x00000000ebd0ba20,0x00000000ecb80000)
  from space 5120K, 99% used [0x00000000ecb80000,0x00000000ed078048,0x00000000ed080000)
  to   space 5120K, 0% used [0x00000000ef100000,0x00000000ef100000,0x00000000ef600000)
 ParOldGen       total 87552K, used 1517K [0x00000000c0000000, 0x00000000c5580000, 0x00000000eab00000)
  object space 87552K, 1% used [0x00000000c0000000,0x00000000c017b688,0x00000000c5580000)
 Metaspace       used 5852K, capacity 6960K, committed 7040K, reserved 1056768K
  class space    used 585K, capacity 616K, committed 640K, reserved 1048576K

Card table byte_map: [0x0000000011330000,0x0000000011540000] byte_map_base: 0x0000000010d30000

Marking Bits: (ParMarkBitMap*) 0x000000006a2f64f0
 Begin Bits: [0x0000000011aa0000, 0x0000000012aa0000)
 End Bits:   [0x0000000012aa0000, 0x0000000013aa0000)

Polling page: 0x00000000003a0000

CodeCache: size=245760Kb used=5556Kb max_used=5567Kb free=240203Kb
 bounds [0x0000000001f70000, 0x00000000024f0000, 0x0000000010f70000]
 total_blobs=1560 nmethods=1298 adapters=175
 compilation: enabled

Compilation events (10 events):
Event: 7.011 Thread 0x000000001463d000 nmethod 1295 0x00000000024de790 code [0x00000000024de8c0, 0x00000000024de998]
Event: 7.011 Thread 0x000000001463d000 1296       4       com.android.dx.rop.code.RegisterSpec::<init> (48 bytes)
Event: 7.011 Thread 0x000000001469e800 1297       3       com.android.dx.rop.code.RopMethod::<init> (53 bytes)
Event: 7.011 Thread 0x000000001469e800 nmethod 1297 0x00000000024de0d0 code [0x00000000024de260, 0x00000000024de638]
Event: 7.012 Thread 0x000000001463d000 nmethod 1296 0x00000000024dde10 code [0x00000000024ddf40, 0x00000000024de018]
Event: 7.012 Thread 0x000000001463d000 1298   !   4       com.android.dx.rop.code.RegisterSpecSet::put (104 bytes)
Event: 7.015 Thread 0x000000001463d000 nmethod 1298 0x00000000024dd750 code [0x00000000024dd8c0, 0x00000000024ddb18]
Event: 7.015 Thread 0x000000001463d000 1299       4       com.android.dx.rop.code.Insn::hashCode (5 bytes)
Event: 7.015 Thread 0x000000001463d000 nmethod 1299 0x00000000023c9490 code [0x00000000023c95e0, 0x00000000023c9688]
Event: 7.090 Thread 0x000000001463d000 1300       4       com.android.dx.ssa.LocalVariableExtractor::processBlock (383 bytes)

GC Heap History (2 events):
Event: 6.363 GC heap before
{Heap before GC invocations=1 (full 0):
 PSYoungGen      total 38400K, used 33280K [0x00000000eab00000, 0x00000000ed580000, 0x0000000100000000)
  eden space 33280K, 100% used [0x00000000eab00000,0x00000000ecb80000,0x00000000ecb80000)
  from space 5120K, 0% used [0x00000000ed080000,0x00000000ed080000,0x00000000ed580000)
  to   space 5120K, 0% used [0x00000000ecb80000,0x00000000ecb80000,0x00000000ed080000)
 ParOldGen       total 87552K, used 0K [0x00000000c0000000, 0x00000000c5580000, 0x00000000eab00000)
  object space 87552K, 0% used [0x00000000c0000000,0x00000000c0000000,0x00000000c5580000)
 Metaspace       used 5833K, capacity 6960K, committed 7040K, reserved 1056768K
  class space    used 582K, capacity 616K, committed 640K, reserved 1048576K
Event: 6.768 GC heap after
Heap after GC invocations=1 (full 0):
 PSYoungGen      total 38400K, used 5088K [0x00000000eab00000, 0x00000000ef600000, 0x0000000100000000)
  eden space 33280K, 0% used [0x00000000eab00000,0x00000000eab00000,0x00000000ecb80000)
  from space 5120K, 99% used [0x00000000ecb80000,0x00000000ed078048,0x00000000ed080000)
  to   space 5120K, 0% used [0x00000000ef100000,0x00000000ef100000,0x00000000ef600000)
 ParOldGen       total 87552K, used 1517K [0x00000000c0000000, 0x00000000c5580000, 0x00000000eab00000)
  object space 87552K, 1% used [0x00000000c0000000,0x00000000c017b688,0x00000000c5580000)
 Metaspace       used 5833K, capacity 6960K, committed 7040K, reserved 1056768K
  class space    used 582K, capacity 616K, committed 640K, reserved 1048576K
}

Deoptimization events (10 events):
Event: 4.758 Thread 0x000000000069d800 Uncommon trap: reason=class_check action=maybe_recompile pc=0x00000000021a7f30 method=com.android.dx.ssa.NormalSsaInsn.accept(Lcom/android/dx/ssa/SsaInsn$Visitor;)V @ 9
Event: 5.618 Thread 0x000000000069d800 Uncommon trap: reason=null_check action=make_not_entrant pc=0x000000000229a868 method=com.android.dx.rop.type.Type.equals(Ljava/lang/Object;)Z @ 8
Event: 5.682 Thread 0x000000000069d800 Uncommon trap: reason=unstable_if action=reinterpret pc=0x000000000233cfb8 method=com.android.dx.cf.code.Ropper.labelToResultIndex(I)I @ 34
Event: 5.913 Thread 0x000000001612b000 Uncommon trap: reason=null_check action=make_not_entrant pc=0x00000000023675b8 method=com.android.dx.ssa.SsaRenamer.getLocalForNewReg(I)Lcom/android/dx/rop/code/LocalItem; @ 19
Event: 5.913 Thread 0x000000001612b000 Uncommon trap: reason=null_check action=make_not_entrant pc=0x000000000236bad0 method=com.android.dx.ssa.SsaRenamer.getLocalForNewReg(I)Lcom/android/dx/rop/code/LocalItem; @ 19
Event: 5.927 Thread 0x000000001612b000 Uncommon trap: reason=unstable_if action=reinterpret pc=0x00000000023d564c method=com.android.dx.ssa.SCCP.simulateBranch(Lcom/android/dx/ssa/SsaInsn;)V @ 64
Event: 6.808 Thread 0x0000000016005000 Uncommon trap: reason=unstable_if action=reinterpret pc=0x00000000024245f8 method=com.android.dx.ssa.SsaInsn.getLocalAssignment()Lcom/android/dx/rop/code/RegisterSpec; @ 14
Event: 6.811 Thread 0x0000000016005000 Uncommon trap: reason=unstable_if action=reinterpret pc=0x0000000002483130 method=com.android.dx.ssa.SsaRenamer$BlockRenamer.addMapping(ILcom/android/dx/rop/code/RegisterSpec;)V @ 120
Event: 6.964 Thread 0x000000001612d800 Uncommon trap: reason=uninitialized action=reinterpret pc=0x0000000002398a2c method=com.android.dx.cf.code.BytecodeArray.parseInstruction(ILcom/android/dx/cf/code/BytecodeArray$Visitor;)I @ 1079
Event: 7.010 Thread 0x0000000016005000 Uncommon trap: reason=unstable_if action=reinterpret pc=0x000000000247816c method=com.android.dx.util.BitIntSet.has(I)Z @ 8

Internal exceptions (5 events):
Event: 0.112 Thread 0x000000000069d800 Exception <a 'java/lang/NoSuchMethodError': Method sun.misc.Unsafe.defineClass(Ljava/lang/String;[BII)Ljava/lang/Class; name or signature does not match> (0x00000000eab07cc0) thrown at [D:\re\workspace\8-2-build-windows-amd64-cygwin\jdk8u92\6642\hotspot\srPlºåÀ¼?
Event: 0.112 Thread 0x000000000069d800 Exception <a 'java/lang/NoSuchMethodError': Method sun.misc.Unsafe.prefetchRead(Ljava/lang/Object;J)V name or signature does not match> (0x00000000eab07fa8) thrown at [D:\re\workspace\8-2-build-windows-amd64-cygwin\jdk8u92\6642\hotspot\src\share\vm\prims\jÂ¶—Px@
Event: 5.617 Thread 0x000000000069d800 Implicit null exception at 0x000000000229a762 to 0x000000000229a85a
Event: 5.913 Thread 0x000000001612b000 Implicit null exception at 0x000000000236640e to 0x000000000236756d
Event: 5.913 Thread 0x000000001612b000 Implicit null exception at 0x000000000236ab49 to 0x000000000236ba9d

Events (10 events):
Event: 6.964 Thread 0x000000001612d800 Uncommon trap: trap_request=0xffffffb5 fr.pc=0x0000000002398a2c
Event: 6.964 Thread 0x000000001612d800 DEOPT PACKING pc=0x0000000002398a2c sp=0x0000000016abead0
Event: 6.964 Thread 0x000000001612d800 DEOPT UNPACKING pc=0x0000000001fb582a sp=0x0000000016abea50 mode 2
Event: 6.971 Thread 0x000000001612b000 DEOPT PACKING pc=0x000000000238a250 sp=0x00000000168be990
Event: 6.971 Thread 0x000000001612b000 DEOPT UNPACKING pc=0x0000000001fb787f sp=0x00000000168be6d8 mode 0
Event: 7.010 Thread 0x0000000016005000 Uncommon trap: trap_request=0xffffff65 fr.pc=0x000000000247816c
Event: 7.010 Thread 0x0000000016005000 DEOPT PACKING pc=0x000000000247816c sp=0x00000000166bec30
Event: 7.010 Thread 0x0000000016005000 DEOPT UNPACKING pc=0x0000000001fb582a sp=0x00000000166beb68 mode 2
Event: 7.010 loading class com/android/dx/rop/code/RegisterSpec$1
Event: 7.010 loading class com/android/dx/rop/code/RegisterSpec$1 done


Dynamic libraries:
0x00007ff684d40000 - 0x00007ff684d77000 	C:\Program Files\Java\jdk1.8.0_92\bin\java.exe
0x00007ffcdb7e0000 - 0x00007ffcdb98d000 	C:\Windows\SYSTEM32\ntdll.dll
0x00007ffcdb4d0000 - 0x00007ffcdb60e000 	C:\Windows\system32\KERNEL32.DLL
0x00007ffcd8b60000 - 0x00007ffcd8c75000 	C:\Windows\system32\KERNELBASE.dll
0x00007ffcd74c0000 - 0x00007ffcd754e000 	C:\Windows\system32\apphelp.dll
0x00007ffca76d0000 - 0x00007ffca7723000 	C:\Windows\AppPatch\AppPatch64\AcGenral.DLL
0x00007ffcdb730000 - 0x00007ffcdb7da000 	C:\Windows\system32\msvcrt.dll
0x00007ffcd8b30000 - 0x00007ffcd8b5e000 	C:\Windows\system32\SspiCli.dll
0x00007ffcdb6d0000 - 0x00007ffcdb724000 	C:\Windows\system32\SHLWAPI.dll
0x00007ffcd9570000 - 0x00007ffcd96e7000 	C:\Windows\system32\USER32.dll
0x00007ffcd9750000 - 0x00007ffcd98e4000 	C:\Windows\system32\ole32.dll
0x00007ffcd9a10000 - 0x00007ffcdaf38000 	C:\Windows\system32\SHELL32.dll
0x00007ffcd7ec0000 - 0x00007ffcd7ee1000 	C:\Windows\SYSTEM32\USERENV.dll
0x00007ffcd98f0000 - 0x00007ffcd999a000 	C:\Windows\system32\ADVAPI32.dll
0x00007ffcd5b90000 - 0x00007ffcd5bae000 	C:\Windows\SYSTEM32\MPR.dll
0x00007ffcdb390000 - 0x00007ffcdb4d0000 	C:\Windows\system32\RPCRT4.dll
0x00007ffcd96f0000 - 0x00007ffcd9749000 	C:\Windows\SYSTEM32\sechost.dll
0x00007ffcdb150000 - 0x00007ffcdb362000 	C:\Windows\SYSTEM32\combase.dll
0x00007ffcdb000000 - 0x00007ffcdb14f000 	C:\Windows\system32\GDI32.dll
0x00007ffcd8900000 - 0x00007ffcd8915000 	C:\Windows\SYSTEM32\profapi.dll
0x00007ffcd6cd0000 - 0x00007ffcd6d82000 	C:\Windows\SYSTEM32\SHCORE.dll
0x00007ffcd9180000 - 0x00007ffcd91b6000 	C:\Windows\system32\IMM32.DLL
0x00007ffcd8e60000 - 0x00007ffcd8fb2000 	C:\Windows\system32\MSCTF.dll
0x00007ffcd6610000 - 0x00007ffcd688b000 	C:\Windows\WinSxS\amd64_microsoft.windows.common-controls_6595b64144ccf1df_6.0.9600.18006_none_623f33d3ecbe86e8\COMCTL32.dll
0x000000006a380000 - 0x000000006a452000 	C:\Program Files\Java\jdk1.8.0_92\jre\bin\msvcr100.dll
0x0000000069ae0000 - 0x000000006a376000 	C:\Program Files\Java\jdk1.8.0_92\jre\bin\server\jvm.dll
0x00007ffcce8c0000 - 0x00007ffcce8c9000 	C:\Windows\SYSTEM32\WSOCK32.dll
0x00007ffcd05b0000 - 0x00007ffcd05d2000 	C:\Windows\SYSTEM32\WINMM.dll
0x00007ffccf0f0000 - 0x00007ffccf0fa000 	C:\Windows\SYSTEM32\VERSION.dll
0x00007ffcd92a0000 - 0x00007ffcd92a7000 	C:\Windows\system32\PSAPI.DLL
0x00007ffcd9230000 - 0x00007ffcd928a000 	C:\Windows\system32\WS2_32.dll
0x00007ffcd0580000 - 0x00007ffcd05aa000 	C:\Windows\SYSTEM32\WINMMBASE.dll
0x00007ffcd9560000 - 0x00007ffcd9569000 	C:\Windows\system32\NSI.dll
0x00007ffcd8a80000 - 0x00007ffcd8acf000 	C:\Windows\SYSTEM32\cfgmgr32.dll
0x00007ffcd7720000 - 0x00007ffcd7748000 	C:\Windows\SYSTEM32\DEVOBJ.dll
0x0000000069ad0000 - 0x0000000069adf000 	C:\Program Files\Java\jdk1.8.0_92\jre\bin\verify.dll
0x0000000069aa0000 - 0x0000000069ac9000 	C:\Program Files\Java\jdk1.8.0_92\jre\bin\java.dll
0x0000000069a80000 - 0x0000000069a96000 	C:\Program Files\Java\jdk1.8.0_92\jre\bin\zip.dll

VM Arguments:
jvm_args: -Djava.awt.headless=true -Xmx1024M -Dfile.encoding=windows-1252 -Duser.country=DE -Duser.language=de -Duser.variant 
java_command: com.android.dx.command.Main --dex --force-jumbo --num-threads=4 --multi-dex --output D:\Projects\Me4d\app_repo\Data4All-1.3\app\build\intermediates\transforms\dex\debug\folders\1000\5\slice_3 D:\Projects\Me4d\app_repo\Data4All-1.3\app\build\intermediates\transforms\instantRunSlicer\debug\folders\1\5\slice_3
java_class_path (initial): E:\android\sdk\build-tools\23.0.3\lib\dx.jar
Launcher Type: SUN_STANDARD

Environment Variables:
JAVA_HOME=C:\Program Files\Java\jdk1.8.0_92\
PATH=C:\Program Files (x86)\NVIDIA Corporation\PhysX\Common;C:\ProgramData\Oracle\Java\javapath;C:\Windows\system32;C:\Windows;C:\Windows\System32\Wbem;C:\Windows\System32\WindowsPowerShell\v1.0\;C:\Program Files (x86)\ATI Technologies\ATI.ACE\Core-Static;C:\Program Files\Intel\WiFi\bin\;C:\Program Files\Common Files\Intel\WirelessCommon\;C:\Program Files (x86)\nodejs\;C:\Program Files (x86)\GtkSharp\2.12\bin;C:\Program Files\Java\jdk1.8.0_92\bin;C:\Program Files (x86)\Java\jre7\bin;C:\Users\len\AppData\Local\Programs\Git\cmd;C:\Users\len\AppData\Roaming\npm;C:\adb;C:\Program Files\Git\cmd;E:\android\sdk\tools;E:\android\sdk\platform-tools\;C:\Program Files\Microsoft SQL Server\120\Tools\Binn\;C:\Program Files\Microsoft SQL Server\130\Tools\Binn\;%OPENCV_DIR%\bin;C:\Program Files\MiKTeX 2.9\miktex\bin\x64\;C:\Program Files (x86)\Skype\Phone\;C:\Program Files\TortoiseGit\bin;C:\Program Files\Java\jdk1.8.0_92\apache-maven-3.5.0\bin;C:\Program Files\Intel\WiFi\bin\;C:\Program Files\Common Files\Intel\WirelessCommon\;C:\Program Files (x86)\Java\jre7\bin;C:\Users\len\AppData\Local\Programs\Git\cmd;C:\Users\len\AppData\Roaming\npm;C:\Program Files\Java\jdk1.8.0_92\apache-maven-3.5.0\bin
USERNAME=len
OS=Windows_NT
PROCESSOR_IDENTIFIER=Intel64 Family 6 Model 61 Stepping 4, GenuineIntel



---------------  S Y S T E M  ---------------

OS: Windows 8.1 , 64 bit Build 9600 (6.3.9600.17415)

CPU:total 4 (2 cores per cpu, 2 threads per core) family 6 model 61 stepping 4, cmov, cx8, fxsr, mmx, sse, sse2, sse3, ssse3, sse4.1, sse4.2, popcnt, avx, avx2, aes, clmul, erms, 3dnowpref, lzcnt, ht, tsc, tscinvbit, bmi1, bmi2, adx

Memory: 4k page, physical 8306224k(889464k free), swap 11451952k(5196k free)

vm_info: Java HotSpot(TM) 64-Bit Server VM (25.92-b14) for windows-amd64 JRE (1.8.0_92-b14), built on Mar 31 2016 21:03:04 by "java_re" with MS VC++ 10.0 (VS2010)

time: Wed May 17 13:09:37 2017
elapsed time: 7 seconds (0d 0h 0m 7s)

