#
# There is insufficient memory for the Java Runtime Environment to continue.
# Native memory allocation (malloc) failed to allocate 208448 bytes for Chunk::new
# Possible reasons:
#   The system is out of physical RAM or swap space
#   In 32 bit mode, the process size limit was hit
# Possible solutions:
#   Reduce memory load on the system
#   Increase physical memory or swap space
#   Check if swap backing store is full
#   Use 64 bit Java on a 64 bit OS
#   Decrease Java heap size (-Xmx/-Xms)
#   Decrease number of Java threads
#   Decrease Java thread stack sizes (-Xss)
#   Set larger code cache with -XX:ReservedCodeCacheSize=
# This output file may be truncated or incomplete.
#
#  Out of Memory Error (allocation.cpp:390), pid=9428, tid=0x00000000000029ec
#
# JRE version: Java(TM) SE Runtime Environment (8.0_92-b14) (build 1.8.0_92-b14)
# Java VM: Java HotSpot(TM) 64-Bit Server VM (25.92-b14 mixed mode windows-amd64 compressed oops)
# Failed to write core dump. Minidumps are not enabled by default on client versions of Windows
#

---------------  T H R E A D  ---------------

Current thread (0x000000001528d000):  JavaThread "C2 CompilerThread0" daemon [_thread_in_native, id=10732, stack(0x00000000168f0000,0x00000000169f0000)]

Stack: [0x00000000168f0000,0x00000000169f0000]
[error occurred during error reporting (printing stack bounds), id 0xc0000005]

Native frames: (J=compiled Java code, j=interpreted, Vv=VM code, C=native code)


Current CompileTask:
C2:   1387  762       4       com.android.dx.ssa.SsaBasicBlock::forEachInsn (37 bytes)


---------------  P R O C E S S  ---------------

Java Threads: ( => current thread )
  0x0000000016e43800 JavaThread "pool-2-thread-4" [_thread_in_Java, id=5392, stack(0x00000000175f0000,0x00000000176f0000)]
  0x0000000016e37800 JavaThread "pool-2-thread-3" [_thread_in_vm, id=6288, stack(0x00000000174f0000,0x00000000175f0000)]
  0x0000000016e0f000 JavaThread "pool-2-thread-2" [_thread_in_vm, id=7796, stack(0x00000000173f0000,0x00000000174f0000)]
  0x0000000016d4a000 JavaThread "pool-3-thread-1" [_thread_blocked, id=10500, stack(0x00000000172f0000,0x00000000173f0000)]
  0x0000000016d2f800 JavaThread "pool-2-thread-1" [_thread_in_vm, id=3808, stack(0x00000000171f0000,0x00000000172f0000)]
  0x0000000016bf2800 JavaThread "Service Thread" daemon [_thread_blocked, id=380, stack(0x0000000016ff0000,0x00000000170f0000)]
  0x00000000152e9800 JavaThread "C1 CompilerThread2" daemon [_thread_in_native, id=9712, stack(0x0000000016af0000,0x0000000016bf0000)]
  0x00000000152e6800 JavaThread "C2 CompilerThread1" daemon [_thread_blocked, id=7076, stack(0x00000000169f0000,0x0000000016af0000)]
=>0x000000001528d000 JavaThread "C2 CompilerThread0" daemon [_thread_in_native, id=10732, stack(0x00000000168f0000,0x00000000169f0000)]
  0x000000001528b800 JavaThread "Attach Listener" daemon [_thread_blocked, id=11004, stack(0x00000000167f0000,0x00000000168f0000)]
  0x000000001528a000 JavaThread "Signal Dispatcher" daemon [_thread_blocked, id=752, stack(0x00000000166f0000,0x00000000167f0000)]
  0x0000000002bba800 JavaThread "Finalizer" daemon [_thread_blocked, id=6452, stack(0x00000000164e0000,0x00000000165e0000)]
  0x0000000015259000 JavaThread "Reference Handler" daemon [_thread_blocked, id=4088, stack(0x00000000163e0000,0x00000000164e0000)]
  0x00000000011cd800 JavaThread "main" [_thread_in_vm, id=8060, stack(0x0000000002900000,0x0000000002a00000)]

Other Threads:
  0x0000000015257800 VMThread [stack: 0x00000000162e0000,0x00000000163e0000] [id=7544]
  0x0000000016bf6000 WatcherThread [stack: 0x00000000170f0000,0x00000000171f0000] [id=6940]

VM state:not at safepoint (normal execution)

VM Mutex/Monitor currently owned by a thread: None

Heap:
 PSYoungGen      total 38400K, used 13994K [0x00000000eab00000, 0x00000000ed580000, 0x0000000100000000)
  eden space 33280K, 42% used [0x00000000eab00000,0x00000000eb8aa890,0x00000000ecb80000)
  from space 5120K, 0% used [0x00000000ed080000,0x00000000ed080000,0x00000000ed580000)
  to   space 5120K, 0% used [0x00000000ecb80000,0x00000000ecb80000,0x00000000ed080000)
 ParOldGen       total 87552K, used 0K [0x00000000c0000000, 0x00000000c5580000, 0x00000000eab00000)
  object space 87552K, 0% used [0x00000000c0000000,0x00000000c0000000,0x00000000c5580000)
 Metaspace       used 5721K, capacity 6704K, committed 6784K, reserved 1056768K
  class space    used 595K, capacity 616K, committed 640K, reserved 1048576K

Card table byte_map: [0x0000000011f80000,0x0000000012190000] byte_map_base: 0x0000000011980000

Marking Bits: (ParMarkBitMap*) 0x000000006a2f64f0
 Begin Bits: [0x00000000126f0000, 0x00000000136f0000)
 End Bits:   [0x00000000136f0000, 0x00000000146f0000)

Polling page: 0x0000000001180000

CodeCache: size=245760Kb used=3294Kb max_used=3294Kb free=242465Kb
 bounds [0x0000000002bc0000, 0x0000000002f00000, 0x0000000011bc0000]
 total_blobs=1056 nmethods=787 adapters=182
 compilation: enabled

Compilation events (10 events):
Event: 1.382 Thread 0x00000000152e9800 nmethod 784 0x0000000002ef37d0 code [0x0000000002ef3b20, 0x0000000002ef5aa8]
Event: 1.383 Thread 0x00000000152e9800  785       3       com.android.dx.cf.code.BaseMachine::localInfo (6 bytes)
Event: 1.383 Thread 0x00000000152e9800 nmethod 785 0x0000000002ef6910 code [0x0000000002ef6a60, 0x0000000002ef6bb0]
Event: 1.383 Thread 0x00000000152e9800  786   !   3       com.android.dx.cf.code.BaseMachine::result (36 bytes)
Event: 1.384 Thread 0x00000000152e9800 nmethod 786 0x0000000002ef6c50 code [0x0000000002ef6de0, 0x0000000002ef7138]
Event: 1.384 Thread 0x00000000152e9800  787       3       com.android.dx.cf.code.OneLocalsArray::copy (33 bytes)
Event: 1.384 Thread 0x00000000152e9800 nmethod 787 0x0000000002ef7310 code [0x0000000002ef74a0, 0x0000000002ef7a48]
Event: 1.384 Thread 0x00000000152e9800  788       3       com.android.dx.cf.code.ByteBlockList::labelToBlock (46 bytes)
Event: 1.385 Thread 0x00000000152e9800 nmethod 788 0x0000000002ef7c90 code [0x0000000002ef7ec0, 0x0000000002ef8c08]
Event: 1.385 Thread 0x00000000152e9800  789   !   3       com.android.dx.cf.code.Ropper::processBlock (1101 bytes)

GC Heap History (0 events):
No events

Deoptimization events (1 events):
Event: 1.316 Thread 0x00000000011cd800 Uncommon trap: reason=unstable_if action=reinterpret pc=0x0000000002e00804 method=java.util.HashMap.getNode(ILjava/lang/Object;)Ljava/util/HashMap$Node; @ 62

Internal exceptions (2 events):
Event: 0.033 Thread 0x00000000011cd800 Exception <a 'java/lang/NoSuchMethodError': Method sun.misc.Unsafe.defineClass(Ljava/lang/String;[BII)Ljava/lang/Class; name or signature does not match> (0x00000000eab07cc0) thrown at [D:\re\workspace\8-2-build-windows-amd64-cygwin\jdk8u92\6642\hotspot\srxÅc‘†?
Event: 0.033 Thread 0x00000000011cd800 Exception <a 'java/lang/NoSuchMethodError': Method sun.misc.Unsafe.prefetchRead(Ljava/lang/Object;J)V name or signature does not match> (0x00000000eab07fa8) thrown at [D:\re\workspace\8-2-build-windows-amd64-cygwin\jdk8u92\6642\hotspot\src\share\vm\prims\j

Events (10 events):
Event: 1.284 loading class com/android/dx/rop/annotation/AnnotationsList done
Event: 1.284 loading class com/android/dx/dex/file/MethodIdItem
Event: 1.284 loading class com/android/dx/dex/file/MethodIdItem done
Event: 1.294 loading class com/android/dx/dex/file/MethodAnnotationStruct
Event: 1.294 loading class com/android/dx/dex/file/MethodAnnotationStruct done
Event: 1.316 Thread 0x00000000011cd800 Uncommon trap: trap_request=0xffffff65 fr.pc=0x0000000002e00804
Event: 1.317 Thread 0x00000000011cd800 DEOPT PACKING pc=0x0000000002e00804 sp=0x00000000029fdc90
Event: 1.317 Thread 0x00000000011cd800 DEOPT UNPACKING pc=0x0000000002c0582a sp=0x00000000029fdc08 mode 2
Event: 1.351 loading class java/util/ArrayList$1
Event: 1.351 loading class java/util/ArrayList$1 done


Dynamic libraries:
0x00007ff684d40000 - 0x00007ff684d77000 	C:\Program Files\Java\jdk1.8.0_92\bin\java.exe
0x00007ffcdb7e0000 - 0x00007ffcdb98d000 	C:\Windows\SYSTEM32\ntdll.dll
0x00007ffcdb4d0000 - 0x00007ffcdb60e000 	C:\Windows\system32\KERNEL32.DLL
0x00007ffcd8b60000 - 0x00007ffcd8c75000 	C:\Windows\system32\KERNELBASE.dll
0x00007ffcd74c0000 - 0x00007ffcd754e000 	C:\Windows\system32\apphelp.dll
0x00007ffca76d0000 - 0x00007ffca7723000 	C:\Windows\AppPatch\AppPatch64\AcGenral.DLL
0x00007ffcdb730000 - 0x00007ffcdb7da000 	C:\Windows\system32\msvcrt.dll
0x00007ffcd8b30000 - 0x00007ffcd8b5e000 	C:\Windows\system32\SspiCli.dll
0x00007ffcdb6d0000 - 0x00007ffcdb724000 	C:\Windows\system32\SHLWAPI.dll
0x00007ffcd9570000 - 0x00007ffcd96e7000 	C:\Windows\system32\USER32.dll
0x00007ffcd9750000 - 0x00007ffcd98e4000 	C:\Windows\system32\ole32.dll
0x00007ffcd9a10000 - 0x00007ffcdaf38000 	C:\Windows\system32\SHELL32.dll
0x00007ffcd7ec0000 - 0x00007ffcd7ee1000 	C:\Windows\SYSTEM32\USERENV.dll
0x00007ffcd98f0000 - 0x00007ffcd999a000 	C:\Windows\system32\ADVAPI32.dll
0x00007ffcd5b90000 - 0x00007ffcd5bae000 	C:\Windows\SYSTEM32\MPR.dll
0x00007ffcdb390000 - 0x00007ffcdb4d0000 	C:\Windows\system32\RPCRT4.dll
0x00007ffcd96f0000 - 0x00007ffcd9749000 	C:\Windows\SYSTEM32\sechost.dll
0x00007ffcdb150000 - 0x00007ffcdb362000 	C:\Windows\SYSTEM32\combase.dll
0x00007ffcdb000000 - 0x00007ffcdb14f000 	C:\Windows\system32\GDI32.dll
0x00007ffcd8900000 - 0x00007ffcd8915000 	C:\Windows\SYSTEM32\profapi.dll
0x00007ffcd6cd0000 - 0x00007ffcd6d82000 	C:\Windows\SYSTEM32\SHCORE.dll
0x00007ffcd9180000 - 0x00007ffcd91b6000 	C:\Windows\system32\IMM32.DLL
0x00007ffcd8e60000 - 0x00007ffcd8fb2000 	C:\Windows\system32\MSCTF.dll
0x00007ffcd6610000 - 0x00007ffcd688b000 	C:\Windows\WinSxS\amd64_microsoft.windows.common-controls_6595b64144ccf1df_6.0.9600.18006_none_623f33d3ecbe86e8\COMCTL32.dll
0x000000006a380000 - 0x000000006a452000 	C:\Program Files\Java\jdk1.8.0_92\jre\bin\msvcr100.dll
0x0000000069ae0000 - 0x000000006a376000 	C:\Program Files\Java\jdk1.8.0_92\jre\bin\server\jvm.dll
0x00007ffcce8c0000 - 0x00007ffcce8c9000 	C:\Windows\SYSTEM32\WSOCK32.dll
0x00007ffcd05b0000 - 0x00007ffcd05d2000 	C:\Windows\SYSTEM32\WINMM.dll
0x00007ffccf0f0000 - 0x00007ffccf0fa000 	C:\Windows\SYSTEM32\VERSION.dll
0x00007ffcd92a0000 - 0x00007ffcd92a7000 	C:\Windows\system32\PSAPI.DLL
0x00007ffcd9230000 - 0x00007ffcd928a000 	C:\Windows\system32\WS2_32.dll
0x00007ffcd0580000 - 0x00007ffcd05aa000 	C:\Windows\SYSTEM32\WINMMBASE.dll
0x00007ffcd9560000 - 0x00007ffcd9569000 	C:\Windows\system32\NSI.dll
0x00007ffcd8a80000 - 0x00007ffcd8acf000 	C:\Windows\SYSTEM32\cfgmgr32.dll
0x00007ffcd7720000 - 0x00007ffcd7748000 	C:\Windows\SYSTEM32\DEVOBJ.dll
0x0000000069ad0000 - 0x0000000069adf000 	C:\Program Files\Java\jdk1.8.0_92\jre\bin\verify.dll
0x0000000069aa0000 - 0x0000000069ac9000 	C:\Program Files\Java\jdk1.8.0_92\jre\bin\java.dll
0x0000000069a80000 - 0x0000000069a96000 	C:\Program Files\Java\jdk1.8.0_92\jre\bin\zip.dll

VM Arguments:
jvm_args: -Djava.awt.headless=true -Xmx1024M -Dfile.encoding=windows-1252 -Duser.country=DE -Duser.language=de -Duser.variant 
java_command: com.android.dx.command.Main --dex --force-jumbo --num-threads=4 --multi-dex --output D:\Projects\Me4d\app_repo\Data4All-1.3\app\build\intermediates\transforms\dex\debug\folders\1000\2\android-support-4.0_cfc7a9eca6ad968f1dc5deb3c47b54ade666d0cf D:\Projects\Me4d\app_repo\Data4All-1.3\app\libs\android-support-4.0.jar
java_class_path (initial): E:\android\sdk\build-tools\23.0.3\lib\dx.jar
Launcher Type: SUN_STANDARD

Environment Variables:
JAVA_HOME=C:\Program Files\Java\jdk1.8.0_92\
PATH=C:\Program Files (x86)\NVIDIA Corporation\PhysX\Common;C:\ProgramData\Oracle\Java\javapath;C:\Windows\system32;C:\Windows;C:\Windows\System32\Wbem;C:\Windows\System32\WindowsPowerShell\v1.0\;C:\Program Files (x86)\ATI Technologies\ATI.ACE\Core-Static;C:\Program Files\Intel\WiFi\bin\;C:\Program Files\Common Files\Intel\WirelessCommon\;C:\Program Files (x86)\nodejs\;C:\Program Files (x86)\GtkSharp\2.12\bin;C:\Program Files\Java\jdk1.8.0_92\bin;C:\Program Files (x86)\Java\jre7\bin;C:\Users\len\AppData\Local\Programs\Git\cmd;C:\Users\len\AppData\Roaming\npm;C:\adb;C:\Program Files\Git\cmd;E:\android\sdk\tools;E:\android\sdk\platform-tools\;C:\Program Files\Microsoft SQL Server\120\Tools\Binn\;C:\Program Files\Microsoft SQL Server\130\Tools\Binn\;%OPENCV_DIR%\bin;C:\Program Files\MiKTeX 2.9\miktex\bin\x64\;C:\Program Files (x86)\Skype\Phone\;C:\Program Files\TortoiseGit\bin;C:\Program Files\Java\jdk1.8.0_92\apache-maven-3.5.0\bin;C:\Program Files\Intel\WiFi\bin\;C:\Program Files\Common Files\Intel\WirelessCommon\;C:\Program Files (x86)\Java\jre7\bin;C:\Users\len\AppData\Local\Programs\Git\cmd;C:\Users\len\AppData\Roaming\npm;C:\Program Files\Java\jdk1.8.0_92\apache-maven-3.5.0\bin
USERNAME=len
OS=Windows_NT
PROCESSOR_IDENTIFIER=Intel64 Family 6 Model 61 Stepping 4, GenuineIntel



---------------  S Y S T E M  ---------------

OS: Windows 8.1 , 64 bit Build 9600 (6.3.9600.17415)

CPU:total 4 (2 cores per cpu, 2 threads per core) family 6 model 61 stepping 4, cmov, cx8, fxsr, mmx, sse, sse2, sse3, ssse3, sse4.1, sse4.2, popcnt, avx, avx2, aes, clmul, erms, 3dnowpref, lzcnt, ht, tsc, tscinvbit, bmi1, bmi2, adx

Memory: 4k page, physical 8306224k(989980k free), swap 11451952k(5280k free)

vm_info: Java HotSpot(TM) 64-Bit Server VM (25.92-b14) for windows-amd64 JRE (1.8.0_92-b14), built on Mar 31 2016 21:03:04 by "java_re" with MS VC++ 10.0 (VS2010)

time: Wed May 17 13:06:48 2017
elapsed time: 1 seconds (0d 0h 0m 1s)

