#
# There is insufficient memory for the Java Runtime Environment to continue.
# Native memory allocation (malloc) failed to allocate 127456 bytes for Chunk::new
# Possible reasons:
#   The system is out of physical RAM or swap space
#   In 32 bit mode, the process size limit was hit
# Possible solutions:
#   Reduce memory load on the system
#   Increase physical memory or swap space
#   Check if swap backing store is full
#   Use 64 bit Java on a 64 bit OS
#   Decrease Java heap size (-Xmx/-Xms)
#   Decrease number of Java threads
#   Decrease Java thread stack sizes (-Xss)
#   Set larger code cache with -XX:ReservedCodeCacheSize=
# This output file may be truncated or incomplete.
#
#  Out of Memory Error (allocation.cpp:390), pid=11236, tid=0x0000000000000c24
#
# JRE version: Java(TM) SE Runtime Environment (8.0_92-b14) (build 1.8.0_92-b14)
# Java VM: Java HotSpot(TM) 64-Bit Server VM (25.92-b14 mixed mode windows-amd64 compressed oops)
# Failed to write core dump. Minidumps are not enabled by default on client versions of Windows
#

---------------  T H R E A D  ---------------

Current thread (0x0000000015466800):  JavaThread "C2 CompilerThread1" daemon [_thread_in_native, id=3108, stack(0x0000000016b90000,0x0000000016c90000)]

Stack: [0x0000000016b90000,0x0000000016c90000]
[error occurred during error reporting (printing stack bounds), id 0xc0000005]

Native frames: (J=compiled Java code, j=interpreted, Vv=VM code, C=native code)


Current CompileTask:
C2:   6268 1710       4       com.android.dx.rop.code.Rops::ropFor (771 bytes)


---------------  P R O C E S S  ---------------

Java Threads: ( => current thread )
  0x0000000016ed9800 JavaThread "pool-2-thread-4" [_thread_blocked, id=9768, stack(0x0000000017790000,0x0000000017890000)]
  0x0000000016ed8000 JavaThread "pool-2-thread-3" [_thread_in_Java, id=6448, stack(0x0000000017690000,0x0000000017790000)]
  0x0000000016f6a800 JavaThread "pool-2-thread-2" [_thread_blocked, id=10408, stack(0x0000000017590000,0x0000000017690000)]
  0x0000000016f56000 JavaThread "pool-3-thread-1" [_thread_blocked, id=7076, stack(0x0000000017490000,0x0000000017590000)]
  0x0000000016f49000 JavaThread "pool-2-thread-1" [_thread_blocked, id=10384, stack(0x0000000017390000,0x0000000017490000)]
  0x0000000016c96000 JavaThread "Service Thread" daemon [_thread_blocked, id=560, stack(0x0000000017190000,0x0000000017290000)]
  0x000000001546c800 JavaThread "C1 CompilerThread2" daemon [_thread_blocked, id=11036, stack(0x0000000017090000,0x0000000017190000)]
=>0x0000000015466800 JavaThread "C2 CompilerThread1" daemon [_thread_in_native, id=3108, stack(0x0000000016b90000,0x0000000016c90000)]
  0x000000001540d000 JavaThread "C2 CompilerThread0" daemon [_thread_in_native, id=10984, stack(0x0000000016a90000,0x0000000016b90000)]
  0x000000001540b800 JavaThread "Attach Listener" daemon [_thread_blocked, id=7556, stack(0x0000000016990000,0x0000000016a90000)]
  0x000000001540a000 JavaThread "Signal Dispatcher" daemon [_thread_blocked, id=3524, stack(0x0000000016890000,0x0000000016990000)]
  0x0000000002d1a800 JavaThread "Finalizer" daemon [_thread_blocked, id=10712, stack(0x0000000016680000,0x0000000016780000)]
  0x00000000153d9000 JavaThread "Reference Handler" daemon [_thread_blocked, id=4916, stack(0x0000000016580000,0x0000000016680000)]
  0x00000000011fd800 JavaThread "main" [_thread_in_native, id=2968, stack(0x0000000002ae0000,0x0000000002be0000)]

Other Threads:
  0x00000000153d7800 VMThread [stack: 0x0000000016480000,0x0000000016580000] [id=6260]
  0x0000000016cba000 WatcherThread [stack: 0x0000000017290000,0x0000000017390000] [id=10432]

VM state:not at safepoint (normal execution)

VM Mutex/Monitor currently owned by a thread: None

Heap:
 PSYoungGen      total 71680K, used 35069K [0x00000000eab00000, 0x00000000ef600000, 0x0000000100000000)
  eden space 66560K, 45% used [0x00000000eab00000,0x00000000ec8457c0,0x00000000eec00000)
  from space 5120K, 99% used [0x00000000ef100000,0x00000000ef5f9c78,0x00000000ef600000)
  to   space 5120K, 0% used [0x00000000eec00000,0x00000000eec00000,0x00000000ef100000)
 ParOldGen       total 87552K, used 3941K [0x00000000c0000000, 0x00000000c5580000, 0x00000000eab00000)
  object space 87552K, 4% used [0x00000000c0000000,0x00000000c03d96a8,0x00000000c5580000)
 Metaspace       used 6331K, capacity 7128K, committed 7424K, reserved 1056768K
  class space    used 618K, capacity 656K, committed 768K, reserved 1048576K

Card table byte_map: [0x00000000120e0000,0x00000000122f0000] byte_map_base: 0x0000000011ae0000

Marking Bits: (ParMarkBitMap*) 0x000000006a2f64f0
 Begin Bits: [0x0000000012850000, 0x0000000013850000)
 End Bits:   [0x0000000013850000, 0x0000000014850000)

Polling page: 0x0000000001510000

CodeCache: size=245760Kb used=7114Kb max_used=7135Kb free=238645Kb
 bounds [0x0000000002d20000, 0x0000000003420000, 0x0000000011d20000]
 total_blobs=1951 nmethods=1682 adapters=182
 compilation: enabled

Compilation events (10 events):
Event: 6.164 Thread 0x0000000015466800 nmethod 1661 0x0000000003411310 code [0x0000000003411740, 0x0000000003414e38]
Event: 6.165 Thread 0x0000000015466800 1655       4       com.android.dx.ssa.SsaRenamer$BlockRenamer::<init> (72 bytes)
Event: 6.169 Thread 0x0000000015466800 nmethod 1655 0x0000000003410b50 code [0x0000000003410cc0, 0x0000000003411078]
Event: 6.196 Thread 0x0000000015466800 1709       4       com.android.dx.cf.code.ByteBlockList::labelToBlock (46 bytes)
Event: 6.198 Thread 0x0000000015466800 nmethod 1709 0x0000000003410610 code [0x0000000003410760, 0x00000000034108b8]
Event: 6.198 Thread 0x0000000015466800 1712       4       java.util.ArrayList::clear (39 bytes)
Event: 6.200 Thread 0x0000000015466800 nmethod 1712 0x00000000033c02d0 code [0x00000000033c0400, 0x00000000033c04d8]
Event: 6.200 Thread 0x0000000015466800 1710       4       com.android.dx.rop.code.Rops::ropFor (771 bytes)
Event: 6.213 Thread 0x000000001546c800 1722       1       com.android.dx.rop.cst.CstFloat::getType (4 bytes)
Event: 6.213 Thread 0x000000001546c800 nmethod 1722 0x0000000003404f50 code [0x00000000034050a0, 0x00000000034051b0]

GC Heap History (4 events):
Event: 2.253 GC heap before
{Heap before GC invocations=1 (full 0):
 PSYoungGen      total 38400K, used 33280K [0x00000000eab00000, 0x00000000ed580000, 0x0000000100000000)
  eden space 33280K, 100% used [0x00000000eab00000,0x00000000ecb80000,0x00000000ecb80000)
  from space 5120K, 0% used [0x00000000ed080000,0x00000000ed080000,0x00000000ed580000)
  to   space 5120K, 0% used [0x00000000ecb80000,0x00000000ecb80000,0x00000000ed080000)
 ParOldGen       total 87552K, used 0K [0x00000000c0000000, 0x00000000c5580000, 0x00000000eab00000)
  object space 87552K, 0% used [0x00000000c0000000,0x00000000c0000000,0x00000000c5580000)
 Metaspace       used 6015K, capacity 6898K, committed 7040K, reserved 1056768K
  class space    used 597K, capacity 618K, committed 640K, reserved 1048576K
Event: 2.503 GC heap after
Heap after GC invocations=1 (full 0):
 PSYoungGen      total 38400K, used 5088K [0x00000000eab00000, 0x00000000ef600000, 0x0000000100000000)
  eden space 33280K, 0% used [0x00000000eab00000,0x00000000eab00000,0x00000000ecb80000)
  from space 5120K, 99% used [0x00000000ecb80000,0x00000000ed078368,0x00000000ed080000)
  to   space 5120K, 0% used [0x00000000ef100000,0x00000000ef100000,0x00000000ef600000)
 ParOldGen       total 87552K, used 806K [0x00000000c0000000, 0x00000000c5580000, 0x00000000eab00000)
  object space 87552K, 0% used [0x00000000c0000000,0x00000000c00c9ac8,0x00000000c5580000)
 Metaspace       used 6015K, capacity 6898K, committed 7040K, reserved 1056768K
  class space    used 597K, capacity 618K, committed 640K, reserved 1048576K
}
Event: 3.345 GC heap before
{Heap before GC invocations=2 (full 0):
 PSYoungGen      total 38400K, used 38368K [0x00000000eab00000, 0x00000000ef600000, 0x0000000100000000)
  eden space 33280K, 100% used [0x00000000eab00000,0x00000000ecb80000,0x00000000ecb80000)
  from space 5120K, 99% used [0x00000000ecb80000,0x00000000ed078368,0x00000000ed080000)
  to   space 5120K, 0% used [0x00000000ef100000,0x00000000ef100000,0x00000000ef600000)
 ParOldGen       total 87552K, used 806K [0x00000000c0000000, 0x00000000c5580000, 0x00000000eab00000)
  object space 87552K, 0% used [0x00000000c0000000,0x00000000c00c9ac8,0x00000000c5580000)
 Metaspace       used 6184K, capacity 7026K, committed 7296K, reserved 1056768K
  class space    used 598K, capacity 618K, committed 640K, reserved 1048576K
Event: 3.801 GC heap after
Heap after GC invocations=2 (full 0):
 PSYoungGen      total 71680K, used 5095K [0x00000000eab00000, 0x00000000ef600000, 0x0000000100000000)
  eden space 66560K, 0% used [0x00000000eab00000,0x00000000eab00000,0x00000000eec00000)
  from space 5120K, 99% used [0x00000000ef100000,0x00000000ef5f9c78,0x00000000ef600000)
  to   space 5120K, 0% used [0x00000000eec00000,0x00000000eec00000,0x00000000ef100000)
 ParOldGen       total 87552K, used 3941K [0x00000000c0000000, 0x00000000c5580000, 0x00000000eab00000)
  object space 87552K, 4% used [0x00000000c0000000,0x00000000c03d96a8,0x00000000c5580000)
 Metaspace       used 6184K, capacity 7026K, committed 7296K, reserved 1056768K
  class space    used 598K, capacity 618K, committed 640K, reserved 1048576K
}

Deoptimization events (10 events):
Event: 4.572 Thread 0x0000000016f49000 Uncommon trap: reason=unstable_if action=reinterpret pc=0x0000000003074720 method=java.util.HashMap.putVal(ILjava/lang/Object;Ljava/lang/Object;ZZ)Ljava/lang/Object; @ 162
Event: 4.587 Thread 0x0000000016ed8000 Uncommon trap: reason=bimorphic action=maybe_recompile pc=0x000000000338617c method=com.android.dx.cf.code.BytecodeArray.parseInstruction(ILcom/android/dx/cf/code/BytecodeArray$Visitor;)I @ 1161
Event: 4.589 Thread 0x0000000016ed9800 Uncommon trap: reason=unstable_if action=reinterpret pc=0x0000000002ffe640 method=java.util.HashMap.getNode(ILjava/lang/Object;)Ljava/util/HashMap$Node; @ 84
Event: 4.589 Thread 0x0000000016ed9800 Uncommon trap: reason=unstable_if action=reinterpret pc=0x00000000032cdac8 method=java.util.HashMap.putVal(ILjava/lang/Object;Ljava/lang/Object;ZZ)Ljava/lang/Object; @ 109
Event: 4.590 Thread 0x0000000016ed8000 Uncommon trap: reason=unstable_if action=reinterpret pc=0x00000000032d6b6c method=com.android.dx.rop.code.RegisterSpecSet.localItemToSpec(Lcom/android/dx/rop/code/LocalItem;)Lcom/android/dx/rop/code/RegisterSpec; @ 35
Event: 5.796 Thread 0x0000000016ed8000 Uncommon trap: reason=bimorphic action=maybe_recompile pc=0x00000000031b5c44 method=com.android.dx.ssa.SCCP.simulatePhi(Lcom/android/dx/ssa/PhiInsn;)V @ 124
Event: 5.799 Thread 0x0000000016ed8000 Uncommon trap: reason=bimorphic action=maybe_recompile pc=0x0000000002f94538 method=java.util.HashMap.getNode(ILjava/lang/Object;)Ljava/util/HashMap$Node; @ 126
Event: 5.799 Thread 0x0000000016ed8000 Uncommon trap: reason=bimorphic action=maybe_recompile pc=0x0000000002f94538 method=java.util.HashMap.getNode(ILjava/lang/Object;)Ljava/util/HashMap$Node; @ 126
Event: 5.815 Thread 0x0000000016ed8000 Uncommon trap: reason=bimorphic action=maybe_recompile pc=0x00000000031b5c44 method=com.android.dx.ssa.SCCP.simulatePhi(Lcom/android/dx/ssa/PhiInsn;)V @ 124
Event: 5.864 Thread 0x00000000011fd800 Uncommon trap: reason=unstable_if action=reinterpret pc=0x00000000032df8f0 method=java.util.HashMap.resize()[Ljava/util/HashMap$Node; @ 206

Internal exceptions (6 events):
Event: 0.041 Thread 0x00000000011fd800 Exception <a 'java/lang/NoSuchMethodError': Method sun.misc.Unsafe.defineClass(Ljava/lang/String;[BII)Ljava/lang/Class; name or signature does not match> (0x00000000eab07cc0) thrown at [D:\re\workspace\8-2-build-windows-amd64-cygwin\jdk8u92\6642\hotspot\srzÄ_W¸§?
Event: 0.041 Thread 0x00000000011fd800 Exception <a 'java/lang/NoSuchMethodError': Method sun.misc.Unsafe.prefetchRead(Ljava/lang/Object;J)V name or signature does not match> (0x00000000eab07fa8) thrown at [D:\re\workspace\8-2-build-windows-amd64-cygwin\jdk8u92\6642\hotspot\src\share\vm\prims\jﬁçÑ–˙?
Event: 1.676 Thread 0x0000000016ed8000 Implicit null exception at 0x000000000307da91 to 0x000000000307f889
Event: 4.575 Thread 0x0000000016f49000 Exception <a 'java/lang/ArrayIndexOutOfBoundsException': 18> (0x00000000eb3a9358) thrown at [D:\re\workspace\8-2-build-windows-amd64-cygwin\jdk8u92\6642\hotspot\src\share\vm\interpreter\interpreterRuntime.cpp, line 366]
Event: 4.575 Thread 0x0000000016f49000 Exception <a 'java/lang/ArrayIndexOutOfBoundsException': 145> (0x00000000eb3aaed8) thrown at [D:\re\workspace\8-2-build-windows-amd64-cygwin\jdk8u92\6642\hotspot\src\share\vm\interpreter\interpreterRuntime.cpp, line 366]
Event: 4.576 Thread 0x0000000016f49000 Exception <a 'java/lang/ArrayIndexOutOfBoundsException'> (0x00000000eb3ac1c0) thrown at [D:\re\workspace\8-2-build-windows-amd64-cygwin\jdk8u92\6642\hotspot\src\share\vm\runtime\sharedRuntime.cpp, line 605]

Events (10 events):
Event: 5.799 Thread 0x0000000016ed8000 DEOPT PACKING pc=0x0000000002f94538 sp=0x000000001778e900
Event: 5.799 Thread 0x0000000016ed8000 DEOPT UNPACKING pc=0x0000000002d6582a sp=0x000000001778e818 mode 2
Event: 5.814 Thread 0x0000000016ed8000 Uncommon trap: trap_request=0xffffffc6 fr.pc=0x00000000031b5c44
Event: 5.815 Thread 0x0000000016ed8000 DEOPT PACKING pc=0x00000000031b5c44 sp=0x000000001778e8d0
Event: 5.815 Thread 0x0000000016ed8000 DEOPT UNPACKING pc=0x0000000002d6582a sp=0x000000001778e888 mode 2
Event: 5.864 Thread 0x00000000011fd800 Uncommon trap: trap_request=0xffffff65 fr.pc=0x00000000032df8f0
Event: 5.864 Thread 0x00000000011fd800 DEOPT PACKING pc=0x00000000032df8f0 sp=0x0000000002bddb50
Event: 5.864 Thread 0x00000000011fd800 DEOPT UNPACKING pc=0x0000000002d6582a sp=0x0000000002bddab8 mode 2
Event: 6.217 Thread 0x0000000016ed9800 DEOPT PACKING pc=0x000000000318c4a0 sp=0x000000001788e540
Event: 6.217 Thread 0x0000000016ed9800 DEOPT UNPACKING pc=0x0000000002d6787f sp=0x000000001788e370 mode 0


Dynamic libraries:
0x00007ff684d40000 - 0x00007ff684d77000 	C:\Program Files\Java\jdk1.8.0_92\bin\java.exe
0x00007ffcdb7e0000 - 0x00007ffcdb98d000 	C:\Windows\SYSTEM32\ntdll.dll
0x00007ffcdb4d0000 - 0x00007ffcdb60e000 	C:\Windows\system32\KERNEL32.DLL
0x00007ffcd8b60000 - 0x00007ffcd8c75000 	C:\Windows\system32\KERNELBASE.dll
0x00007ffcd74c0000 - 0x00007ffcd754e000 	C:\Windows\system32\apphelp.dll
0x00007ffca76d0000 - 0x00007ffca7723000 	C:\Windows\AppPatch\AppPatch64\AcGenral.DLL
0x00007ffcdb730000 - 0x00007ffcdb7da000 	C:\Windows\system32\msvcrt.dll
0x00007ffcd8b30000 - 0x00007ffcd8b5e000 	C:\Windows\system32\SspiCli.dll
0x00007ffcdb6d0000 - 0x00007ffcdb724000 	C:\Windows\system32\SHLWAPI.dll
0x00007ffcd9570000 - 0x00007ffcd96e7000 	C:\Windows\system32\USER32.dll
0x00007ffcd9750000 - 0x00007ffcd98e4000 	C:\Windows\system32\ole32.dll
0x00007ffcd9a10000 - 0x00007ffcdaf38000 	C:\Windows\system32\SHELL32.dll
0x00007ffcd7ec0000 - 0x00007ffcd7ee1000 	C:\Windows\SYSTEM32\USERENV.dll
0x00007ffcd98f0000 - 0x00007ffcd999a000 	C:\Windows\system32\ADVAPI32.dll
0x00007ffcd5b90000 - 0x00007ffcd5bae000 	C:\Windows\SYSTEM32\MPR.dll
0x00007ffcdb390000 - 0x00007ffcdb4d0000 	C:\Windows\system32\RPCRT4.dll
0x00007ffcd96f0000 - 0x00007ffcd9749000 	C:\Windows\SYSTEM32\sechost.dll
0x00007ffcdb150000 - 0x00007ffcdb362000 	C:\Windows\SYSTEM32\combase.dll
0x00007ffcdb000000 - 0x00007ffcdb14f000 	C:\Windows\system32\GDI32.dll
0x00007ffcd8900000 - 0x00007ffcd8915000 	C:\Windows\SYSTEM32\profapi.dll
0x00007ffcd6cd0000 - 0x00007ffcd6d82000 	C:\Windows\SYSTEM32\SHCORE.dll
0x00007ffcd9180000 - 0x00007ffcd91b6000 	C:\Windows\system32\IMM32.DLL
0x00007ffcd8e60000 - 0x00007ffcd8fb2000 	C:\Windows\system32\MSCTF.dll
0x00007ffcd6610000 - 0x00007ffcd688b000 	C:\Windows\WinSxS\amd64_microsoft.windows.common-controls_6595b64144ccf1df_6.0.9600.18006_none_623f33d3ecbe86e8\COMCTL32.dll
0x000000006a380000 - 0x000000006a452000 	C:\Program Files\Java\jdk1.8.0_92\jre\bin\msvcr100.dll
0x0000000069ae0000 - 0x000000006a376000 	C:\Program Files\Java\jdk1.8.0_92\jre\bin\server\jvm.dll
0x00007ffcce8c0000 - 0x00007ffcce8c9000 	C:\Windows\SYSTEM32\WSOCK32.dll
0x00007ffcd05b0000 - 0x00007ffcd05d2000 	C:\Windows\SYSTEM32\WINMM.dll
0x00007ffccf0f0000 - 0x00007ffccf0fa000 	C:\Windows\SYSTEM32\VERSION.dll
0x00007ffcd92a0000 - 0x00007ffcd92a7000 	C:\Windows\system32\PSAPI.DLL
0x00007ffcd9230000 - 0x00007ffcd928a000 	C:\Windows\system32\WS2_32.dll
0x00007ffcd0580000 - 0x00007ffcd05aa000 	C:\Windows\SYSTEM32\WINMMBASE.dll
0x00007ffcd9560000 - 0x00007ffcd9569000 	C:\Windows\system32\NSI.dll
0x00007ffcd8a80000 - 0x00007ffcd8acf000 	C:\Windows\SYSTEM32\cfgmgr32.dll
0x00007ffcd7720000 - 0x00007ffcd7748000 	C:\Windows\SYSTEM32\DEVOBJ.dll
0x0000000069ad0000 - 0x0000000069adf000 	C:\Program Files\Java\jdk1.8.0_92\jre\bin\verify.dll
0x0000000069aa0000 - 0x0000000069ac9000 	C:\Program Files\Java\jdk1.8.0_92\jre\bin\java.dll
0x0000000069a80000 - 0x0000000069a96000 	C:\Program Files\Java\jdk1.8.0_92\jre\bin\zip.dll

VM Arguments:
jvm_args: -Djava.awt.headless=true -Xmx1024M -Dfile.encoding=windows-1252 -Duser.country=DE -Duser.language=de -Duser.variant 
java_command: com.android.dx.command.Main --dex --force-jumbo --num-threads=4 --multi-dex --output D:\Projects\Me4d\app_repo\Data4All-1.3\app\build\intermediates\transforms\dex\debug\folders\1000\2\osmdroid-android-4.3_750c482c2b6f2b5eaafa9daa01b9f3473c5c56b1 D:\Projects\Me4d\app_repo\Data4All-1.3\app\libs\osmdroid-android-4.3.jar
java_class_path (initial): E:\android\sdk\build-tools\23.0.3\lib\dx.jar
Launcher Type: SUN_STANDARD

Environment Variables:
JAVA_HOME=C:\Program Files\Java\jdk1.8.0_92\
PATH=C:\Program Files (x86)\NVIDIA Corporation\PhysX\Common;C:\ProgramData\Oracle\Java\javapath;C:\Windows\system32;C:\Windows;C:\Windows\System32\Wbem;C:\Windows\System32\WindowsPowerShell\v1.0\;C:\Program Files (x86)\ATI Technologies\ATI.ACE\Core-Static;C:\Program Files\Intel\WiFi\bin\;C:\Program Files\Common Files\Intel\WirelessCommon\;C:\Program Files (x86)\nodejs\;C:\Program Files (x86)\GtkSharp\2.12\bin;C:\Program Files\Java\jdk1.8.0_92\bin;C:\Program Files (x86)\Java\jre7\bin;C:\Users\len\AppData\Local\Programs\Git\cmd;C:\Users\len\AppData\Roaming\npm;C:\adb;C:\Program Files\Git\cmd;E:\android\sdk\tools;E:\android\sdk\platform-tools\;C:\Program Files\Microsoft SQL Server\120\Tools\Binn\;C:\Program Files\Microsoft SQL Server\130\Tools\Binn\;%OPENCV_DIR%\bin;C:\Program Files\MiKTeX 2.9\miktex\bin\x64\;C:\Program Files (x86)\Skype\Phone\;C:\Program Files\TortoiseGit\bin;C:\Program Files\Java\jdk1.8.0_92\apache-maven-3.5.0\bin;C:\Program Files\Intel\WiFi\bin\;C:\Program Files\Common Files\Intel\WirelessCommon\;C:\Program Files (x86)\Java\jre7\bin;C:\Users\len\AppData\Local\Programs\Git\cmd;C:\Users\len\AppData\Roaming\npm;C:\Program Files\Java\jdk1.8.0_92\apache-maven-3.5.0\bin
USERNAME=len
OS=Windows_NT
PROCESSOR_IDENTIFIER=Intel64 Family 6 Model 61 Stepping 4, GenuineIntel



---------------  S Y S T E M  ---------------

OS: Windows 8.1 , 64 bit Build 9600 (6.3.9600.17415)

CPU:total 4 (2 cores per cpu, 2 threads per core) family 6 model 61 stepping 4, cmov, cx8, fxsr, mmx, sse, sse2, sse3, ssse3, sse4.1, sse4.2, popcnt, avx, avx2, aes, clmul, erms, 3dnowpref, lzcnt, ht, tsc, tscinvbit, bmi1, bmi2, adx

Memory: 4k page, physical 8306224k(902380k free), swap 11451952k(5224k free)

vm_info: Java HotSpot(TM) 64-Bit Server VM (25.92-b14) for windows-amd64 JRE (1.8.0_92-b14), built on Mar 31 2016 21:03:04 by "java_re" with MS VC++ 10.0 (VS2010)

time: Wed May 17 13:04:38 2017
elapsed time: 6 seconds (0d 0h 0m 6s)

