#
# There is insufficient memory for the Java Runtime Environment to continue.
# Native memory allocation (malloc) failed to allocate 742256 bytes for Chunk::new
# Possible reasons:
#   The system is out of physical RAM or swap space
#   In 32 bit mode, the process size limit was hit
# Possible solutions:
#   Reduce memory load on the system
#   Increase physical memory or swap space
#   Check if swap backing store is full
#   Use 64 bit Java on a 64 bit OS
#   Decrease Java heap size (-Xmx/-Xms)
#   Decrease number of Java threads
#   Decrease Java thread stack sizes (-Xss)
#   Set larger code cache with -XX:ReservedCodeCacheSize=
# This output file may be truncated or incomplete.
#
#  Out of Memory Error (allocation.cpp:390), pid=8112, tid=0x0000000000000be8
#
# JRE version: Java(TM) SE Runtime Environment (8.0_92-b14) (build 1.8.0_92-b14)
# Java VM: Java HotSpot(TM) 64-Bit Server VM (25.92-b14 mixed mode windows-amd64 compressed oops)
# Failed to write core dump. Minidumps are not enabled by default on client versions of Windows
#

---------------  T H R E A D  ---------------

Current thread (0x0000000014e08800):  JavaThread "C2 CompilerThread1" daemon [_thread_in_native, id=3048, stack(0x0000000016520000,0x0000000016620000)]

Stack: [0x0000000016520000,0x0000000016620000]
[error occurred during error reporting (printing stack bounds), id 0xc0000005]

Native frames: (J=compiled Java code, j=interpreted, Vv=VM code, C=native code)


Current CompileTask:
C2:   9370 1178   !   4       com.android.dx.cf.cst.ConstantPoolParser::parse0 (731 bytes)


---------------  P R O C E S S  ---------------

Java Threads: ( => current thread )
  0x000000001687f000 JavaThread "pool-2-thread-4" [_thread_in_Java, id=4076, stack(0x0000000017120000,0x0000000017220000)]
  0x000000001687c000 JavaThread "pool-2-thread-3" [_thread_in_Java, id=6640, stack(0x0000000017020000,0x0000000017120000)]
  0x000000001696d000 JavaThread "pool-2-thread-2" [_thread_in_vm, id=7888, stack(0x0000000016f20000,0x0000000017020000)]
  0x0000000016865000 JavaThread "pool-3-thread-1" [_thread_blocked, id=10408, stack(0x0000000016e20000,0x0000000016f20000)]
  0x0000000016864800 JavaThread "pool-2-thread-1" [_thread_in_Java, id=8156, stack(0x0000000016d20000,0x0000000016e20000)]
  0x0000000016727800 JavaThread "Service Thread" daemon [_thread_blocked, id=4732, stack(0x0000000016b20000,0x0000000016c20000)]
  0x0000000014e0b000 JavaThread "C1 CompilerThread2" daemon [_thread_blocked, id=7512, stack(0x0000000016620000,0x0000000016720000)]
=>0x0000000014e08800 JavaThread "C2 CompilerThread1" daemon [_thread_in_native, id=3048, stack(0x0000000016520000,0x0000000016620000)]
  0x0000000014daf000 JavaThread "C2 CompilerThread0" daemon [_thread_in_native, id=4492, stack(0x0000000016420000,0x0000000016520000)]
  0x0000000014dad000 JavaThread "Attach Listener" daemon [_thread_blocked, id=5076, stack(0x0000000016320000,0x0000000016420000)]
  0x0000000014dac000 JavaThread "Signal Dispatcher" daemon [_thread_blocked, id=876, stack(0x0000000016220000,0x0000000016320000)]
  0x0000000014d9a800 JavaThread "Finalizer" daemon [_thread_blocked, id=9776, stack(0x0000000016010000,0x0000000016110000)]
  0x00000000026d0000 JavaThread "Reference Handler" daemon [_thread_blocked, id=10316, stack(0x0000000015f10000,0x0000000016010000)]
  0x00000000024bd800 JavaThread "main" [_thread_in_vm, id=5736, stack(0x00000000024c0000,0x00000000025c0000)]

Other Threads:
  0x0000000014d77800 VMThread [stack: 0x0000000015e10000,0x0000000015f10000] [id=2448]
  0x0000000016733800 WatcherThread [stack: 0x0000000016c20000,0x0000000016d20000] [id=6768]

VM state:not at safepoint (normal execution)

VM Mutex/Monitor currently owned by a thread: None

Heap:
 PSYoungGen      total 38400K, used 33280K [0x00000000eab00000, 0x00000000ed580000, 0x0000000100000000)
  eden space 33280K, 100% used [0x00000000eab00000,0x00000000ecb80000,0x00000000ecb80000)
  from space 5120K, 0% used [0x00000000ed080000,0x00000000ed080000,0x00000000ed580000)
  to   space 5120K, 0% used [0x00000000ecb80000,0x00000000ecb80000,0x00000000ed080000)
 ParOldGen       total 87552K, used 0K [0x00000000c0000000, 0x00000000c5580000, 0x00000000eab00000)
  object space 87552K, 0% used [0x00000000c0000000,0x00000000c0000000,0x00000000c5580000)
 Metaspace       used 5967K, capacity 7024K, committed 7296K, reserved 1056768K
  class space    used 590K, capacity 616K, committed 640K, reserved 1048576K

Card table byte_map: [0x0000000011aa0000,0x0000000011cb0000] byte_map_base: 0x00000000114a0000

Marking Bits: (ParMarkBitMap*) 0x000000006a2f64f0
 Begin Bits: [0x0000000012210000, 0x0000000013210000)
 End Bits:   [0x0000000013210000, 0x0000000014210000)

Polling page: 0x0000000000e70000

CodeCache: size=245760Kb used=5294Kb max_used=5294Kb free=240465Kb
 bounds [0x00000000026e0000, 0x0000000002c10000, 0x00000000116e0000]
 total_blobs=1520 nmethods=1257 adapters=176
 compilation: enabled

Compilation events (10 events):
Event: 9.309 Thread 0x0000000014e0b000 1284       3       java.util.RegularEnumSet::remove (74 bytes)
Event: 9.309 Thread 0x0000000014e0b000 nmethod 1284 0x0000000002c0da10 code [0x0000000002c0dba0, 0x0000000002c0e148]
Event: 9.309 Thread 0x0000000014e0b000 1285       3       java.util.Arrays$LegacyMergeSort::access$000 (4 bytes)
Event: 9.310 Thread 0x0000000014e0b000 nmethod 1285 0x0000000002c0e290 code [0x0000000002c0e3e0, 0x0000000002c0e510]
Event: 9.310 Thread 0x0000000014e0b000 1286       3       java.util.HashMap$EntrySet::iterator (12 bytes)
Event: 9.311 Thread 0x0000000014e0b000 nmethod 1286 0x0000000002c0e590 code [0x0000000002c0e700, 0x0000000002c0e968]
Event: 9.311 Thread 0x0000000014e0b000 1287       3       java.util.ArrayList::sort (48 bytes)
Event: 9.311 Thread 0x0000000014e0b000 nmethod 1287 0x0000000002c0ea50 code [0x0000000002c0ebc0, 0x0000000002c0ee18]
Event: 9.311 Thread 0x0000000014e0b000 1288       3       java.util.TimSort::sort (229 bytes)
Event: 9.312 Thread 0x0000000014e0b000 nmethod 1288 0x0000000002c0ef10 code [0x0000000002c0f100, 0x0000000002c0f7f8]

GC Heap History (0 events):
No events

Deoptimization events (7 events):
Event: 8.052 Thread 0x000000001687f000 Uncommon trap: reason=unstable_if action=reinterpret pc=0x0000000002915cb8 method=java.util.HashMap.getNode(ILjava/lang/Object;)Ljava/util/HashMap$Node; @ 62
Event: 8.225 Thread 0x0000000016864800 Uncommon trap: reason=unstable_if action=reinterpret pc=0x00000000029e18dc method=java.util.HashMap.getNode(ILjava/lang/Object;)Ljava/util/HashMap$Node; @ 129
Event: 8.561 Thread 0x0000000016864800 Uncommon trap: reason=class_check action=maybe_recompile pc=0x0000000002a3c900 method=com.android.dx.ssa.NormalSsaInsn.accept(Lcom/android/dx/ssa/SsaInsn$Visitor;)V @ 9
Event: 8.561 Thread 0x0000000016864800 Uncommon trap: reason=class_check action=maybe_recompile pc=0x0000000002a3c900 method=com.android.dx.ssa.NormalSsaInsn.accept(Lcom/android/dx/ssa/SsaInsn$Visitor;)V @ 9
Event: 8.561 Thread 0x0000000016864800 Uncommon trap: reason=class_check action=maybe_recompile pc=0x0000000002a3c900 method=com.android.dx.ssa.NormalSsaInsn.accept(Lcom/android/dx/ssa/SsaInsn$Visitor;)V @ 9
Event: 8.561 Thread 0x0000000016864800 Uncommon trap: reason=class_check action=maybe_recompile pc=0x0000000002a3c900 method=com.android.dx.ssa.NormalSsaInsn.accept(Lcom/android/dx/ssa/SsaInsn$Visitor;)V @ 9
Event: 9.170 Thread 0x00000000024bd800 Uncommon trap: reason=null_check action=make_not_entrant pc=0x0000000002afcde4 method=com.android.dx.ssa.SsaRenamer.getLocalForNewReg(I)Lcom/android/dx/rop/code/LocalItem; @ 19

Internal exceptions (3 events):
Event: 0.190 Thread 0x00000000024bd800 Exception <a 'java/lang/NoSuchMethodError': Method sun.misc.Unsafe.defineClass(Ljava/lang/String;[BII)Ljava/lang/Class; name or signature does not match> (0x00000000eab07cc0) thrown at [D:\re\workspace\8-2-build-windows-amd64-cygwin\jdk8u92\6642\hotspot\srJÞ³OÈ?
Event: 0.190 Thread 0x00000000024bd800 Exception <a 'java/lang/NoSuchMethodError': Method sun.misc.Unsafe.prefetchRead(Ljava/lang/Object;J)V name or signature does not match> (0x00000000eab07fa8) thrown at [D:\re\workspace\8-2-build-windows-amd64-cygwin\jdk8u92\6642\hotspot\src\share\vm\prims\ju!#xW"@
Event: 9.170 Thread 0x00000000024bd800 Implicit null exception at 0x0000000002afac13 to 0x0000000002afcda1

Events (10 events):
Event: 8.561 Thread 0x0000000016864800 DEOPT UNPACKING pc=0x000000000272582a sp=0x0000000016e1e580 mode 2
Event: 8.561 Thread 0x0000000016864800 Uncommon trap: trap_request=0xffffffde fr.pc=0x0000000002a3c900
Event: 8.561 Thread 0x0000000016864800 DEOPT PACKING pc=0x0000000002a3c900 sp=0x0000000016e1e500
Event: 8.561 Thread 0x0000000016864800 DEOPT UNPACKING pc=0x000000000272582a sp=0x0000000016e1e520 mode 2
Event: 8.561 Thread 0x0000000016864800 Uncommon trap: trap_request=0xffffffde fr.pc=0x0000000002a3c900
Event: 8.561 Thread 0x0000000016864800 DEOPT PACKING pc=0x0000000002a3c900 sp=0x0000000016e1e820
Event: 8.561 Thread 0x0000000016864800 DEOPT UNPACKING pc=0x000000000272582a sp=0x0000000016e1e840 mode 2
Event: 9.170 Thread 0x00000000024bd800 Uncommon trap: trap_request=0xfffffff4 fr.pc=0x0000000002afcde4
Event: 9.170 Thread 0x00000000024bd800 DEOPT PACKING pc=0x0000000002afcde4 sp=0x00000000025be050
Event: 9.170 Thread 0x00000000024bd800 DEOPT UNPACKING pc=0x000000000272582a sp=0x00000000025bdea8 mode 2


Dynamic libraries:
0x00007ff684d40000 - 0x00007ff684d77000 	C:\Program Files\Java\jdk1.8.0_92\bin\java.exe
0x00007ffcdb7e0000 - 0x00007ffcdb98d000 	C:\Windows\SYSTEM32\ntdll.dll
0x00007ffcdb4d0000 - 0x00007ffcdb60e000 	C:\Windows\system32\KERNEL32.DLL
0x00007ffcd8b60000 - 0x00007ffcd8c75000 	C:\Windows\system32\KERNELBASE.dll
0x00007ffcd74c0000 - 0x00007ffcd754e000 	C:\Windows\system32\apphelp.dll
0x00007ffca76d0000 - 0x00007ffca7723000 	C:\Windows\AppPatch\AppPatch64\AcGenral.DLL
0x00007ffcdb730000 - 0x00007ffcdb7da000 	C:\Windows\system32\msvcrt.dll
0x00007ffcd8b30000 - 0x00007ffcd8b5e000 	C:\Windows\system32\SspiCli.dll
0x00007ffcdb6d0000 - 0x00007ffcdb724000 	C:\Windows\system32\SHLWAPI.dll
0x00007ffcd9570000 - 0x00007ffcd96e7000 	C:\Windows\system32\USER32.dll
0x00007ffcd9750000 - 0x00007ffcd98e4000 	C:\Windows\system32\ole32.dll
0x00007ffcd9a10000 - 0x00007ffcdaf38000 	C:\Windows\system32\SHELL32.dll
0x00007ffcd7ec0000 - 0x00007ffcd7ee1000 	C:\Windows\SYSTEM32\USERENV.dll
0x00007ffcd98f0000 - 0x00007ffcd999a000 	C:\Windows\system32\ADVAPI32.dll
0x00007ffcd5b90000 - 0x00007ffcd5bae000 	C:\Windows\SYSTEM32\MPR.dll
0x00007ffcdb390000 - 0x00007ffcdb4d0000 	C:\Windows\system32\RPCRT4.dll
0x00007ffcd96f0000 - 0x00007ffcd9749000 	C:\Windows\SYSTEM32\sechost.dll
0x00007ffcdb150000 - 0x00007ffcdb362000 	C:\Windows\SYSTEM32\combase.dll
0x00007ffcdb000000 - 0x00007ffcdb14f000 	C:\Windows\system32\GDI32.dll
0x00007ffcd8900000 - 0x00007ffcd8915000 	C:\Windows\SYSTEM32\profapi.dll
0x00007ffcd6cd0000 - 0x00007ffcd6d82000 	C:\Windows\SYSTEM32\SHCORE.dll
0x00007ffcd9180000 - 0x00007ffcd91b6000 	C:\Windows\system32\IMM32.DLL
0x00007ffcd8e60000 - 0x00007ffcd8fb2000 	C:\Windows\system32\MSCTF.dll
0x00007ffcd6610000 - 0x00007ffcd688b000 	C:\Windows\WinSxS\amd64_microsoft.windows.common-controls_6595b64144ccf1df_6.0.9600.18006_none_623f33d3ecbe86e8\COMCTL32.dll
0x000000006a380000 - 0x000000006a452000 	C:\Program Files\Java\jdk1.8.0_92\jre\bin\msvcr100.dll
0x0000000069ae0000 - 0x000000006a376000 	C:\Program Files\Java\jdk1.8.0_92\jre\bin\server\jvm.dll
0x00007ffcce8c0000 - 0x00007ffcce8c9000 	C:\Windows\SYSTEM32\WSOCK32.dll
0x00007ffcd05b0000 - 0x00007ffcd05d2000 	C:\Windows\SYSTEM32\WINMM.dll
0x00007ffccf0f0000 - 0x00007ffccf0fa000 	C:\Windows\SYSTEM32\VERSION.dll
0x00007ffcd92a0000 - 0x00007ffcd92a7000 	C:\Windows\system32\PSAPI.DLL
0x00007ffcd9230000 - 0x00007ffcd928a000 	C:\Windows\system32\WS2_32.dll
0x00007ffcd0580000 - 0x00007ffcd05aa000 	C:\Windows\SYSTEM32\WINMMBASE.dll
0x00007ffcd9560000 - 0x00007ffcd9569000 	C:\Windows\system32\NSI.dll
0x00007ffcd8a80000 - 0x00007ffcd8acf000 	C:\Windows\SYSTEM32\cfgmgr32.dll
0x00007ffcd7720000 - 0x00007ffcd7748000 	C:\Windows\SYSTEM32\DEVOBJ.dll
0x0000000069ad0000 - 0x0000000069adf000 	C:\Program Files\Java\jdk1.8.0_92\jre\bin\verify.dll
0x0000000069aa0000 - 0x0000000069ac9000 	C:\Program Files\Java\jdk1.8.0_92\jre\bin\java.dll
0x0000000069a80000 - 0x0000000069a96000 	C:\Program Files\Java\jdk1.8.0_92\jre\bin\zip.dll

VM Arguments:
jvm_args: -Djava.awt.headless=true -Xmx1024M -Dfile.encoding=windows-1252 -Duser.country=DE -Duser.language=de -Duser.variant 
java_command: com.android.dx.command.Main --dex --force-jumbo --num-threads=4 --multi-dex --output D:\Projects\Me4d\app_repo\Data4All-1.3\app\build\intermediates\transforms\dex\debug\folders\1000\10\com.android.support-support-fragment-26.0.0-alpha1_189b34ec7fec9e9cfc9abfe01eac927eebfad5f1 D:\Projects\Me4d\app_repo\Data4All-1.3\app\build\intermediates\exploded-aar\com.android.support\support-fragment\26.0.0-alpha1\jars\classes.jar
java_class_path (initial): E:\android\sdk\build-tools\23.0.3\lib\dx.jar
Launcher Type: SUN_STANDARD

Environment Variables:
JAVA_HOME=C:\Program Files\Java\jdk1.8.0_92\
PATH=C:\Program Files (x86)\NVIDIA Corporation\PhysX\Common;C:\ProgramData\Oracle\Java\javapath;C:\Windows\system32;C:\Windows;C:\Windows\System32\Wbem;C:\Windows\System32\WindowsPowerShell\v1.0\;C:\Program Files (x86)\ATI Technologies\ATI.ACE\Core-Static;C:\Program Files\Intel\WiFi\bin\;C:\Program Files\Common Files\Intel\WirelessCommon\;C:\Program Files (x86)\nodejs\;C:\Program Files (x86)\GtkSharp\2.12\bin;C:\Program Files\Java\jdk1.8.0_92\bin;C:\Program Files (x86)\Java\jre7\bin;C:\Users\len\AppData\Local\Programs\Git\cmd;C:\Users\len\AppData\Roaming\npm;C:\adb;C:\Program Files\Git\cmd;E:\android\sdk\tools;E:\android\sdk\platform-tools\;C:\Program Files\Microsoft SQL Server\120\Tools\Binn\;C:\Program Files\Microsoft SQL Server\130\Tools\Binn\;%OPENCV_DIR%\bin;C:\Program Files\MiKTeX 2.9\miktex\bin\x64\;C:\Program Files (x86)\Skype\Phone\;C:\Program Files\TortoiseGit\bin;C:\Program Files\Java\jdk1.8.0_92\apache-maven-3.5.0\bin;C:\Program Files\Intel\WiFi\bin\;C:\Program Files\Common Files\Intel\WirelessCommon\;C:\Program Files (x86)\Java\jre7\bin;C:\Users\len\AppData\Local\Programs\Git\cmd;C:\Users\len\AppData\Roaming\npm;C:\Program Files\Java\jdk1.8.0_92\apache-maven-3.5.0\bin
USERNAME=len
OS=Windows_NT
PROCESSOR_IDENTIFIER=Intel64 Family 6 Model 61 Stepping 4, GenuineIntel



---------------  S Y S T E M  ---------------

OS: Windows 8.1 , 64 bit Build 9600 (6.3.9600.17415)

CPU:total 4 (2 cores per cpu, 2 threads per core) family 6 model 61 stepping 4, cmov, cx8, fxsr, mmx, sse, sse2, sse3, ssse3, sse4.1, sse4.2, popcnt, avx, avx2, aes, clmul, erms, 3dnowpref, lzcnt, ht, tsc, tscinvbit, bmi1, bmi2, adx

Memory: 4k page, physical 8306224k(1019964k free), swap 11451952k(5120k free)

vm_info: Java HotSpot(TM) 64-Bit Server VM (25.92-b14) for windows-amd64 JRE (1.8.0_92-b14), built on Mar 31 2016 21:03:04 by "java_re" with MS VC++ 10.0 (VS2010)

time: Wed May 17 13:06:31 2017
elapsed time: 9 seconds (0d 0h 0m 9s)

