#
# There is insufficient memory for the Java Runtime Environment to continue.
# Native memory allocation (malloc) failed to allocate 681216 bytes for Chunk::new
# Possible reasons:
#   The system is out of physical RAM or swap space
#   In 32 bit mode, the process size limit was hit
# Possible solutions:
#   Reduce memory load on the system
#   Increase physical memory or swap space
#   Check if swap backing store is full
#   Use 64 bit Java on a 64 bit OS
#   Decrease Java heap size (-Xmx/-Xms)
#   Decrease number of Java threads
#   Decrease Java thread stack sizes (-Xss)
#   Set larger code cache with -XX:ReservedCodeCacheSize=
# This output file may be truncated or incomplete.
#
#  Out of Memory Error (allocation.cpp:390), pid=8004, tid=0x00000000000016d4
#
# JRE version: Java(TM) SE Runtime Environment (8.0_92-b14) (build 1.8.0_92-b14)
# Java VM: Java HotSpot(TM) 64-Bit Server VM (25.92-b14 mixed mode windows-amd64 compressed oops)
# Failed to write core dump. Minidumps are not enabled by default on client versions of Windows
#

---------------  T H R E A D  ---------------

Current thread (0x00000000150e9000):  JavaThread "C2 CompilerThread0" daemon [_thread_in_native, id=5844, stack(0x0000000016740000,0x0000000016840000)]

Stack: [0x0000000016740000,0x0000000016840000]
[error occurred during error reporting (printing stack bounds), id 0xc0000005]

Native frames: (J=compiled Java code, j=interpreted, Vv=VM code, C=native code)


Current CompileTask:
C2:   5206 1578       4       com.android.dx.rop.code.Rops::ropFor (771 bytes)


---------------  P R O C E S S  ---------------

Java Threads: ( => current thread )
  0x0000000016cfe800 JavaThread "pool-2-thread-4" [_thread_blocked, id=4332, stack(0x0000000017440000,0x0000000017540000)]
  0x0000000016cfe000 JavaThread "pool-2-thread-3" [_thread_blocked, id=4256, stack(0x0000000017340000,0x0000000017440000)]
  0x0000000016cfd000 JavaThread "pool-2-thread-2" [_thread_blocked, id=5560, stack(0x0000000017240000,0x0000000017340000)]
  0x0000000016cfa000 JavaThread "pool-3-thread-1" [_thread_blocked, id=8852, stack(0x0000000017140000,0x0000000017240000)]
  0x0000000016d70000 JavaThread "pool-2-thread-1" [_thread_blocked, id=5204, stack(0x0000000017040000,0x0000000017140000)]
  0x0000000016a45800 JavaThread "Service Thread" daemon [_thread_blocked, id=8144, stack(0x0000000016e40000,0x0000000016f40000)]
  0x00000000150e4800 JavaThread "C1 CompilerThread2" daemon [_thread_blocked, id=3688, stack(0x0000000016940000,0x0000000016a40000)]
  0x00000000150e3800 JavaThread "C2 CompilerThread1" daemon [_thread_in_native, id=9500, stack(0x0000000016840000,0x0000000016940000)]
=>0x00000000150e9000 JavaThread "C2 CompilerThread0" daemon [_thread_in_native, id=5844, stack(0x0000000016740000,0x0000000016840000)]
  0x00000000150e7000 JavaThread "Attach Listener" daemon [_thread_blocked, id=5824, stack(0x0000000016640000,0x0000000016740000)]
  0x00000000150e5800 JavaThread "Signal Dispatcher" daemon [_thread_blocked, id=4076, stack(0x0000000016540000,0x0000000016640000)]
  0x000000000297a800 JavaThread "Finalizer" daemon [_thread_blocked, id=10932, stack(0x0000000016330000,0x0000000016430000)]
  0x00000000150a9000 JavaThread "Reference Handler" daemon [_thread_blocked, id=3808, stack(0x0000000016230000,0x0000000016330000)]
  0x0000000002a0d800 JavaThread "main" [_thread_blocked, id=7620, stack(0x0000000002720000,0x0000000002820000)]

Other Threads:
  0x00000000150a7800 VMThread [stack: 0x0000000016130000,0x0000000016230000] [id=2072]
  0x0000000016a49800 WatcherThread [stack: 0x0000000016f40000,0x0000000017040000] [id=6640]

VM state:not at safepoint (normal execution)

VM Mutex/Monitor currently owned by a thread:  ([mutex/lock_event])
[0x0000000002a0c690] Heap_lock - owner thread: 0x0000000016cfd000

Heap:
 PSYoungGen      total 71680K, used 5095K [0x00000000eab00000, 0x00000000ef600000, 0x0000000100000000)
  eden space 66560K, 0% used [0x00000000eab00000,0x00000000eab00020,0x00000000eec00000)
  from space 5120K, 99% used [0x00000000ef100000,0x00000000ef5f9c78,0x00000000ef600000)
  to   space 5120K, 0% used [0x00000000eec00000,0x00000000eec00000,0x00000000ef100000)
 ParOldGen       total 87552K, used 5544K [0x00000000c0000000, 0x00000000c5580000, 0x00000000eab00000)
  object space 87552K, 6% used [0x00000000c0000000,0x00000000c056a160,0x00000000c5580000)
 Metaspace       used 6229K, capacity 7090K, committed 7296K, reserved 1056768K
  class space    used 602K, capacity 618K, committed 640K, reserved 1048576K

Card table byte_map: [0x0000000011dd0000,0x0000000011fe0000] byte_map_base: 0x00000000117d0000

Marking Bits: (ParMarkBitMap*) 0x000000006a2f64f0
 Begin Bits: [0x0000000012540000, 0x0000000013540000)
 End Bits:   [0x0000000013540000, 0x0000000014540000)

Polling page: 0x0000000002820000

CodeCache: size=245760Kb used=6833Kb max_used=6833Kb free=238926Kb
 bounds [0x0000000002a10000, 0x00000000030d0000, 0x0000000011a10000]
 total_blobs=1861 nmethods=1592 adapters=182
 compilation: enabled

Compilation events (10 events):
Event: 4.991 Thread 0x00000000150e4800 1606       1       com.android.dx.cf.code.ByteOps::opInfo (6 bytes)
Event: 4.991 Thread 0x00000000150e4800 nmethod 1606 0x00000000030a2710 code [0x00000000030a2860, 0x00000000030a2970]
Event: 4.992 Thread 0x00000000150e4800 1607   !   2       com.android.dx.cf.code.BytecodeArray::parseInstruction (2764 bytes)
Event: 5.002 Thread 0x00000000150e4800 nmethod 1607 0x00000000030ad8d0 code [0x00000000030ae820, 0x00000000030b4f68]
Event: 5.005 Thread 0x00000000150e4800 1608       3       com.android.dx.ssa.back.FirstFitLocalCombiningAllocator::isEven (12 bytes)
Event: 5.005 Thread 0x00000000150e4800 nmethod 1608 0x00000000030a2390 code [0x00000000030a24e0, 0x00000000030a2670]
Event: 5.005 Thread 0x00000000150e4800 1609       3       com.android.dx.rop.cst.CstArray$List::<init> (6 bytes)
Event: 5.005 Thread 0x00000000150e4800 nmethod 1609 0x00000000030a2010 code [0x00000000030a2180, 0x00000000030a2308]
Event: 5.005 Thread 0x00000000150e4800 1610       3       com.android.dx.rop.cst.CstArray::<init> (28 bytes)
Event: 5.006 Thread 0x00000000150e4800 nmethod 1610 0x00000000030c10d0 code [0x00000000030c1280, 0x00000000030c1798]

GC Heap History (4 events):
Event: 3.257 GC heap before
{Heap before GC invocations=1 (full 0):
 PSYoungGen      total 38400K, used 33280K [0x00000000eab00000, 0x00000000ed580000, 0x0000000100000000)
  eden space 33280K, 100% used [0x00000000eab00000,0x00000000ecb80000,0x00000000ecb80000)
  from space 5120K, 0% used [0x00000000ed080000,0x00000000ed080000,0x00000000ed580000)
  to   space 5120K, 0% used [0x00000000ecb80000,0x00000000ecb80000,0x00000000ed080000)
 ParOldGen       total 87552K, used 0K [0x00000000c0000000, 0x00000000c5580000, 0x00000000eab00000)
  object space 87552K, 0% used [0x00000000c0000000,0x00000000c0000000,0x00000000c5580000)
 Metaspace       used 6087K, capacity 6962K, committed 7040K, reserved 1056768K
  class space    used 601K, capacity 618K, committed 640K, reserved 1048576K
Event: 3.437 GC heap after
Heap after GC invocations=1 (full 0):
 PSYoungGen      total 38400K, used 5109K [0x00000000eab00000, 0x00000000ef600000, 0x0000000100000000)
  eden space 33280K, 0% used [0x00000000eab00000,0x00000000eab00000,0x00000000ecb80000)
  from space 5120K, 99% used [0x00000000ecb80000,0x00000000ed07d570,0x00000000ed080000)
  to   space 5120K, 0% used [0x00000000ef100000,0x00000000ef100000,0x00000000ef600000)
 ParOldGen       total 87552K, used 1212K [0x00000000c0000000, 0x00000000c5580000, 0x00000000eab00000)
  object space 87552K, 1% used [0x00000000c0000000,0x00000000c012f0f8,0x00000000c5580000)
 Metaspace       used 6087K, capacity 6962K, committed 7040K, reserved 1056768K
  class space    used 601K, capacity 618K, committed 640K, reserved 1048576K
}
Event: 5.014 GC heap before
{Heap before GC invocations=2 (full 0):
 PSYoungGen      total 38400K, used 38389K [0x00000000eab00000, 0x00000000ef600000, 0x0000000100000000)
  eden space 33280K, 100% used [0x00000000eab00000,0x00000000ecb80000,0x00000000ecb80000)
  from space 5120K, 99% used [0x00000000ecb80000,0x00000000ed07d570,0x00000000ed080000)
  to   space 5120K, 0% used [0x00000000ef100000,0x00000000ef100000,0x00000000ef600000)
 ParOldGen       total 87552K, used 1212K [0x00000000c0000000, 0x00000000c5580000, 0x00000000eab00000)
  object space 87552K, 1% used [0x00000000c0000000,0x00000000c012f0f8,0x00000000c5580000)
 Metaspace       used 6229K, capacity 7090K, committed 7296K, reserved 1056768K
  class space    used 602K, capacity 618K, committed 640K, reserved 1048576K
Event: 5.182 GC heap after
Heap after GC invocations=2 (full 0):
 PSYoungGen      total 71680K, used 5095K [0x00000000eab00000, 0x00000000ef600000, 0x0000000100000000)
  eden space 66560K, 0% used [0x00000000eab00000,0x00000000eab00000,0x00000000eec00000)
  from space 5120K, 99% used [0x00000000ef100000,0x00000000ef5f9c78,0x00000000ef600000)
  to   space 5120K, 0% used [0x00000000eec00000,0x00000000eec00000,0x00000000ef100000)
 ParOldGen       total 87552K, used 5544K [0x00000000c0000000, 0x00000000c5580000, 0x00000000eab00000)
  object space 87552K, 6% used [0x00000000c0000000,0x00000000c056a160,0x00000000c5580000)
 Metaspace       used 6229K, capacity 7090K, committed 7296K, reserved 1056768K
  class space    used 602K, capacity 618K, committed 640K, reserved 1048576K
}

Deoptimization events (10 events):
Event: 3.723 Thread 0x0000000002a0d800 Uncommon trap: reason=class_check action=maybe_recompile pc=0x0000000002ff882c method=com.android.dx.rop.code.RegisterSpec.withSimpleType()Lcom/android/dx/rop/code/RegisterSpec; @ 21
Event: 3.723 Thread 0x0000000002a0d800 Uncommon trap: reason=unstable_if action=reinterpret pc=0x0000000002ff77e4 method=com.android.dx.rop.code.RegisterSpec.intersect(Lcom/android/dx/rop/code/RegisterSpec;Z)Lcom/android/dx/rop/code/RegisterSpec; @ 8
Event: 4.045 Thread 0x0000000016cfe000 Uncommon trap: reason=unstable_if action=reinterpret pc=0x0000000003034884 method=com.android.dx.dex.code.RopToDop.dopFor(Lcom/android/dx/rop/code/Insn;)Lcom/android/dx/dex/code/Dop; @ 747
Event: 4.936 Thread 0x0000000016cfd000 Uncommon trap: reason=bimorphic action=maybe_recompile pc=0x0000000002f3ea1c method=com.android.dx.cf.code.BytecodeArray.parseInstruction(ILcom/android/dx/cf/code/BytecodeArray$Visitor;)I @ 1501
Event: 4.936 Thread 0x0000000016cfd000 Uncommon trap: reason=bimorphic action=maybe_recompile pc=0x0000000002f3ea1c method=com.android.dx.cf.code.BytecodeArray.parseInstruction(ILcom/android/dx/cf/code/BytecodeArray$Visitor;)I @ 1501
Event: 4.984 Thread 0x0000000016cfe800 Uncommon trap: reason=bimorphic action=maybe_recompile pc=0x0000000002f41264 method=com.android.dx.cf.code.BytecodeArray.parseInstruction(ILcom/android/dx/cf/code/BytecodeArray$Visitor;)I @ 939
Event: 4.984 Thread 0x0000000016cfe800 Uncommon trap: reason=bimorphic action=maybe_recompile pc=0x0000000002f41404 method=com.android.dx.cf.code.BytecodeArray.parseInstruction(ILcom/android/dx/cf/code/BytecodeArray$Visitor;)I @ 907
Event: 4.984 Thread 0x0000000016cfe800 Uncommon trap: reason=bimorphic action=maybe_recompile pc=0x0000000002f3f7f8 method=com.android.dx.cf.code.BytecodeArray.parseInstruction(ILcom/android/dx/cf/code/BytecodeArray$Visitor;)I @ 1130
Event: 4.984 Thread 0x0000000016cfe800 Uncommon trap: reason=bimorphic action=maybe_recompile pc=0x0000000002f412e4 method=com.android.dx.cf.code.BytecodeArray.parseInstruction(ILcom/android/dx/cf/code/BytecodeArray$Visitor;)I @ 923
Event: 4.984 Thread 0x0000000016cfe800 Uncommon trap: reason=bimorphic action=maybe_recompile pc=0x0000000002f3f7f8 method=com.android.dx.cf.code.BytecodeArray.parseInstruction(ILcom/android/dx/cf/code/BytecodeArray$Visitor;)I @ 1130

Internal exceptions (3 events):
Event: 0.131 Thread 0x0000000002a0d800 Exception <a 'java/lang/NoSuchMethodError': Method sun.misc.Unsafe.defineClass(Ljava/lang/String;[BII)Ljava/lang/Class; name or signature does not match> (0x00000000eab07cc0) thrown at [D:\re\workspace\8-2-build-windows-amd64-cygwin\jdk8u92\6642\hotspot\sr^€åL≥À¿?
Event: 0.131 Thread 0x0000000002a0d800 Exception <a 'java/lang/NoSuchMethodError': Method sun.misc.Unsafe.prefetchRead(Ljava/lang/Object;J)V name or signature does not match> (0x00000000eab07fa8) thrown at [D:\re\workspace\8-2-build-windows-amd64-cygwin\jdk8u92\6642\hotspot\src\share\vm\prims\j«+≠eu¿@
Event: 2.594 Thread 0x0000000016cfe000 Implicit null exception at 0x0000000002dc0a22 to 0x0000000002dc0b1a

Events (10 events):
Event: 4.984 Thread 0x0000000016cfe800 DEOPT PACKING pc=0x0000000002f3f7f8 sp=0x000000001753e500
Event: 4.984 Thread 0x0000000016cfe800 DEOPT UNPACKING pc=0x0000000002a5582a sp=0x000000001753e488 mode 2
Event: 4.984 Thread 0x0000000016cfe800 Uncommon trap: trap_request=0xffffffc6 fr.pc=0x0000000002f412e4
Event: 4.984 Thread 0x0000000016cfe800 DEOPT PACKING pc=0x0000000002f412e4 sp=0x000000001753e500
Event: 4.984 Thread 0x0000000016cfe800 DEOPT UNPACKING pc=0x0000000002a5582a sp=0x000000001753e488 mode 2
Event: 4.984 Thread 0x0000000016cfe800 Uncommon trap: trap_request=0xffffffc6 fr.pc=0x0000000002f3f7f8
Event: 4.984 Thread 0x0000000016cfe800 DEOPT PACKING pc=0x0000000002f3f7f8 sp=0x000000001753e500
Event: 4.984 Thread 0x0000000016cfe800 DEOPT UNPACKING pc=0x0000000002a5582a sp=0x000000001753e488 mode 2
Event: 5.014 Executing VM operation: ParallelGCFailedAllocation
Event: 5.182 Executing VM operation: ParallelGCFailedAllocation done


Dynamic libraries:
0x00007ff684d40000 - 0x00007ff684d77000 	C:\Program Files\Java\jdk1.8.0_92\bin\java.exe
0x00007ffcdb7e0000 - 0x00007ffcdb98d000 	C:\Windows\SYSTEM32\ntdll.dll
0x00007ffcdb4d0000 - 0x00007ffcdb60e000 	C:\Windows\system32\KERNEL32.DLL
0x00007ffcd8b60000 - 0x00007ffcd8c75000 	C:\Windows\system32\KERNELBASE.dll
0x00007ffcd74c0000 - 0x00007ffcd754e000 	C:\Windows\system32\apphelp.dll
0x00007ffca76d0000 - 0x00007ffca7723000 	C:\Windows\AppPatch\AppPatch64\AcGenral.DLL
0x00007ffcdb730000 - 0x00007ffcdb7da000 	C:\Windows\system32\msvcrt.dll
0x00007ffcd8b30000 - 0x00007ffcd8b5e000 	C:\Windows\system32\SspiCli.dll
0x00007ffcdb6d0000 - 0x00007ffcdb724000 	C:\Windows\system32\SHLWAPI.dll
0x00007ffcd9570000 - 0x00007ffcd96e7000 	C:\Windows\system32\USER32.dll
0x00007ffcd9750000 - 0x00007ffcd98e4000 	C:\Windows\system32\ole32.dll
0x00007ffcd9a10000 - 0x00007ffcdaf38000 	C:\Windows\system32\SHELL32.dll
0x00007ffcd7ec0000 - 0x00007ffcd7ee1000 	C:\Windows\SYSTEM32\USERENV.dll
0x00007ffcd98f0000 - 0x00007ffcd999a000 	C:\Windows\system32\ADVAPI32.dll
0x00007ffcd5b90000 - 0x00007ffcd5bae000 	C:\Windows\SYSTEM32\MPR.dll
0x00007ffcdb390000 - 0x00007ffcdb4d0000 	C:\Windows\system32\RPCRT4.dll
0x00007ffcd96f0000 - 0x00007ffcd9749000 	C:\Windows\SYSTEM32\sechost.dll
0x00007ffcdb150000 - 0x00007ffcdb362000 	C:\Windows\SYSTEM32\combase.dll
0x00007ffcdb000000 - 0x00007ffcdb14f000 	C:\Windows\system32\GDI32.dll
0x00007ffcd8900000 - 0x00007ffcd8915000 	C:\Windows\SYSTEM32\profapi.dll
0x00007ffcd6cd0000 - 0x00007ffcd6d82000 	C:\Windows\SYSTEM32\SHCORE.dll
0x00007ffcd9180000 - 0x00007ffcd91b6000 	C:\Windows\system32\IMM32.DLL
0x00007ffcd8e60000 - 0x00007ffcd8fb2000 	C:\Windows\system32\MSCTF.dll
0x00007ffcd6610000 - 0x00007ffcd688b000 	C:\Windows\WinSxS\amd64_microsoft.windows.common-controls_6595b64144ccf1df_6.0.9600.18006_none_623f33d3ecbe86e8\COMCTL32.dll
0x000000006a380000 - 0x000000006a452000 	C:\Program Files\Java\jdk1.8.0_92\jre\bin\msvcr100.dll
0x0000000069ae0000 - 0x000000006a376000 	C:\Program Files\Java\jdk1.8.0_92\jre\bin\server\jvm.dll
0x00007ffcce8c0000 - 0x00007ffcce8c9000 	C:\Windows\SYSTEM32\WSOCK32.dll
0x00007ffcd05b0000 - 0x00007ffcd05d2000 	C:\Windows\SYSTEM32\WINMM.dll
0x00007ffccf0f0000 - 0x00007ffccf0fa000 	C:\Windows\SYSTEM32\VERSION.dll
0x00007ffcd92a0000 - 0x00007ffcd92a7000 	C:\Windows\system32\PSAPI.DLL
0x00007ffcd9230000 - 0x00007ffcd928a000 	C:\Windows\system32\WS2_32.dll
0x00007ffcd0580000 - 0x00007ffcd05aa000 	C:\Windows\SYSTEM32\WINMMBASE.dll
0x00007ffcd9560000 - 0x00007ffcd9569000 	C:\Windows\system32\NSI.dll
0x00007ffcd8a80000 - 0x00007ffcd8acf000 	C:\Windows\SYSTEM32\cfgmgr32.dll
0x00007ffcd7720000 - 0x00007ffcd7748000 	C:\Windows\SYSTEM32\DEVOBJ.dll
0x0000000069ad0000 - 0x0000000069adf000 	C:\Program Files\Java\jdk1.8.0_92\jre\bin\verify.dll
0x0000000069aa0000 - 0x0000000069ac9000 	C:\Program Files\Java\jdk1.8.0_92\jre\bin\java.dll
0x0000000069a80000 - 0x0000000069a96000 	C:\Program Files\Java\jdk1.8.0_92\jre\bin\zip.dll

VM Arguments:
jvm_args: -Djava.awt.headless=true -Xmx1024M -Dfile.encoding=windows-1252 -Duser.country=DE -Duser.language=de -Duser.variant 
java_command: com.android.dx.command.Main --dex --force-jumbo --num-threads=4 --multi-dex --output D:\Projects\Me4d\app_repo\Data4All-1.3\app\build\intermediates\transforms\dex\debug\folders\1000\2\httpcore-4.4.6_2170dfc55cf0b061c0613b54c5331e5ce3f9a9e9 D:\Projects\Me4d\app_repo\Data4All-1.3\app\libs\httpcore-4.4.6.jar
java_class_path (initial): E:\android\sdk\build-tools\23.0.3\lib\dx.jar
Launcher Type: SUN_STANDARD

Environment Variables:
JAVA_HOME=C:\Program Files\Java\jdk1.8.0_92\
PATH=C:\Program Files (x86)\NVIDIA Corporation\PhysX\Common;C:\ProgramData\Oracle\Java\javapath;C:\Windows\system32;C:\Windows;C:\Windows\System32\Wbem;C:\Windows\System32\WindowsPowerShell\v1.0\;C:\Program Files (x86)\ATI Technologies\ATI.ACE\Core-Static;C:\Program Files\Intel\WiFi\bin\;C:\Program Files\Common Files\Intel\WirelessCommon\;C:\Program Files (x86)\nodejs\;C:\Program Files (x86)\GtkSharp\2.12\bin;C:\Program Files\Java\jdk1.8.0_92\bin;C:\Program Files (x86)\Java\jre7\bin;C:\Users\len\AppData\Local\Programs\Git\cmd;C:\Users\len\AppData\Roaming\npm;C:\adb;C:\Program Files\Git\cmd;E:\android\sdk\tools;E:\android\sdk\platform-tools\;C:\Program Files\Microsoft SQL Server\120\Tools\Binn\;C:\Program Files\Microsoft SQL Server\130\Tools\Binn\;%OPENCV_DIR%\bin;C:\Program Files\MiKTeX 2.9\miktex\bin\x64\;C:\Program Files (x86)\Skype\Phone\;C:\Program Files\TortoiseGit\bin;C:\Program Files\Java\jdk1.8.0_92\apache-maven-3.5.0\bin;C:\Program Files\Intel\WiFi\bin\;C:\Program Files\Common Files\Intel\WirelessCommon\;C:\Program Files (x86)\Java\jre7\bin;C:\Users\len\AppData\Local\Programs\Git\cmd;C:\Users\len\AppData\Roaming\npm;C:\Program Files\Java\jdk1.8.0_92\apache-maven-3.5.0\bin
USERNAME=len
OS=Windows_NT
PROCESSOR_IDENTIFIER=Intel64 Family 6 Model 61 Stepping 4, GenuineIntel



---------------  S Y S T E M  ---------------

OS: Windows 8.1 , 64 bit Build 9600 (6.3.9600.17415)

CPU:total 4 (2 cores per cpu, 2 threads per core) family 6 model 61 stepping 4, cmov, cx8, fxsr, mmx, sse, sse2, sse3, ssse3, sse4.1, sse4.2, popcnt, avx, avx2, aes, clmul, erms, 3dnowpref, lzcnt, ht, tsc, tscinvbit, bmi1, bmi2, adx

Memory: 4k page, physical 8306224k(1108552k free), swap 11451952k(4680k free)

vm_info: Java HotSpot(TM) 64-Bit Server VM (25.92-b14) for windows-amd64 JRE (1.8.0_92-b14), built on Mar 31 2016 21:03:04 by "java_re" with MS VC++ 10.0 (VS2010)

time: Wed May 17 13:07:47 2017
elapsed time: 5 seconds (0d 0h 0m 5s)

