#
# A fatal error has been detected by the Java Runtime Environment:
#
#  EXCEPTION_STACK_OVERFLOW (0xc00000fd) at pc=0x0000000069cf2a37, pid=8436, tid=0x0000000000000f0c
#
# JRE version: Java(TM) SE Runtime Environment (8.0_92-b14) (build 1.8.0_92-b14)
# Java VM: Java HotSpot(TM) 64-Bit Server VM (25.92-b14 mixed mode windows-amd64 compressed oops)
# Problematic frame:
# V  [jvm.dll+0x212a37]
#
# Failed to write core dump. Minidumps are not enabled by default on client versions of Windows
#
# If you would like to submit a bug report, please visit:
#   http://bugreport.java.com/bugreport/crash.jsp
#

---------------  T H R E A D  ---------------

Current thread (0x0000000016911800):  JavaThread "pool-2-thread-4" [_thread_in_vm, id=3852, stack(0x0000000017170000,0x0000000017270000)]

siginfo: ExceptionCode=0xc00000fd, ExceptionInformation=0x0000000000000001 0x000000001726a2b0 

Registers:
RAX=0x000000001726a2b0, RBX=0x0000000000000006, RCX=0x0000000000005000, RDX=0x0000000000000006
RSP=0x000000001726f2b0, RBP=0x0000000000000000, RSI=0x000000001726f2b0, RDI=0x0000000000000006
R8 =0x0000000000000006, R9 =0x00000000167f3180, R10=0x000000001447d400, R11=0x000000001717a148
R12=0x00000000167f3180, R13=0x0000000016911800, R14=0x000000001726f378, R15=0x000000001447d400
RIP=0x0000000069cf2a37, EFLAGS=0x0000000000010202

Top of Stack: (sp=0x000000001726f2b0)
0x000000001726f2b0:   00000000166d5550 000000006a3d4e7e
0x000000001726f2c0:   0000000016911800 00000000167f3180
0x000000001726f2d0:   00000000ffffffff 0000000069cf3967
0x000000001726f2e0:   000000001726f3e0 000000001447d400
0x000000001726f2f0:   0000000016911800 0000000069b9fd93
0x000000001726f300:   000000001726f340 0000000016911800
0x000000001726f310:   000000001726f3d0 0000000016911800
0x000000001726f320:   000000001447d400 0000000016911800
0x000000001726f330:   0000000002733200 0000000016911800
0x000000001726f340:   000000001447d400 0000000016911800
0x000000001726f350:   000000001447d400 0000000016911800
0x000000001726f360:   0000000000000001 000000001447d400
0x000000001726f370:   0000000016911800 000000001668abf0
0x000000001726f380:   0000000016911800 0000000069ba127d
0x000000001726f390:   000000001726f698 00000001000069a0
0x000000001726f3a0:   00000001000069a0 0000000000000003 

Instructions: (pc=0x0000000069cf2a37)
0x0000000069cf2a17:   48 89 6c 24 30 33 ed 66 90 e8 cb 38 08 00 ff c3
0x0000000069cf2a27:   48 63 c8 48 8b c6 48 0f af cf 48 ff c7 48 2b c1
0x0000000069cf2a37:   89 28 48 63 c3 48 3b 05 7d dc 58 00 7e db 48 8b
0x0000000069cf2a47:   6c 24 30 48 8b 5c 24 38 48 8b 74 24 40 48 83 c4 


Register to memory mapping:

RAX=0x000000001726a2b0 is pointing into the stack for thread: 0x0000000016911800
RBX=0x0000000000000006 is an unknown value
RCX=0x0000000000005000 is an unknown value
RDX=0x0000000000000006 is an unknown value
RSP=0x000000001726f2b0 is pointing into the stack for thread: 0x0000000016911800
RBP=0x0000000000000000 is an unknown value
RSI=0x000000001726f2b0 is pointing into the stack for thread: 0x0000000016911800
RDI=0x0000000000000006 is an unknown value
R8 =0x0000000000000006 is an unknown value
R9 =0x00000000167f3180 is an unknown value
R10={method} {0x000000001447d408} 'run' '()V' in 'java/lang/Thread'
R11=0x000000001717a148 is pointing into the stack for thread: 0x0000000016911800
R12=0x00000000167f3180 is an unknown value
R13=0x0000000016911800 is a thread
R14=0x000000001726f378 is pointing into the stack for thread: 0x0000000016911800
R15={method} {0x000000001447d408} 'run' '()V' in 'java/lang/Thread'


Stack: [0x0000000017170000,0x0000000017270000],  sp=0x000000001726f2b0,  free space=1020k
Native frames: (J=compiled Java code, j=interpreted, Vv=VM code, C=native code)


---------------  P R O C E S S  ---------------

Java Threads: ( => current thread )
=>0x0000000016911800 JavaThread "pool-2-thread-4" [_thread_in_vm, id=3852, stack(0x0000000017170000,0x0000000017270000)]
  0x0000000016904000 JavaThread "pool-2-thread-3" [_thread_blocked, id=11092, stack(0x0000000017070000,0x0000000017170000)]
  0x0000000016808000 JavaThread "pool-2-thread-2" [_thread_blocked, id=9440, stack(0x0000000016f70000,0x0000000017070000)]
  0x00000000167e6000 JavaThread "pool-3-thread-1" [_thread_blocked, id=2028, stack(0x0000000016e70000,0x0000000016f70000)]
  0x00000000167e5000 JavaThread "pool-2-thread-1" [_thread_blocked, id=3684, stack(0x0000000016d70000,0x0000000016e70000)]
  0x0000000016676000 JavaThread "Service Thread" daemon [_thread_blocked, id=2344, stack(0x0000000016b70000,0x0000000016c70000)]
  0x0000000014e4c800 JavaThread "C1 CompilerThread2" daemon [_thread_blocked, id=10368, stack(0x0000000016a70000,0x0000000016b70000)]
  0x0000000014e46000 JavaThread "C2 CompilerThread1" daemon [_thread_blocked, id=7684, stack(0x0000000016570000,0x0000000016670000)]
  0x0000000014ded000 JavaThread "C2 CompilerThread0" daemon [_thread_blocked, id=10768, stack(0x0000000016470000,0x0000000016570000)]
  0x0000000014deb000 JavaThread "Attach Listener" daemon [_thread_blocked, id=5112, stack(0x0000000016370000,0x0000000016470000)]
  0x0000000014dea000 JavaThread "Signal Dispatcher" daemon [_thread_blocked, id=10424, stack(0x0000000016270000,0x0000000016370000)]
  0x000000000261a800 JavaThread "Finalizer" daemon [_thread_blocked, id=6552, stack(0x0000000016060000,0x0000000016160000)]
  0x0000000014db9000 JavaThread "Reference Handler" daemon [_thread_blocked, id=8500, stack(0x0000000015f60000,0x0000000016060000)]
  0x000000000271d800 JavaThread "main" [_thread_blocked, id=5340, stack(0x0000000002380000,0x0000000002480000)]

Other Threads:
  0x0000000014db7800 VMThread [stack: 0x0000000015e60000,0x0000000015f60000] [id=11104]
  0x0000000016689800 WatcherThread [stack: 0x0000000016c70000,0x0000000016d70000] [id=8596]

VM state:synchronizing (normal execution)

VM Mutex/Monitor currently owned by a thread:  ([mutex/lock_event])
[0x000000000271c710] Threads_lock - owner thread: 0x0000000014db7800
[0x000000000271c190] Heap_lock - owner thread: 0x0000000016808000

Heap:
 PSYoungGen      total 38400K, used 7364K [0x00000000eab00000, 0x00000000ed580000, 0x0000000100000000)
  eden space 33280K, 22% used [0x00000000eab00000,0x00000000eb231340,0x00000000ecb80000)
  from space 5120K, 0% used [0x00000000ed080000,0x00000000ed080000,0x00000000ed580000)
  to   space 5120K, 0% used [0x00000000ecb80000,0x00000000ecb80000,0x00000000ed080000)
 ParOldGen       total 87552K, used 0K [0x00000000c0000000, 0x00000000c5580000, 0x00000000eab00000)
  object space 87552K, 0% used [0x00000000c0000000,0x00000000c0000000,0x00000000c5580000)
 Metaspace       used 4347K, capacity 5584K, committed 5760K, reserved 1058816K
  class space    used 483K, capacity 520K, committed 640K, reserved 1048576K

Card table byte_map: [0x0000000011ae0000,0x0000000011cf0000] byte_map_base: 0x00000000114e0000

Marking Bits: (ParMarkBitMap*) 0x000000006a2f64f0
 Begin Bits: [0x0000000012250000, 0x0000000013250000)
 End Bits:   [0x0000000013250000, 0x0000000014250000)

Polling page: 0x0000000000bf0000

CodeCache: size=245760Kb used=1595Kb max_used=1595Kb free=244164Kb
 bounds [0x0000000002720000, 0x0000000002990000, 0x0000000011720000]
 total_blobs=493 nmethods=238 adapters=168
 compilation: enabled

Compilation events (10 events):
Event: 1.426 Thread 0x0000000014e4c800  237       3       com.android.dx.util.Bits::set (19 bytes)
Event: 1.426 Thread 0x0000000014e4c800 nmethod 237 0x00000000028a7e10 code [0x00000000028a7f60, 0x00000000028a80d0]
Event: 1.426 Thread 0x0000000014e4c800  234  s    3       sun.misc.Resource::cachedInputStream (20 bytes)
Event: 1.427 Thread 0x0000000014e4c800 nmethod 234 0x00000000028ab650 code [0x00000000028ab7c0, 0x00000000028abba8]
Event: 1.427 Thread 0x0000000014e4c800  235       3       java.util.jar.JarFile::maybeInstantiateVerifier (96 bytes)
Event: 1.427 Thread 0x0000000014e4c800 nmethod 235 0x00000000028abc50 code [0x00000000028abe80, 0x00000000028acb08]
Event: 1.427 Thread 0x0000000014e4c800  236       3       java.security.CodeSource::getCertificates (98 bytes)
Event: 1.428 Thread 0x0000000014e4c800 nmethod 236 0x00000000028ad150 code [0x00000000028ad380, 0x00000000028adf58]
Event: 1.429 Thread 0x0000000014e4c800  238   !   3       java.lang.ClassLoader::getPackage (118 bytes)
Event: 1.430 Thread 0x0000000014e4c800 nmethod 238 0x00000000028ae390 code [0x00000000028ae560, 0x00000000028af068]

GC Heap History (0 events):
No events

Deoptimization events (0 events):
No events

Internal exceptions (6 events):
Event: 0.048 Thread 0x000000000271d800 Exception <a 'java/lang/NoSuchMethodError': Method sun.misc.Unsafe.defineClass(Ljava/lang/String;[BII)Ljava/lang/Class; name or signature does not match> (0x00000000eab07cc0) thrown at [D:\re\workspace\8-2-build-windows-amd64-cygwin\jdk8u92\6642\hotspot\sr›s˜Êç®?
Event: 0.048 Thread 0x000000000271d800 Exception <a 'java/lang/NoSuchMethodError': Method sun.misc.Unsafe.prefetchRead(Ljava/lang/Object;J)V name or signature does not match> (0x00000000eab07fa8) thrown at [D:\re\workspace\8-2-build-windows-amd64-cygwin\jdk8u92\6642\hotspot\src\share\vm\prims\j7!j˙u€ˆ?
Event: 1.429 Thread 0x00000000167e5000 StackOverflowError at 0x00000000028a6360
Event: 1.429 Thread 0x00000000167e5000 Exception <a 'java/lang/StackOverflowError'> (0x00000000eb193658) thrown at [D:\re\workspace\8-2-build-windows-amd64-cygwin\jdk8u92\6642\hotspot\src\share\vm\runtime\sharedRuntime.cpp, line 605]
Event: 1.429 Thread 0x00000000167e5000 Exception <a 'java/lang/StackOverflowError'> (0x00000000eb193658) thrown at [D:\re\workspace\8-2-build-windows-amd64-cygwin\jdk8u92\6642\hotspot\src\share\vm\prims\jvm.cpp, line 1390]
Event: 1.429 Thread 0x00000000167e5000 Exception <a 'java/lang/StackOverflowError'> (0x00000000eb193658) thrown at [D:\re\workspace\8-2-build-windows-amd64-cygwin\jdk8u92\6642\hotspot\src\share\vm\prims\jvm.cpp, line 1390]

Events (10 events):
Event: 1.430 loading class com/android/dx/rop/code/LocalItem done
Event: 1.431 loading class com/android/dx/rop/code/RegisterSpec
Event: 1.431 loading class com/android/dx/rop/code/RegisterSpec done
Event: 1.432 loading class com/android/dx/rop/code/RegisterSpec$ForComparison
Event: 1.432 loading class com/android/dx/rop/code/RegisterSpec$ForComparison done
Event: 1.432 loading class com/android/dx/rop/code/Rops
Event: 1.432 loading class com/android/dx/rop/code/Rops done
Event: 1.435 loading class com/android/dx/rop/code/Rop
Event: 1.435 loading class com/android/dx/rop/code/Rop done
Event: 1.435 Executing VM operation: CollectForMetadataAllocation


Dynamic libraries:
0x00007ff684d40000 - 0x00007ff684d77000 	C:\Program Files\Java\jdk1.8.0_92\bin\java.exe
0x00007ffcdb7e0000 - 0x00007ffcdb98d000 	C:\Windows\SYSTEM32\ntdll.dll
0x00007ffcdb4d0000 - 0x00007ffcdb60e000 	C:\Windows\system32\KERNEL32.DLL
0x00007ffcd8b60000 - 0x00007ffcd8c75000 	C:\Windows\system32\KERNELBASE.dll
0x00007ffcd74c0000 - 0x00007ffcd754e000 	C:\Windows\system32\apphelp.dll
0x00007ffca76d0000 - 0x00007ffca7723000 	C:\Windows\AppPatch\AppPatch64\AcGenral.DLL
0x00007ffcdb730000 - 0x00007ffcdb7da000 	C:\Windows\system32\msvcrt.dll
0x00007ffcd8b30000 - 0x00007ffcd8b5e000 	C:\Windows\system32\SspiCli.dll
0x00007ffcdb6d0000 - 0x00007ffcdb724000 	C:\Windows\system32\SHLWAPI.dll
0x00007ffcd9570000 - 0x00007ffcd96e7000 	C:\Windows\system32\USER32.dll
0x00007ffcd9750000 - 0x00007ffcd98e4000 	C:\Windows\system32\ole32.dll
0x00007ffcd9a10000 - 0x00007ffcdaf38000 	C:\Windows\system32\SHELL32.dll
0x00007ffcd7ec0000 - 0x00007ffcd7ee1000 	C:\Windows\SYSTEM32\USERENV.dll
0x00007ffcd98f0000 - 0x00007ffcd999a000 	C:\Windows\system32\ADVAPI32.dll
0x00007ffcd5b90000 - 0x00007ffcd5bae000 	C:\Windows\SYSTEM32\MPR.dll
0x00007ffcdb390000 - 0x00007ffcdb4d0000 	C:\Windows\system32\RPCRT4.dll
0x00007ffcd96f0000 - 0x00007ffcd9749000 	C:\Windows\SYSTEM32\sechost.dll
0x00007ffcdb150000 - 0x00007ffcdb362000 	C:\Windows\SYSTEM32\combase.dll
0x00007ffcdb000000 - 0x00007ffcdb14f000 	C:\Windows\system32\GDI32.dll
0x00007ffcd8900000 - 0x00007ffcd8915000 	C:\Windows\SYSTEM32\profapi.dll
0x00007ffcd6cd0000 - 0x00007ffcd6d82000 	C:\Windows\SYSTEM32\SHCORE.dll
0x00007ffcd9180000 - 0x00007ffcd91b6000 	C:\Windows\system32\IMM32.DLL
0x00007ffcd8e60000 - 0x00007ffcd8fb2000 	C:\Windows\system32\MSCTF.dll
0x00007ffcd6610000 - 0x00007ffcd688b000 	C:\Windows\WinSxS\amd64_microsoft.windows.common-controls_6595b64144ccf1df_6.0.9600.18006_none_623f33d3ecbe86e8\COMCTL32.dll
0x000000006a380000 - 0x000000006a452000 	C:\Program Files\Java\jdk1.8.0_92\jre\bin\msvcr100.dll
0x0000000069ae0000 - 0x000000006a376000 	C:\Program Files\Java\jdk1.8.0_92\jre\bin\server\jvm.dll
0x00007ffcce8c0000 - 0x00007ffcce8c9000 	C:\Windows\SYSTEM32\WSOCK32.dll
0x00007ffcd05b0000 - 0x00007ffcd05d2000 	C:\Windows\SYSTEM32\WINMM.dll
0x00007ffccf0f0000 - 0x00007ffccf0fa000 	C:\Windows\SYSTEM32\VERSION.dll
0x00007ffcd92a0000 - 0x00007ffcd92a7000 	C:\Windows\system32\PSAPI.DLL
0x00007ffcd9230000 - 0x00007ffcd928a000 	C:\Windows\system32\WS2_32.dll
0x00007ffcd0580000 - 0x00007ffcd05aa000 	C:\Windows\SYSTEM32\WINMMBASE.dll
0x00007ffcd9560000 - 0x00007ffcd9569000 	C:\Windows\system32\NSI.dll
0x00007ffcd8a80000 - 0x00007ffcd8acf000 	C:\Windows\SYSTEM32\cfgmgr32.dll
0x00007ffcd7720000 - 0x00007ffcd7748000 	C:\Windows\SYSTEM32\DEVOBJ.dll
0x0000000069ad0000 - 0x0000000069adf000 	C:\Program Files\Java\jdk1.8.0_92\jre\bin\verify.dll
0x0000000069aa0000 - 0x0000000069ac9000 	C:\Program Files\Java\jdk1.8.0_92\jre\bin\java.dll
0x0000000069a80000 - 0x0000000069a96000 	C:\Program Files\Java\jdk1.8.0_92\jre\bin\zip.dll
0x00007ffcd6220000 - 0x00007ffcd63a9000 	C:\Windows\SYSTEM32\dbghelp.dll

VM Arguments:
jvm_args: -Djava.awt.headless=true -Xmx1024M -Dfile.encoding=windows-1252 -Duser.country=DE -Duser.language=de -Duser.variant 
java_command: com.android.dx.command.Main --dex --force-jumbo --num-threads=4 --multi-dex --output D:\Projects\Me4d\app_repo\Data4All-1.3\app\build\intermediates\transforms\dex\debug\folders\1000\5\slice_7 D:\Projects\Me4d\app_repo\Data4All-1.3\app\build\intermediates\transforms\instantRunSlicer\debug\folders\1\5\slice_7
java_class_path (initial): E:\android\sdk\build-tools\23.0.3\lib\dx.jar
Launcher Type: SUN_STANDARD

Environment Variables:
JAVA_HOME=C:\Program Files\Java\jdk1.8.0_92\
PATH=C:\Program Files (x86)\NVIDIA Corporation\PhysX\Common;C:\ProgramData\Oracle\Java\javapath;C:\Windows\system32;C:\Windows;C:\Windows\System32\Wbem;C:\Windows\System32\WindowsPowerShell\v1.0\;C:\Program Files (x86)\ATI Technologies\ATI.ACE\Core-Static;C:\Program Files\Intel\WiFi\bin\;C:\Program Files\Common Files\Intel\WirelessCommon\;C:\Program Files (x86)\nodejs\;C:\Program Files (x86)\GtkSharp\2.12\bin;C:\Program Files\Java\jdk1.8.0_92\bin;C:\Program Files (x86)\Java\jre7\bin;C:\Users\len\AppData\Local\Programs\Git\cmd;C:\Users\len\AppData\Roaming\npm;C:\adb;C:\Program Files\Git\cmd;E:\android\sdk\tools;E:\android\sdk\platform-tools\;C:\Program Files\Microsoft SQL Server\120\Tools\Binn\;C:\Program Files\Microsoft SQL Server\130\Tools\Binn\;%OPENCV_DIR%\bin;C:\Program Files\MiKTeX 2.9\miktex\bin\x64\;C:\Program Files (x86)\Skype\Phone\;C:\Program Files\TortoiseGit\bin;C:\Program Files\Java\jdk1.8.0_92\apache-maven-3.5.0\bin;C:\Program Files\Intel\WiFi\bin\;C:\Program Files\Common Files\Intel\WirelessCommon\;C:\Program Files (x86)\Java\jre7\bin;C:\Users\len\AppData\Local\Programs\Git\cmd;C:\Users\len\AppData\Roaming\npm;C:\Program Files\Java\jdk1.8.0_92\apache-maven-3.5.0\bin
USERNAME=len
OS=Windows_NT
PROCESSOR_IDENTIFIER=Intel64 Family 6 Model 61 Stepping 4, GenuineIntel



---------------  S Y S T E M  ---------------

OS: Windows 8.1 , 64 bit Build 9600 (6.3.9600.17415)

CPU:total 4 (2 cores per cpu, 2 threads per core) family 6 model 61 stepping 4, cmov, cx8, fxsr, mmx, sse, sse2, sse3, ssse3, sse4.1, sse4.2, popcnt, avx, avx2, aes, clmul, erms, 3dnowpref, lzcnt, ht, tsc, tscinvbit, bmi1, bmi2, adx

Memory: 4k page, physical 8306224k(1470568k free), swap 11451952k(246628k free)

vm_info: Java HotSpot(TM) 64-Bit Server VM (25.92-b14) for windows-amd64 JRE (1.8.0_92-b14), built on Mar 31 2016 21:03:04 by "java_re" with MS VC++ 10.0 (VS2010)

time: Wed May 17 13:06:49 2017
elapsed time: 1 seconds (0d 0h 0m 1s)

